<?xml version="1.0" encoding="UTF-8"?>
<robot generator="Robot 3.1.2 (Python 3.7.4 on win32)" generated="20200131 19:02:11.222" rpa="false">
<suite id="s1" name="Create Sales Visit All" source="C:\Users\ruela\Documents\robotScripts\AISCRM\create_sales_visit\create_sales_visit_all.robot">
<kw name="Open Chrome Browser" library="web_common" type="setup">
<doc>Open the Chrome Browser with maximize view, no infobars notification and no pop-ups.</doc>
<kw name="Evaluate" library="BuiltIn">
<doc>Evaluates the given expression in Python and returns the results.</doc>
<arguments>
<arg>sys.modules['selenium.webdriver'].ChromeOptions()</arg>
<arg>sys, selenium.webdriver</arg>
</arguments>
<assign>
<var>${chrome_options}</var>
</assign>
<msg timestamp="20200131 19:02:11.443" level="INFO">${chrome_options} = &lt;selenium.webdriver.chrome.options.Options object at 0x03AA13B0&gt;</msg>
<status status="PASS" starttime="20200131 19:02:11.443" endtime="20200131 19:02:11.443"></status>
</kw>
<kw name="Create Dictionary" library="BuiltIn">
<doc>Creates and returns a dictionary based on the given ``items``.</doc>
<arguments>
<arg>credentials_enable_service=${false}</arg>
</arguments>
<assign>
<var>${prefs}</var>
</assign>
<msg timestamp="20200131 19:02:11.444" level="INFO">${prefs} = {'credentials_enable_service': False}</msg>
<status status="PASS" starttime="20200131 19:02:11.443" endtime="20200131 19:02:11.444"></status>
</kw>
<kw name="Call Method" library="BuiltIn">
<doc>Calls the named method of the given object with the provided arguments.</doc>
<arguments>
<arg>${chrome_options}</arg>
<arg>add_experimental_option</arg>
<arg>prefs</arg>
<arg>${prefs}</arg>
</arguments>
<status status="PASS" starttime="20200131 19:02:11.444" endtime="20200131 19:02:11.444"></status>
</kw>
<kw name="Call Method" library="BuiltIn">
<doc>Calls the named method of the given object with the provided arguments.</doc>
<arguments>
<arg>${chrome_options}</arg>
<arg>add_argument</arg>
<arg>--start-maximized</arg>
</arguments>
<status status="PASS" starttime="20200131 19:02:11.444" endtime="20200131 19:02:11.444"></status>
</kw>
<kw name="Call Method" library="BuiltIn">
<doc>Calls the named method of the given object with the provided arguments.</doc>
<arguments>
<arg>${chrome_options}</arg>
<arg>add_argument</arg>
<arg>--disable-popup-blocking</arg>
</arguments>
<status status="PASS" starttime="20200131 19:02:11.445" endtime="20200131 19:02:11.445"></status>
</kw>
<kw name="Create Webdriver" library="SeleniumLibrary">
<doc>Creates an instance of Selenium WebDriver.</doc>
<arguments>
<arg>Chrome</arg>
<arg>chrome_options=${chrome_options}</arg>
</arguments>
<msg timestamp="20200131 19:02:11.445" level="INFO">Creating an instance of the Chrome WebDriver.</msg>
<status status="PASS" starttime="20200131 19:02:11.445" endtime="20200131 19:02:16.465"></status>
</kw>
<status status="PASS" starttime="20200131 19:02:11.442" endtime="20200131 19:02:16.465"></status>
</kw>
<test id="s1-t1" name="AIS-CRM Website">
<kw name="Launch Web System" library="misc_resources">
<doc>Url of the web application</doc>
<arguments>
<arg>${URL}</arg>
</arguments>
<kw name="Go To" library="SeleniumLibrary">
<doc>Navigates the current browser window to the provided ``url``.</doc>
<arguments>
<arg>${link}</arg>
</arguments>
<msg timestamp="20200131 19:02:16.466" level="INFO">Opening url 'http://192.168.0.24/aistcrm_uat/index.php?action=Login&amp;module=Users'</msg>
<status status="PASS" starttime="20200131 19:02:16.466" endtime="20200131 19:02:16.806"></status>
</kw>
<kw name="Verify Title Page" library="misc_resources">
<doc>Verify the title of the page after the login with username successfully entered.</doc>
<kw name="Get Title" library="SeleniumLibrary">
<doc>Returns the title of the current page.</doc>
<status status="PASS" starttime="20200131 19:02:16.807" endtime="20200131 19:02:16.813"></status>
</kw>
<kw name="Title Should Be" library="SeleniumLibrary">
<doc>Verifies that the current page title equals ``title``.</doc>
<arguments>
<arg>MOAI-CRM - The Premium CRM Solution</arg>
</arguments>
<msg timestamp="20200131 19:02:16.819" level="INFO">Page title is 'MOAI-CRM - The Premium CRM Solution'.</msg>
<status status="PASS" starttime="20200131 19:02:16.813" endtime="20200131 19:02:16.819"></status>
</kw>
<kw name="Log" library="BuiltIn">
<doc>Logs the given message with the given level.</doc>
<arguments>
<arg>Get Title</arg>
</arguments>
<msg timestamp="20200131 19:02:16.820" level="INFO">Get Title</msg>
<status status="PASS" starttime="20200131 19:02:16.820" endtime="20200131 19:02:16.820"></status>
</kw>
<status status="PASS" starttime="20200131 19:02:16.806" endtime="20200131 19:02:16.820"></status>
</kw>
<status status="PASS" starttime="20200131 19:02:16.466" endtime="20200131 19:02:16.820"></status>
</kw>
<tags>
<tag>AIS-CRM SITE</tag>
</tags>
<status status="PASS" starttime="20200131 19:02:16.466" endtime="20200131 19:02:16.820" critical="yes"></status>
</test>
<test id="s1-t2" name="Log-In User with Valid Username And Password">
<kw name="Input Username" library="misc_resources">
<doc>This is the email username input text function.</doc>
<arguments>
<arg>${USER}</arg>
</arguments>
<kw name="Wait Until Element Is Visible" library="SeleniumLibrary">
<doc>Waits until the element ``locator`` is visible.</doc>
<arguments>
<arg>${USERNAME_LOCATOR}</arg>
</arguments>
<status status="PASS" starttime="20200131 19:02:16.822" endtime="20200131 19:02:16.848"></status>
</kw>
<kw name="Input Text" library="SeleniumLibrary">
<doc>Types the given ``text`` into the text field identified by ``locator``.</doc>
<arguments>
<arg>${USERNAME_LOCATOR}</arg>
<arg>${user_name}</arg>
<arg>clear=True</arg>
</arguments>
<msg timestamp="20200131 19:02:16.848" level="INFO">Typing text 'ruel.arb' into text field 'name:user_name'.</msg>
<status status="PASS" starttime="20200131 19:02:16.848" endtime="20200131 19:02:16.917"></status>
</kw>
<status status="PASS" starttime="20200131 19:02:16.821" endtime="20200131 19:02:16.917"></status>
</kw>
<kw name="Input User's Password" library="misc_resources">
<doc>This is the email password input text function.</doc>
<arguments>
<arg>${PASS}</arg>
</arguments>
<kw name="Wait Until Element Is Visible" library="SeleniumLibrary">
<doc>Waits until the element ``locator`` is visible.</doc>
<arguments>
<arg>${PASSWORD_LOCATOR}</arg>
</arguments>
<status status="PASS" starttime="20200131 19:02:16.918" endtime="20200131 19:02:16.943"></status>
</kw>
<kw name="Input Password" library="SeleniumLibrary">
<doc>Types the given password into the text field identified by ``locator``.</doc>
<arguments>
<arg>${PASSWORD_LOCATOR}</arg>
<arg>${user_pass}</arg>
<arg>clear=True</arg>
</arguments>
<msg timestamp="20200131 19:02:16.943" level="INFO">Typing password into text field 'name:user_password'.</msg>
<status status="PASS" starttime="20200131 19:02:16.943" endtime="20200131 19:02:17.008"></status>
</kw>
<status status="PASS" starttime="20200131 19:02:16.918" endtime="20200131 19:02:17.008"></status>
</kw>
<kw name="Click Login button" library="misc_resources">
<doc>This is Sign In function from the system.</doc>
<kw name="Wait Until Element Is Visible" library="SeleniumLibrary">
<doc>Waits until the element ``locator`` is visible.</doc>
<arguments>
<arg>${SIGNIN_LOCATOR}</arg>
</arguments>
<status status="PASS" starttime="20200131 19:02:17.009" endtime="20200131 19:02:17.029"></status>
</kw>
<kw name="Click Element" library="SeleniumLibrary">
<doc>Click the element identified by ``locator``.</doc>
<arguments>
<arg>${SIGNIN_LOCATOR}</arg>
</arguments>
<msg timestamp="20200131 19:02:17.030" level="INFO">Clicking element '//input[@value="Sign In"]'.</msg>
<status status="PASS" starttime="20200131 19:02:17.030" endtime="20200131 19:02:22.579"></status>
</kw>
<status status="PASS" starttime="20200131 19:02:17.008" endtime="20200131 19:02:22.579"></status>
</kw>
<tags>
<tag>User credentials</tag>
</tags>
<status status="PASS" starttime="20200131 19:02:16.821" endtime="20200131 19:02:22.579" critical="yes"></status>
</test>
<test id="s1-t3" name="Sales Visit">
<kw name="Select Menu" library="misc_resources">
<doc>Select Menu Header like Sales, Customer Service, Inventory</doc>
<arguments>
<arg>${HEADER_MENU_STRING}</arg>
</arguments>
<kw name="Wait Until Element Is Visible" library="SeleniumLibrary">
<doc>Waits until the element ``locator`` is visible.</doc>
<arguments>
<arg>//td[@class="tabUnSelected"]/a[contains(text(), '${menu}')]</arg>
</arguments>
<status status="PASS" starttime="20200131 19:02:22.582" endtime="20200131 19:02:22.602"></status>
</kw>
<kw name="Click Link" library="SeleniumLibrary">
<doc>Clicks a link identified by ``locator``.</doc>
<arguments>
<arg>//td[@class="tabUnSelected"]/a[contains(text(), '${menu}')]</arg>
</arguments>
<msg timestamp="20200131 19:02:22.602" level="INFO">Clicking link '//td[@class="tabUnSelected"]/a[contains(text(), 'Sales')]'.</msg>
<status status="PASS" starttime="20200131 19:02:22.602" endtime="20200131 19:02:23.517"></status>
</kw>
<status status="PASS" starttime="20200131 19:02:22.580" endtime="20200131 19:02:23.517"></status>
</kw>
<status status="PASS" starttime="20200131 19:02:22.580" endtime="20200131 19:02:23.517" critical="yes"></status>
</test>
<test id="s1-t4" name="Running">
<kw name="Perform Create Sales Visit All Informations" library="create_sales_visit_resource">
<doc>This function is to call the csv file and distribute the contents.</doc>
<arguments>
<arg>ALL</arg>
<arg>C:\\Users\\ruela\\Documents\\robotScripts\\AISCRM\\create_sales_visit${/}../resources/sales_visit2.csv</arg>
</arguments>
<kw name="Get File" library="OperatingSystem">
<doc>Returns the contents of a specified file.</doc>
<arguments>
<arg>${csv}</arg>
</arguments>
<assign>
<var>${contents}</var>
</assign>
<msg timestamp="20200131 19:02:23.518" level="INFO" html="yes">Getting file '&lt;a href="file://C:\Users\ruela\Documents\robotScripts\AISCRM\resources\sales_visit2.csv"&gt;C:\Users\ruela\Documents\robotScripts\AISCRM\resources\sales_visit2.csv&lt;/a&gt;'.</msg>
<msg timestamp="20200131 19:02:23.519" level="INFO">${contents} = ﻿Schedule|Objective|Date |Status|Account|Contact|Project|start_time|end_time|plan|email|mobile|phone|department|position|comment|report|remaining|competitors|remark|lead_no|lead_name|image
Day|Mainten...</msg>
<status status="PASS" starttime="20200131 19:02:23.518" endtime="20200131 19:02:23.519"></status>
</kw>
<kw name="Split To Lines" library="String">
<doc>Splits the given string to lines.</doc>
<arguments>
<arg>${contents}</arg>
<arg>1</arg>
</arguments>
<assign>
<var>@{lines}</var>
</assign>
<msg timestamp="20200131 19:02:23.520" level="INFO">6 lines returned</msg>
<msg timestamp="20200131 19:02:23.520" level="INFO">@{lines} = [ Day|Maintenance Service|23/02/2020|Cancel|Asia Biomass Co.,Ltd.|คุณวุฒิพงศ์ -|ABMC|18:35|23:59|Asia Biomass Co.|it@asiabiomass.com|02-415-0054|02-415-0054|Asia Biomass Co.|Asia Biomass Co.|Asia Biom...</msg>
<status status="PASS" starttime="20200131 19:02:23.519" endtime="20200131 19:02:23.520"></status>
</kw>
<kw name="${line} IN [ @{lines} ]" type="for">
<kw name="${line} = Day|Maintenance Service|23/02/2020|Cancel|Asia Biomass Co.,Ltd.|คุณวุฒิพงศ์ -|ABMC|18:35|23:59|Asia Biomass Co.|it@asiabiomass.com|02-415-0054|02-415-0054|Asia Biomass Co.|Asia Biomass Co.|Asia Biomas..." type="foritem">
<kw name="Split String" library="String">
<doc>Splits the ``string`` using ``separator`` as a delimiter string.</doc>
<arguments>
<arg>${line}</arg>
<arg>|</arg>
</arguments>
<assign>
<var>@{bm}</var>
</assign>
<msg timestamp="20200131 19:02:23.521" level="INFO">@{bm} = [ Day | Maintenance Service | 23/02/2020 | Cancel | Asia Biomass Co.,Ltd. | คุณวุฒิพงศ์ - | ABMC | 18:35 | 23:59 | Asia Biomass Co. | it@asiabiomass.com | 02-415-0054 | 02-415-0054 | Asia Biomass Co. ...</msg>
<status status="PASS" starttime="20200131 19:02:23.521" endtime="20200131 19:02:23.521"></status>
</kw>
<kw name="Set Variable" library="BuiltIn">
<doc>Returns the given values which can then be assigned to a variables.</doc>
<arguments>
<arg>@{bm}[0]</arg>
</arguments>
<assign>
<var>${schedule}</var>
</assign>
<msg timestamp="20200131 19:02:23.521" level="INFO">${schedule} = Day</msg>
<status status="PASS" starttime="20200131 19:02:23.521" endtime="20200131 19:02:23.521"></status>
</kw>
<kw name="Set Variable" library="BuiltIn">
<doc>Returns the given values which can then be assigned to a variables.</doc>
<arguments>
<arg>@{bm}[1]</arg>
</arguments>
<assign>
<var>${objective}</var>
</assign>
<msg timestamp="20200131 19:02:23.522" level="INFO">${objective} = Maintenance Service</msg>
<status status="PASS" starttime="20200131 19:02:23.521" endtime="20200131 19:02:23.522"></status>
</kw>
<kw name="Set Variable" library="BuiltIn">
<doc>Returns the given values which can then be assigned to a variables.</doc>
<arguments>
<arg>@{bm}[2]</arg>
</arguments>
<assign>
<var>${start_date}</var>
</assign>
<msg timestamp="20200131 19:02:23.522" level="INFO">${start_date} = 23/02/2020</msg>
<status status="PASS" starttime="20200131 19:02:23.522" endtime="20200131 19:02:23.522"></status>
</kw>
<kw name="Set Variable" library="BuiltIn">
<doc>Returns the given values which can then be assigned to a variables.</doc>
<arguments>
<arg>@{bm}[3]</arg>
</arguments>
<assign>
<var>${status}</var>
</assign>
<msg timestamp="20200131 19:02:23.524" level="INFO">${status} = Cancel</msg>
<status status="PASS" starttime="20200131 19:02:23.522" endtime="20200131 19:02:23.524"></status>
</kw>
<kw name="Set Variable" library="BuiltIn">
<doc>Returns the given values which can then be assigned to a variables.</doc>
<arguments>
<arg>@{bm}[4]</arg>
</arguments>
<assign>
<var>${account}</var>
</assign>
<msg timestamp="20200131 19:02:23.524" level="INFO">${account} = Asia Biomass Co.,Ltd.</msg>
<status status="PASS" starttime="20200131 19:02:23.524" endtime="20200131 19:02:23.524"></status>
</kw>
<kw name="Set Variable" library="BuiltIn">
<doc>Returns the given values which can then be assigned to a variables.</doc>
<arguments>
<arg>@{bm}[5]</arg>
</arguments>
<assign>
<var>${contact_name}</var>
</assign>
<msg timestamp="20200131 19:02:23.525" level="INFO">${contact_name} = คุณวุฒิพงศ์ -</msg>
<status status="PASS" starttime="20200131 19:02:23.525" endtime="20200131 19:02:23.525"></status>
</kw>
<kw name="Set Variable" library="BuiltIn">
<doc>Returns the given values which can then be assigned to a variables.</doc>
<arguments>
<arg>@{bm}[6]</arg>
</arguments>
<assign>
<var>${project_name}</var>
</assign>
<msg timestamp="20200131 19:02:23.525" level="INFO">${project_name} = ABMC</msg>
<status status="PASS" starttime="20200131 19:02:23.525" endtime="20200131 19:02:23.525"></status>
</kw>
<kw name="Set Variable" library="BuiltIn">
<doc>Returns the given values which can then be assigned to a variables.</doc>
<arguments>
<arg>@{bm}[7]</arg>
</arguments>
<assign>
<var>${time_start}</var>
</assign>
<msg timestamp="20200131 19:02:23.526" level="INFO">${time_start} = 18:35</msg>
<status status="PASS" starttime="20200131 19:02:23.525" endtime="20200131 19:02:23.526"></status>
</kw>
<kw name="Set Variable" library="BuiltIn">
<doc>Returns the given values which can then be assigned to a variables.</doc>
<arguments>
<arg>@{bm}[8]</arg>
</arguments>
<assign>
<var>${end_time}</var>
</assign>
<msg timestamp="20200131 19:02:23.526" level="INFO">${end_time} = 23:59</msg>
<status status="PASS" starttime="20200131 19:02:23.526" endtime="20200131 19:02:23.526"></status>
</kw>
<kw name="Set Variable" library="BuiltIn">
<doc>Returns the given values which can then be assigned to a variables.</doc>
<arguments>
<arg>@{bm}[9]</arg>
</arguments>
<assign>
<var>${plan}</var>
</assign>
<msg timestamp="20200131 19:02:23.526" level="INFO">${plan} = Asia Biomass Co.</msg>
<status status="PASS" starttime="20200131 19:02:23.526" endtime="20200131 19:02:23.526"></status>
</kw>
<kw name="Set Variable" library="BuiltIn">
<doc>Returns the given values which can then be assigned to a variables.</doc>
<arguments>
<arg>@{bm}[10]</arg>
</arguments>
<assign>
<var>${email}</var>
</assign>
<msg timestamp="20200131 19:02:23.527" level="INFO">${email} = it@asiabiomass.com</msg>
<status status="PASS" starttime="20200131 19:02:23.527" endtime="20200131 19:02:23.527"></status>
</kw>
<kw name="Set Variable" library="BuiltIn">
<doc>Returns the given values which can then be assigned to a variables.</doc>
<arguments>
<arg>@{bm}[11]</arg>
</arguments>
<assign>
<var>${mobile}</var>
</assign>
<msg timestamp="20200131 19:02:23.527" level="INFO">${mobile} = 02-415-0054</msg>
<status status="PASS" starttime="20200131 19:02:23.527" endtime="20200131 19:02:23.527"></status>
</kw>
<kw name="Set Variable" library="BuiltIn">
<doc>Returns the given values which can then be assigned to a variables.</doc>
<arguments>
<arg>@{bm}[12]</arg>
</arguments>
<assign>
<var>${phone}</var>
</assign>
<msg timestamp="20200131 19:02:23.528" level="INFO">${phone} = 02-415-0054</msg>
<status status="PASS" starttime="20200131 19:02:23.527" endtime="20200131 19:02:23.528"></status>
</kw>
<kw name="Set Variable" library="BuiltIn">
<doc>Returns the given values which can then be assigned to a variables.</doc>
<arguments>
<arg>@{bm}[13]</arg>
</arguments>
<assign>
<var>${department}</var>
</assign>
<msg timestamp="20200131 19:02:23.528" level="INFO">${department} = Asia Biomass Co.</msg>
<status status="PASS" starttime="20200131 19:02:23.528" endtime="20200131 19:02:23.528"></status>
</kw>
<kw name="Set Variable" library="BuiltIn">
<doc>Returns the given values which can then be assigned to a variables.</doc>
<arguments>
<arg>@{bm}[14]</arg>
</arguments>
<assign>
<var>${position}</var>
</assign>
<msg timestamp="20200131 19:02:23.528" level="INFO">${position} = Asia Biomass Co.</msg>
<status status="PASS" starttime="20200131 19:02:23.528" endtime="20200131 19:02:23.528"></status>
</kw>
<kw name="Set Variable" library="BuiltIn">
<doc>Returns the given values which can then be assigned to a variables.</doc>
<arguments>
<arg>@{bm}[15]</arg>
</arguments>
<assign>
<var>${comment}</var>
</assign>
<msg timestamp="20200131 19:02:23.529" level="INFO">${comment} = Asia Biomass Co.</msg>
<status status="PASS" starttime="20200131 19:02:23.528" endtime="20200131 19:02:23.529"></status>
</kw>
<kw name="Set Variable" library="BuiltIn">
<doc>Returns the given values which can then be assigned to a variables.</doc>
<arguments>
<arg>@{bm}[16]</arg>
</arguments>
<assign>
<var>${report}</var>
</assign>
<msg timestamp="20200131 19:02:23.529" level="INFO">${report} = Asia Biomass Co.</msg>
<status status="PASS" starttime="20200131 19:02:23.529" endtime="20200131 19:02:23.529"></status>
</kw>
<kw name="Set Variable" library="BuiltIn">
<doc>Returns the given values which can then be assigned to a variables.</doc>
<arguments>
<arg>@{bm}[17]</arg>
</arguments>
<assign>
<var>${remaining}</var>
</assign>
<msg timestamp="20200131 19:02:23.529" level="INFO">${remaining} = Asia Biomass Co.</msg>
<status status="PASS" starttime="20200131 19:02:23.529" endtime="20200131 19:02:23.529"></status>
</kw>
<kw name="Set Variable" library="BuiltIn">
<doc>Returns the given values which can then be assigned to a variables.</doc>
<arguments>
<arg>@{bm}[18]</arg>
</arguments>
<assign>
<var>${competitor}</var>
</assign>
<msg timestamp="20200131 19:02:23.530" level="INFO">${competitor} = Asia Biomass Co.</msg>
<status status="PASS" starttime="20200131 19:02:23.530" endtime="20200131 19:02:23.530"></status>
</kw>
<kw name="Set Variable" library="BuiltIn">
<doc>Returns the given values which can then be assigned to a variables.</doc>
<arguments>
<arg>@{bm}[19]</arg>
</arguments>
<assign>
<var>${remark}</var>
</assign>
<msg timestamp="20200131 19:02:23.530" level="INFO">${remark} = Asia Biomass Co.</msg>
<status status="PASS" starttime="20200131 19:02:23.530" endtime="20200131 19:02:23.530"></status>
</kw>
<kw name="Set Variable" library="BuiltIn">
<doc>Returns the given values which can then be assigned to a variables.</doc>
<arguments>
<arg>@{bm}[20]</arg>
</arguments>
<assign>
<var>${lead_no}</var>
</assign>
<msg timestamp="20200131 19:02:23.530" level="INFO">${lead_no} = LEA62-0001</msg>
<status status="PASS" starttime="20200131 19:02:23.530" endtime="20200131 19:02:23.530"></status>
</kw>
<kw name="Set Variable" library="BuiltIn">
<doc>Returns the given values which can then be assigned to a variables.</doc>
<arguments>
<arg>@{bm}[21]</arg>
</arguments>
<assign>
<var>${lead_name}</var>
</assign>
<msg timestamp="20200131 19:02:23.531" level="INFO">${lead_name} = วุฒิพงศ์ มีจำรัส</msg>
<status status="PASS" starttime="20200131 19:02:23.530" endtime="20200131 19:02:23.531"></status>
</kw>
<kw name="Set Variable" library="BuiltIn">
<doc>Returns the given values which can then be assigned to a variables.</doc>
<arguments>
<arg>@{bm}[22]</arg>
</arguments>
<assign>
<var>${image}</var>
</assign>
<msg timestamp="20200131 19:02:23.531" level="INFO">${image} = BMP.bmp</msg>
<status status="PASS" starttime="20200131 19:02:23.531" endtime="20200131 19:02:23.531"></status>
</kw>
<kw name="Run Keyword If" library="BuiltIn">
<doc>Runs the given keyword with the given arguments, if ``condition`` is true.</doc>
<arguments>
<arg>'${data}'=='ALL'</arg>
<arg>Navigate Creating Sales Visit All</arg>
<arg>${schedule}</arg>
<arg>${objective}</arg>
<arg>${start_date}</arg>
<arg>${status}</arg>
<arg>${account}</arg>
<arg>${contact_name}</arg>
<arg>${project_name}</arg>
<arg>${end_time}</arg>
<arg>${time_start}</arg>
<arg>${department}</arg>
<arg>${position}</arg>
<arg>${email}</arg>
<arg>${plan}</arg>
<arg>${comment}</arg>
<arg>${report}</arg>
<arg>${remaining}</arg>
<arg>${remark}</arg>
<arg>${competitor}</arg>
<arg>${lead_no}</arg>
<arg>${lead_name}</arg>
<arg>${mobile}</arg>
<arg>${phone}</arg>
<arg>${image}</arg>
</arguments>
<kw name="Navigate Creating Sales Visit All" library="create_sales_visit_resource">
<doc>All functions</doc>
<arguments>
<arg>${schedule}</arg>
<arg>${objective}</arg>
<arg>${start_date}</arg>
<arg>${status}</arg>
<arg>${account}</arg>
<arg>${contact_name}</arg>
<arg>${project_name}</arg>
<arg>${end_time}</arg>
<arg>${time_start}</arg>
<arg>${department}</arg>
<arg>${position}</arg>
<arg>${email}</arg>
<arg>${plan}</arg>
<arg>${comment}</arg>
<arg>${report}</arg>
<arg>${remaining}</arg>
<arg>${remark}</arg>
<arg>${competitor}</arg>
<arg>${lead_no}</arg>
<arg>${lead_name}</arg>
<arg>${mobile}</arg>
<arg>${phone}</arg>
<arg>${image}</arg>
</arguments>
<kw name="Select Dropdown Option From Menu" library="misc_resources">
<doc>Select Dropdown options from menu like sales visit, account,contacts, case.etc</doc>
<arguments>
<arg>${SALES_VISIT_STRING}</arg>
</arguments>
<kw name="Wait Until Element Is Visible" library="SeleniumLibrary">
<doc>Waits until the element ``locator`` is visible.</doc>
<arguments>
<arg>//a[contains(text(), '${select}')]</arg>
</arguments>
<status status="PASS" starttime="20200131 19:02:23.533" endtime="20200131 19:02:23.565"></status>
</kw>
<kw name="Click Link" library="SeleniumLibrary">
<doc>Clicks a link identified by ``locator``.</doc>
<arguments>
<arg>//a[contains(text(), '${select}')]</arg>
</arguments>
<msg timestamp="20200131 19:02:23.566" level="INFO">Clicking link '//a[contains(text(), 'Sales Visit')]'.</msg>
<status status="PASS" starttime="20200131 19:02:23.565" endtime="20200131 19:02:24.091"></status>
</kw>
<kw name="Sleep" library="BuiltIn">
<doc>Pauses the test executed for the given time.</doc>
<arguments>
<arg>5</arg>
</arguments>
<msg timestamp="20200131 19:02:29.091" level="INFO">Slept 5 seconds</msg>
<status status="PASS" starttime="20200131 19:02:24.091" endtime="20200131 19:02:29.091"></status>
</kw>
<status status="PASS" starttime="20200131 19:02:23.533" endtime="20200131 19:02:29.091"></status>
</kw>
<kw name="Select Sales Visit Schedule Tab" library="create_sales_visit_resource">
<arguments>
<arg>${schedule}</arg>
</arguments>
<kw name="Run Keyword And Return Status" library="BuiltIn">
<doc>Runs the given keyword with given arguments and returns the status as a Boolean value.</doc>
<arguments>
<arg>Wait Until Element Is Visible</arg>
<arg>//td/a[contains(text(), '${schedule}')]</arg>
</arguments>
<assign>
<var>${selected}</var>
</assign>
<kw name="Wait Until Element Is Visible" library="SeleniumLibrary">
<doc>Waits until the element ``locator`` is visible.</doc>
<arguments>
<arg>//td/a[contains(text(), '${schedule}')]</arg>
</arguments>
<status status="PASS" starttime="20200131 19:02:29.093" endtime="20200131 19:02:29.114"></status>
</kw>
<msg timestamp="20200131 19:02:29.114" level="INFO">${selected} = True</msg>
<status status="PASS" starttime="20200131 19:02:29.093" endtime="20200131 19:02:29.114"></status>
</kw>
<kw name="Run Keyword If" library="BuiltIn">
<doc>Runs the given keyword with the given arguments, if ``condition`` is true.</doc>
<arguments>
<arg>${selected}</arg>
<arg>Click Element</arg>
<arg>//td/a[contains(text(), '${schedule}')]</arg>
</arguments>
<kw name="Click Element" library="SeleniumLibrary">
<doc>Click the element identified by ``locator``.</doc>
<arguments>
<arg>//td/a[contains(text(), '${schedule}')]</arg>
</arguments>
<msg timestamp="20200131 19:02:29.114" level="INFO">Clicking element '//td/a[contains(text(), 'Day')]'.</msg>
<status status="PASS" starttime="20200131 19:02:29.114" endtime="20200131 19:02:29.622"></status>
</kw>
<status status="PASS" starttime="20200131 19:02:29.114" endtime="20200131 19:02:29.622"></status>
</kw>
<status status="PASS" starttime="20200131 19:02:29.092" endtime="20200131 19:02:29.622"></status>
</kw>
<kw name="View Sales Visit Form" library="create_sales_visit_resource">
<arguments>
<arg>${objective}</arg>
</arguments>
<kw name="Wait Until Element Is Visible" library="SeleniumLibrary">
<doc>Waits until the element ``locator`` is visible.</doc>
<arguments>
<arg>${SALES_VISIT_TAB}</arg>
</arguments>
<status status="PASS" starttime="20200131 19:02:29.622" endtime="20200131 19:02:29.648"></status>
</kw>
<kw name="Mouse Over" library="SeleniumLibrary">
<doc>Simulates hovering the mouse over the element ``locator``.</doc>
<arguments>
<arg>${CAL_ADD_BUTTON}</arg>
</arguments>
<msg timestamp="20200131 19:02:29.649" level="INFO">Simulating Mouse Over on element '//td[@class="calAddButton"]'.</msg>
<status status="PASS" starttime="20200131 19:02:29.648" endtime="20200131 19:02:30.187"></status>
</kw>
<kw name="Execute Javascript" library="SeleniumLibrary">
<doc>Executes the given JavaScript code with possible arguments.</doc>
<arguments>
<arg>window.scrollTo(0,document.body.scrollHeight)</arg>
</arguments>
<msg timestamp="20200131 19:02:30.187" level="INFO">Executing JavaScript:
window.scrollTo(0,document.body.scrollHeight)
Without any arguments.</msg>
<status status="PASS" starttime="20200131 19:02:30.187" endtime="20200131 19:02:30.193"></status>
</kw>
<kw name="Click Link" library="SeleniumLibrary">
<doc>Clicks a link identified by ``locator``.</doc>
<arguments>
<arg>//a[@id="add${objective}"]</arg>
</arguments>
<msg timestamp="20200131 19:02:30.193" level="INFO">Clicking link '//a[@id="addMaintenance Service"]'.</msg>
<status status="PASS" starttime="20200131 19:02:30.193" endtime="20200131 19:02:32.064"></status>
</kw>
<kw name="Log" library="BuiltIn">
<doc>Logs the given message with the given level.</doc>
<arguments>
<arg>Successfully entered ${objective}</arg>
</arguments>
<msg timestamp="20200131 19:02:32.064" level="INFO">Successfully entered Maintenance Service</msg>
<status status="PASS" starttime="20200131 19:02:32.064" endtime="20200131 19:02:32.064"></status>
</kw>
<status status="PASS" starttime="20200131 19:02:29.622" endtime="20200131 19:02:32.065"></status>
</kw>
<kw name="Start And End Date Informations" library="create_sales_visit_resource">
<arguments>
<arg>${start_date}</arg>
<arg>${objective}</arg>
</arguments>
<kw name="Wait Until Element Is Visible" library="SeleniumLibrary">
<doc>Waits until the element ``locator`` is visible.</doc>
<arguments>
<arg>//option[@value="${objective}"]</arg>
</arguments>
<status status="PASS" starttime="20200131 19:02:32.065" endtime="20200131 19:02:32.122"></status>
</kw>
<kw name="Press Keys" library="SeleniumLibrary">
<doc>Simulates the user pressing key(s) to an element or on the active browser.</doc>
<arguments>
<arg>${START_DATE_LOCATOR}</arg>
<arg>CTRL+a+DELETE</arg>
</arguments>
<msg timestamp="20200131 19:02:32.123" level="INFO">Sending key(s) ('CTRL+a+DELETE',) to //input[@name="date_start"] element.</msg>
<msg timestamp="20200131 19:02:32.137" level="INFO">Pressing special key CONTROL down.</msg>
<msg timestamp="20200131 19:02:32.137" level="INFO">Sending key a</msg>
<msg timestamp="20200131 19:02:32.137" level="INFO">Pressing special key DELETE down.</msg>
<msg timestamp="20200131 19:02:32.137" level="INFO">Releasing special key CONTROL.</msg>
<msg timestamp="20200131 19:02:32.137" level="INFO">Releasing special key DELETE.</msg>
<status status="PASS" starttime="20200131 19:02:32.123" endtime="20200131 19:02:32.694"></status>
</kw>
<kw name="Replace String" library="String">
<doc>Replaces ``search_for`` in the given ``string`` with ``replace_with``.</doc>
<arguments>
<arg>${start_date}</arg>
<arg>/</arg>
<arg>-</arg>
</arguments>
<assign>
<var>${replace}</var>
</assign>
<msg timestamp="20200131 19:02:32.694" level="INFO">${replace} = 23-02-2020</msg>
<status status="PASS" starttime="20200131 19:02:32.694" endtime="20200131 19:02:32.694"></status>
</kw>
<kw name="Input Text" library="SeleniumLibrary">
<doc>Types the given ``text`` into the text field identified by ``locator``.</doc>
<arguments>
<arg>${START_DATE_LOCATOR}</arg>
<arg>${replace}</arg>
</arguments>
<msg timestamp="20200131 19:02:32.695" level="INFO">Typing text '23-02-2020' into text field '//input[@name="date_start"]'.</msg>
<status status="PASS" starttime="20200131 19:02:32.695" endtime="20200131 19:02:32.790"></status>
</kw>
<status status="PASS" starttime="20200131 19:02:32.065" endtime="20200131 19:02:32.790"></status>
</kw>
<kw name="Status Information" library="create_sales_visit_resource">
<doc>Plan, Cancel, Completed</doc>
<arguments>
<arg>${status}</arg>
</arguments>
<kw name="Click Element" library="SeleniumLibrary">
<doc>Click the element identified by ``locator``.</doc>
<arguments>
<arg>//option[@value="${status}"]</arg>
</arguments>
<msg timestamp="20200131 19:02:32.792" level="INFO">Clicking element '//option[@value="Cancel"]'.</msg>
<status status="PASS" starttime="20200131 19:02:32.792" endtime="20200131 19:02:32.847"></status>
</kw>
<status status="PASS" starttime="20200131 19:02:32.791" endtime="20200131 19:02:32.847"></status>
</kw>
<kw name="Adding Account Information" library="create_sales_visit_resource">
<arguments>
<arg>${account}</arg>
</arguments>
<kw name="Click Element" library="SeleniumLibrary">
<doc>Click the element identified by ``locator``.</doc>
<arguments>
<arg>${ADD_ACCOUNT_NAME}</arg>
</arguments>
<msg timestamp="20200131 19:02:32.848" level="INFO">Clicking element '//table/tbody/tr[7]/td[2]/table/tbody/tr/td[2]/img'.</msg>
<status status="PASS" starttime="20200131 19:02:32.847" endtime="20200131 19:02:32.996"></status>
</kw>
<kw name="Select Window" library="SeleniumLibrary">
<doc>DEPRECATED in SeleniumLibrary 4.0. , use `Switch Window` instead.</doc>
<arguments>
<arg>NEW</arg>
</arguments>
<status status="PASS" starttime="20200131 19:02:32.996" endtime="20200131 19:02:33.007"></status>
</kw>
<kw name="Verify Pop-up Window Header" library="create_sales_visit_resource">
<arguments>
<arg>${ACCOUNT_HEADER}</arg>
</arguments>
<kw name="Wait Until Element Is Visible" library="SeleniumLibrary">
<doc>Waits until the element ``locator`` is visible.</doc>
<arguments>
<arg>//td[@class="moduleName"][contains(text(), '${header}')]</arg>
</arguments>
<status status="PASS" starttime="20200131 19:02:33.008" endtime="20200131 19:02:37.069"></status>
</kw>
<status status="PASS" starttime="20200131 19:02:33.007" endtime="20200131 19:02:37.069"></status>
</kw>
<kw name="Verify and Set Drop Down From Search" library="create_sales_visit_resource">
<arguments>
<arg>${ACCOUNT_OPTION_STRING}</arg>
</arguments>
<kw name="Click Element" library="SeleniumLibrary">
<doc>Click the element identified by ``locator``.</doc>
<arguments>
<arg>//select[@name="search_field"]//option[@label="${dropdown}"]</arg>
</arguments>
<msg timestamp="20200131 19:02:37.070" level="INFO">Clicking element '//select[@name="search_field"]//option[@label="Account Name"]'.</msg>
<status status="PASS" starttime="20200131 19:02:37.069" endtime="20200131 19:02:37.097"></status>
</kw>
<status status="PASS" starttime="20200131 19:02:37.069" endtime="20200131 19:02:37.097"></status>
</kw>
<kw name="Input Text To Search" library="create_sales_visit_resource">
<arguments>
<arg>${account}</arg>
</arguments>
<kw name="Input Text" library="SeleniumLibrary">
<doc>Types the given ``text`` into the text field identified by ``locator``.</doc>
<arguments>
<arg>name:search_text</arg>
<arg>${search_text}</arg>
</arguments>
<msg timestamp="20200131 19:02:37.098" level="INFO">Typing text 'Asia Biomass Co.,Ltd.' into text field 'name:search_text'.</msg>
<status status="PASS" starttime="20200131 19:02:37.098" endtime="20200131 19:02:37.191"></status>
</kw>
<status status="PASS" starttime="20200131 19:02:37.097" endtime="20200131 19:02:37.191"></status>
</kw>
<kw name="Click Search Button" library="create_sales_visit_resource">
<kw name="Click Element" library="SeleniumLibrary">
<doc>Click the element identified by ``locator``.</doc>
<arguments>
<arg>name:search</arg>
</arguments>
<msg timestamp="20200131 19:02:37.192" level="INFO">Clicking element 'name:search'.</msg>
<status status="PASS" starttime="20200131 19:02:37.192" endtime="20200131 19:02:37.249"></status>
</kw>
<status status="PASS" starttime="20200131 19:02:37.192" endtime="20200131 19:02:37.249"></status>
</kw>
<kw name="Select The List Found" library="create_sales_visit_resource">
<arguments>
<arg>${account}</arg>
</arguments>
<kw name="Click Link" library="SeleniumLibrary">
<doc>Clicks a link identified by ``locator``.</doc>
<arguments>
<arg>//a[contains(text(), '${found_list}')]</arg>
</arguments>
<msg timestamp="20200131 19:02:37.250" level="INFO">Clicking link '//a[contains(text(), 'Asia Biomass Co.,Ltd.')]'.</msg>
<status status="PASS" starttime="20200131 19:02:37.250" endtime="20200131 19:02:37.300"></status>
</kw>
<status status="PASS" starttime="20200131 19:02:37.249" endtime="20200131 19:02:37.300"></status>
</kw>
<kw name="Select Window" library="SeleniumLibrary">
<doc>DEPRECATED in SeleniumLibrary 4.0. , use `Switch Window` instead.</doc>
<status status="PASS" starttime="20200131 19:02:37.300" endtime="20200131 19:02:37.330"></status>
</kw>
<status status="PASS" starttime="20200131 19:02:32.847" endtime="20200131 19:02:37.330"></status>
</kw>
<kw name="Verify Added Account Information" library="create_sales_visit_resource">
<arguments>
<arg>${account}</arg>
</arguments>
<kw name="Verify Added Information" library="misc_resources">
<doc>This function is to check the added account name, contact name, project name.</doc>
<arguments>
<arg>${account}</arg>
<arg>${ACCOUNT_VALUE}</arg>
</arguments>
<kw name="Get Value" library="SeleniumLibrary">
<doc>Returns the value attribute of the element identified by ``locator``.</doc>
<arguments>
<arg>//input[@name="${variable}"]</arg>
</arguments>
<assign>
<var>${actual}</var>
</assign>
<msg timestamp="20200131 19:02:37.349" level="INFO">${actual} = Asia Biomass Co.,Ltd.</msg>
<status status="PASS" starttime="20200131 19:02:37.331" endtime="20200131 19:02:37.349"></status>
</kw>
<kw name="Log" library="BuiltIn">
<doc>Logs the given message with the given level.</doc>
<arguments>
<arg>Contains text ${actual}</arg>
</arguments>
<msg timestamp="20200131 19:02:37.349" level="INFO">Contains text Asia Biomass Co.,Ltd.</msg>
<status status="PASS" starttime="20200131 19:02:37.349" endtime="20200131 19:02:37.349"></status>
</kw>
<status status="PASS" starttime="20200131 19:02:37.330" endtime="20200131 19:02:37.349"></status>
</kw>
<status status="PASS" starttime="20200131 19:02:37.330" endtime="20200131 19:02:37.349"></status>
</kw>
<kw name="Click Erase Button" library="misc_resources">
<doc>This function is to erase the added account name, contact name, etc. example in creating sales visit.</doc>
<arguments>
<arg>${ACCOUNT_CLEAR_BUTTON}</arg>
</arguments>
<kw name="Wait Until Element Is Visible" library="SeleniumLibrary">
<doc>Waits until the element ``locator`` is visible.</doc>
<arguments>
<arg>${account_delete}</arg>
</arguments>
<status status="PASS" starttime="20200131 19:02:37.350" endtime="20200131 19:02:37.370"></status>
</kw>
<kw name="Click Element" library="SeleniumLibrary">
<doc>Click the element identified by ``locator``.</doc>
<arguments>
<arg>${account_delete}</arg>
</arguments>
<msg timestamp="20200131 19:02:37.371" level="INFO">Clicking element '//td[@class='showPanelBg']//td[2]//table[1]//tbody[1]//tr[1]//td[3]//input[1]'.</msg>
<status status="PASS" starttime="20200131 19:02:37.371" endtime="20200131 19:02:37.411"></status>
</kw>
<kw name="Set Selenium Timeout" library="SeleniumLibrary">
<doc>Sets the timeout that is used by various keywords.</doc>
<arguments>
<arg>5 seconds</arg>
</arguments>
<status status="PASS" starttime="20200131 19:02:37.411" endtime="20200131 19:02:37.412"></status>
</kw>
<status status="PASS" starttime="20200131 19:02:37.350" endtime="20200131 19:02:37.412"></status>
</kw>
<kw name="Verify Erased Account Information" library="create_sales_visit_resource">
<doc>Erased the specific value from account field</doc>
<kw name="Verify Deleted Information" library="misc_resources">
<doc>This function is to check if successfull deleting account after clicking the erase button.</doc>
<arguments>
<arg>${ACCOUNT_VALUE}</arg>
</arguments>
<kw name="Get Value" library="SeleniumLibrary">
<doc>Returns the value attribute of the element identified by ``locator``.</doc>
<arguments>
<arg>//input[@name="${variable}"]</arg>
</arguments>
<assign>
<var>${actual}</var>
</assign>
<msg timestamp="20200131 19:02:37.427" level="INFO">${actual} = </msg>
<status status="PASS" starttime="20200131 19:02:37.413" endtime="20200131 19:02:37.427"></status>
</kw>
<kw name="Log" library="BuiltIn">
<doc>Logs the given message with the given level.</doc>
<arguments>
<arg>${actual}</arg>
</arguments>
<msg timestamp="20200131 19:02:37.428" level="INFO"></msg>
<status status="PASS" starttime="20200131 19:02:37.427" endtime="20200131 19:02:37.428"></status>
</kw>
<kw name="Should Be Empty" library="BuiltIn">
<doc>Verifies that the given item is empty.</doc>
<arguments>
<arg>${actual}</arg>
</arguments>
<msg timestamp="20200131 19:02:37.428" level="INFO">Length is 0</msg>
<status status="PASS" starttime="20200131 19:02:37.428" endtime="20200131 19:02:37.428"></status>
</kw>
<status status="PASS" starttime="20200131 19:02:37.413" endtime="20200131 19:02:37.428"></status>
</kw>
<status status="PASS" starttime="20200131 19:02:37.412" endtime="20200131 19:02:37.428"></status>
</kw>
<kw name="Adding Account Information" library="create_sales_visit_resource">
<arguments>
<arg>${account}</arg>
</arguments>
<kw name="Click Element" library="SeleniumLibrary">
<doc>Click the element identified by ``locator``.</doc>
<arguments>
<arg>${ADD_ACCOUNT_NAME}</arg>
</arguments>
<msg timestamp="20200131 19:02:37.429" level="INFO">Clicking element '//table/tbody/tr[7]/td[2]/table/tbody/tr/td[2]/img'.</msg>
<status status="PASS" starttime="20200131 19:02:37.429" endtime="20200131 19:02:37.528"></status>
</kw>
<kw name="Select Window" library="SeleniumLibrary">
<doc>DEPRECATED in SeleniumLibrary 4.0. , use `Switch Window` instead.</doc>
<arguments>
<arg>NEW</arg>
</arguments>
<status status="PASS" starttime="20200131 19:02:37.529" endtime="20200131 19:02:37.540"></status>
</kw>
<kw name="Verify Pop-up Window Header" library="create_sales_visit_resource">
<arguments>
<arg>${ACCOUNT_HEADER}</arg>
</arguments>
<kw name="Wait Until Element Is Visible" library="SeleniumLibrary">
<doc>Waits until the element ``locator`` is visible.</doc>
<arguments>
<arg>//td[@class="moduleName"][contains(text(), '${header}')]</arg>
</arguments>
<status status="PASS" starttime="20200131 19:02:37.541" endtime="20200131 19:02:41.610"></status>
</kw>
<status status="PASS" starttime="20200131 19:02:37.540" endtime="20200131 19:02:41.610"></status>
</kw>
<kw name="Verify and Set Drop Down From Search" library="create_sales_visit_resource">
<arguments>
<arg>${ACCOUNT_OPTION_STRING}</arg>
</arguments>
<kw name="Click Element" library="SeleniumLibrary">
<doc>Click the element identified by ``locator``.</doc>
<arguments>
<arg>//select[@name="search_field"]//option[@label="${dropdown}"]</arg>
</arguments>
<msg timestamp="20200131 19:02:41.611" level="INFO">Clicking element '//select[@name="search_field"]//option[@label="Account Name"]'.</msg>
<status status="PASS" starttime="20200131 19:02:41.611" endtime="20200131 19:02:41.638"></status>
</kw>
<status status="PASS" starttime="20200131 19:02:41.610" endtime="20200131 19:02:41.638"></status>
</kw>
<kw name="Input Text To Search" library="create_sales_visit_resource">
<arguments>
<arg>${account}</arg>
</arguments>
<kw name="Input Text" library="SeleniumLibrary">
<doc>Types the given ``text`` into the text field identified by ``locator``.</doc>
<arguments>
<arg>name:search_text</arg>
<arg>${search_text}</arg>
</arguments>
<msg timestamp="20200131 19:02:41.639" level="INFO">Typing text 'Asia Biomass Co.,Ltd.' into text field 'name:search_text'.</msg>
<status status="PASS" starttime="20200131 19:02:41.639" endtime="20200131 19:02:41.723"></status>
</kw>
<status status="PASS" starttime="20200131 19:02:41.638" endtime="20200131 19:02:41.723"></status>
</kw>
<kw name="Click Search Button" library="create_sales_visit_resource">
<kw name="Click Element" library="SeleniumLibrary">
<doc>Click the element identified by ``locator``.</doc>
<arguments>
<arg>name:search</arg>
</arguments>
<msg timestamp="20200131 19:02:41.724" level="INFO">Clicking element 'name:search'.</msg>
<status status="PASS" starttime="20200131 19:02:41.723" endtime="20200131 19:02:41.763"></status>
</kw>
<status status="PASS" starttime="20200131 19:02:41.723" endtime="20200131 19:02:41.763"></status>
</kw>
<kw name="Select The List Found" library="create_sales_visit_resource">
<arguments>
<arg>${account}</arg>
</arguments>
<kw name="Click Link" library="SeleniumLibrary">
<doc>Clicks a link identified by ``locator``.</doc>
<arguments>
<arg>//a[contains(text(), '${found_list}')]</arg>
</arguments>
<msg timestamp="20200131 19:02:41.764" level="INFO">Clicking link '//a[contains(text(), 'Asia Biomass Co.,Ltd.')]'.</msg>
<status status="PASS" starttime="20200131 19:02:41.764" endtime="20200131 19:02:41.821"></status>
</kw>
<status status="PASS" starttime="20200131 19:02:41.764" endtime="20200131 19:02:41.821"></status>
</kw>
<kw name="Select Window" library="SeleniumLibrary">
<doc>DEPRECATED in SeleniumLibrary 4.0. , use `Switch Window` instead.</doc>
<status status="PASS" starttime="20200131 19:02:41.821" endtime="20200131 19:02:41.843"></status>
</kw>
<status status="PASS" starttime="20200131 19:02:37.428" endtime="20200131 19:02:41.844"></status>
</kw>
<kw name="Adding Contact Name Information" library="create_sales_visit_resource">
<doc>This is start from Adding Contact Name</doc>
<arguments>
<arg>${contact_name}</arg>
</arguments>
<kw name="Click Element" library="SeleniumLibrary">
<doc>Click the element identified by ``locator``.</doc>
<arguments>
<arg>${ADD_CONTACT_NAME}</arg>
</arguments>
<msg timestamp="20200131 19:02:41.845" level="INFO">Clicking element '//table/tbody/tr[6]/td[4]/table/tbody/tr/td[2]/img'.</msg>
<status status="PASS" starttime="20200131 19:02:41.845" endtime="20200131 19:02:41.934"></status>
</kw>
<kw name="Select Window" library="SeleniumLibrary">
<doc>DEPRECATED in SeleniumLibrary 4.0. , use `Switch Window` instead.</doc>
<arguments>
<arg>NEW</arg>
</arguments>
<status status="PASS" starttime="20200131 19:02:41.935" endtime="20200131 19:02:41.948"></status>
</kw>
<kw name="Verify Pop-up Window Header" library="create_sales_visit_resource">
<arguments>
<arg>${ACCOUNT_HEADER}</arg>
</arguments>
<kw name="Wait Until Element Is Visible" library="SeleniumLibrary">
<doc>Waits until the element ``locator`` is visible.</doc>
<arguments>
<arg>//td[@class="moduleName"][contains(text(), '${header}')]</arg>
</arguments>
<status status="PASS" starttime="20200131 19:02:41.950" endtime="20200131 19:02:45.986"></status>
</kw>
<status status="PASS" starttime="20200131 19:02:41.949" endtime="20200131 19:02:45.986"></status>
</kw>
<kw name="Verify and Set Drop Down From Search" library="create_sales_visit_resource">
<arguments>
<arg>${FIRST_NAME_OPTION_STRING}</arg>
</arguments>
<kw name="Click Element" library="SeleniumLibrary">
<doc>Click the element identified by ``locator``.</doc>
<arguments>
<arg>//select[@name="search_field"]//option[@label="${dropdown}"]</arg>
</arguments>
<msg timestamp="20200131 19:02:45.986" level="INFO">Clicking element '//select[@name="search_field"]//option[@label="First Name"]'.</msg>
<status status="PASS" starttime="20200131 19:02:45.986" endtime="20200131 19:02:46.015"></status>
</kw>
<status status="PASS" starttime="20200131 19:02:45.986" endtime="20200131 19:02:46.015"></status>
</kw>
<kw name="Split String From Right" library="String">
<doc>Splits the ``string`` using ``separator`` starting from right.</doc>
<arguments>
<arg>${contact_name}</arg>
<arg>-</arg>
</arguments>
<assign>
<var>${right}</var>
</assign>
<msg timestamp="20200131 19:02:46.016" level="INFO">${right} = ['คุณวุฒิพงศ์ ', '']</msg>
<status status="PASS" starttime="20200131 19:02:46.016" endtime="20200131 19:02:46.016"></status>
</kw>
<kw name="Set Variable" library="BuiltIn">
<doc>Returns the given values which can then be assigned to a variables.</doc>
<arguments>
<arg>${right}[0]</arg>
</arguments>
<assign>
<var>${remove}</var>
</assign>
<msg timestamp="20200131 19:02:46.016" level="INFO">${remove} = คุณวุฒิพงศ์ </msg>
<status status="PASS" starttime="20200131 19:02:46.016" endtime="20200131 19:02:46.016"></status>
</kw>
<kw name="Split String From Right" library="String">
<doc>Splits the ``string`` using ``separator`` starting from right.</doc>
<arguments>
<arg>${remove}</arg>
<arg>${SPACE}</arg>
</arguments>
<assign>
<var>${space_right}</var>
</assign>
<msg timestamp="20200131 19:02:46.017" level="INFO">${space_right} = ['คุณวุฒิพงศ์', '']</msg>
<status status="PASS" starttime="20200131 19:02:46.016" endtime="20200131 19:02:46.017"></status>
</kw>
<kw name="Set Variable" library="BuiltIn">
<doc>Returns the given values which can then be assigned to a variables.</doc>
<arguments>
<arg>${space_right}[0]</arg>
</arguments>
<assign>
<var>${right}</var>
</assign>
<msg timestamp="20200131 19:02:46.017" level="INFO">${right} = คุณวุฒิพงศ์</msg>
<status status="PASS" starttime="20200131 19:02:46.017" endtime="20200131 19:02:46.017"></status>
</kw>
<kw name="Input Text To Search" library="create_sales_visit_resource">
<arguments>
<arg>${right}</arg>
</arguments>
<kw name="Input Text" library="SeleniumLibrary">
<doc>Types the given ``text`` into the text field identified by ``locator``.</doc>
<arguments>
<arg>name:search_text</arg>
<arg>${search_text}</arg>
</arguments>
<msg timestamp="20200131 19:02:46.017" level="INFO">Typing text 'คุณวุฒิพงศ์' into text field 'name:search_text'.</msg>
<status status="PASS" starttime="20200131 19:02:46.017" endtime="20200131 19:02:46.093"></status>
</kw>
<status status="PASS" starttime="20200131 19:02:46.017" endtime="20200131 19:02:46.093"></status>
</kw>
<kw name="Click Search Button" library="create_sales_visit_resource">
<kw name="Click Element" library="SeleniumLibrary">
<doc>Click the element identified by ``locator``.</doc>
<arguments>
<arg>name:search</arg>
</arguments>
<msg timestamp="20200131 19:02:46.094" level="INFO">Clicking element 'name:search'.</msg>
<status status="PASS" starttime="20200131 19:02:46.093" endtime="20200131 19:02:46.136"></status>
</kw>
<status status="PASS" starttime="20200131 19:02:46.093" endtime="20200131 19:02:46.136"></status>
</kw>
<kw name="Select The List Found" library="create_sales_visit_resource">
<arguments>
<arg>${right}</arg>
</arguments>
<kw name="Click Link" library="SeleniumLibrary">
<doc>Clicks a link identified by ``locator``.</doc>
<arguments>
<arg>//a[contains(text(), '${found_list}')]</arg>
</arguments>
<msg timestamp="20200131 19:02:46.137" level="INFO">Clicking link '//a[contains(text(), 'คุณวุฒิพงศ์')]'.</msg>
<status status="PASS" starttime="20200131 19:02:46.137" endtime="20200131 19:02:46.194"></status>
</kw>
<status status="PASS" starttime="20200131 19:02:46.136" endtime="20200131 19:02:46.194"></status>
</kw>
<kw name="Select Window" library="SeleniumLibrary">
<doc>DEPRECATED in SeleniumLibrary 4.0. , use `Switch Window` instead.</doc>
<status status="PASS" starttime="20200131 19:02:46.194" endtime="20200131 19:02:46.234"></status>
</kw>
<status status="PASS" starttime="20200131 19:02:41.844" endtime="20200131 19:02:46.234"></status>
</kw>
<kw name="Verify Added Contact Information" library="create_sales_visit_resource">
<doc>Contact Name Verification</doc>
<arguments>
<arg>${contact_name}</arg>
</arguments>
<kw name="Verify Added Information" library="misc_resources">
<doc>This function is to check the added account name, contact name, project name.</doc>
<arguments>
<arg>${contact_name}</arg>
<arg>${CONTACT_VALUE}</arg>
</arguments>
<kw name="Get Value" library="SeleniumLibrary">
<doc>Returns the value attribute of the element identified by ``locator``.</doc>
<arguments>
<arg>//input[@name="${variable}"]</arg>
</arguments>
<assign>
<var>${actual}</var>
</assign>
<msg timestamp="20200131 19:02:46.253" level="INFO">${actual} = คุณวุฒิพงศ์ -</msg>
<status status="PASS" starttime="20200131 19:02:46.237" endtime="20200131 19:02:46.253"></status>
</kw>
<kw name="Log" library="BuiltIn">
<doc>Logs the given message with the given level.</doc>
<arguments>
<arg>Contains text ${actual}</arg>
</arguments>
<msg timestamp="20200131 19:02:46.254" level="INFO">Contains text คุณวุฒิพงศ์ -</msg>
<status status="PASS" starttime="20200131 19:02:46.253" endtime="20200131 19:02:46.254"></status>
</kw>
<status status="PASS" starttime="20200131 19:02:46.236" endtime="20200131 19:02:46.254"></status>
</kw>
<status status="PASS" starttime="20200131 19:02:46.235" endtime="20200131 19:02:46.254"></status>
</kw>
<kw name="Click Erase Button" library="misc_resources">
<doc>This function is to erase the added account name, contact name, etc. example in creating sales visit.</doc>
<arguments>
<arg>${CONTACT_CLEAR_BUTTON}</arg>
</arguments>
<kw name="Wait Until Element Is Visible" library="SeleniumLibrary">
<doc>Waits until the element ``locator`` is visible.</doc>
<arguments>
<arg>${account_delete}</arg>
</arguments>
<status status="PASS" starttime="20200131 19:02:46.254" endtime="20200131 19:02:46.274"></status>
</kw>
<kw name="Click Element" library="SeleniumLibrary">
<doc>Click the element identified by ``locator``.</doc>
<arguments>
<arg>${account_delete}</arg>
</arguments>
<msg timestamp="20200131 19:02:46.275" level="INFO">Clicking element '//td[4]//table[1]//tbody[1]//tr[1]//td[3]//input[1]'.</msg>
<status status="PASS" starttime="20200131 19:02:46.274" endtime="20200131 19:02:46.321"></status>
</kw>
<kw name="Set Selenium Timeout" library="SeleniumLibrary">
<doc>Sets the timeout that is used by various keywords.</doc>
<arguments>
<arg>5 seconds</arg>
</arguments>
<status status="PASS" starttime="20200131 19:02:46.322" endtime="20200131 19:02:46.323"></status>
</kw>
<status status="PASS" starttime="20200131 19:02:46.254" endtime="20200131 19:02:46.323"></status>
</kw>
<kw name="Verify Erased Contact Information" library="create_sales_visit_resource">
<doc>Contact Deleted Information</doc>
<kw name="Verify Deleted Information" library="misc_resources">
<doc>This function is to check if successfull deleting account after clicking the erase button.</doc>
<arguments>
<arg>${CONTACT_VALUE}</arg>
</arguments>
<kw name="Get Value" library="SeleniumLibrary">
<doc>Returns the value attribute of the element identified by ``locator``.</doc>
<arguments>
<arg>//input[@name="${variable}"]</arg>
</arguments>
<assign>
<var>${actual}</var>
</assign>
<msg timestamp="20200131 19:02:46.337" level="INFO">${actual} = </msg>
<status status="PASS" starttime="20200131 19:02:46.323" endtime="20200131 19:02:46.337"></status>
</kw>
<kw name="Log" library="BuiltIn">
<doc>Logs the given message with the given level.</doc>
<arguments>
<arg>${actual}</arg>
</arguments>
<msg timestamp="20200131 19:02:46.337" level="INFO"></msg>
<status status="PASS" starttime="20200131 19:02:46.337" endtime="20200131 19:02:46.337"></status>
</kw>
<kw name="Should Be Empty" library="BuiltIn">
<doc>Verifies that the given item is empty.</doc>
<arguments>
<arg>${actual}</arg>
</arguments>
<msg timestamp="20200131 19:02:46.338" level="INFO">Length is 0</msg>
<status status="PASS" starttime="20200131 19:02:46.337" endtime="20200131 19:02:46.338"></status>
</kw>
<status status="PASS" starttime="20200131 19:02:46.323" endtime="20200131 19:02:46.338"></status>
</kw>
<status status="PASS" starttime="20200131 19:02:46.323" endtime="20200131 19:02:46.338"></status>
</kw>
<kw name="Adding Contact Name Information" library="create_sales_visit_resource">
<doc>This is start from Adding Contact Name</doc>
<arguments>
<arg>${contact_name}</arg>
</arguments>
<kw name="Click Element" library="SeleniumLibrary">
<doc>Click the element identified by ``locator``.</doc>
<arguments>
<arg>${ADD_CONTACT_NAME}</arg>
</arguments>
<msg timestamp="20200131 19:02:46.338" level="INFO">Clicking element '//table/tbody/tr[6]/td[4]/table/tbody/tr/td[2]/img'.</msg>
<status status="PASS" starttime="20200131 19:02:46.338" endtime="20200131 19:02:46.401"></status>
</kw>
<kw name="Select Window" library="SeleniumLibrary">
<doc>DEPRECATED in SeleniumLibrary 4.0. , use `Switch Window` instead.</doc>
<arguments>
<arg>NEW</arg>
</arguments>
<status status="PASS" starttime="20200131 19:02:46.402" endtime="20200131 19:02:46.430"></status>
</kw>
<kw name="Verify Pop-up Window Header" library="create_sales_visit_resource">
<arguments>
<arg>${ACCOUNT_HEADER}</arg>
</arguments>
<kw name="Wait Until Element Is Visible" library="SeleniumLibrary">
<doc>Waits until the element ``locator`` is visible.</doc>
<arguments>
<arg>//td[@class="moduleName"][contains(text(), '${header}')]</arg>
</arguments>
<status status="PASS" starttime="20200131 19:02:46.430" endtime="20200131 19:02:50.498"></status>
</kw>
<status status="PASS" starttime="20200131 19:02:46.430" endtime="20200131 19:02:50.498"></status>
</kw>
<kw name="Verify and Set Drop Down From Search" library="create_sales_visit_resource">
<arguments>
<arg>${FIRST_NAME_OPTION_STRING}</arg>
</arguments>
<kw name="Click Element" library="SeleniumLibrary">
<doc>Click the element identified by ``locator``.</doc>
<arguments>
<arg>//select[@name="search_field"]//option[@label="${dropdown}"]</arg>
</arguments>
<msg timestamp="20200131 19:02:50.499" level="INFO">Clicking element '//select[@name="search_field"]//option[@label="First Name"]'.</msg>
<status status="PASS" starttime="20200131 19:02:50.499" endtime="20200131 19:02:50.528"></status>
</kw>
<status status="PASS" starttime="20200131 19:02:50.498" endtime="20200131 19:02:50.528"></status>
</kw>
<kw name="Split String From Right" library="String">
<doc>Splits the ``string`` using ``separator`` starting from right.</doc>
<arguments>
<arg>${contact_name}</arg>
<arg>-</arg>
</arguments>
<assign>
<var>${right}</var>
</assign>
<msg timestamp="20200131 19:02:50.529" level="INFO">${right} = ['คุณวุฒิพงศ์ ', '']</msg>
<status status="PASS" starttime="20200131 19:02:50.528" endtime="20200131 19:02:50.529"></status>
</kw>
<kw name="Set Variable" library="BuiltIn">
<doc>Returns the given values which can then be assigned to a variables.</doc>
<arguments>
<arg>${right}[0]</arg>
</arguments>
<assign>
<var>${remove}</var>
</assign>
<msg timestamp="20200131 19:02:50.529" level="INFO">${remove} = คุณวุฒิพงศ์ </msg>
<status status="PASS" starttime="20200131 19:02:50.529" endtime="20200131 19:02:50.529"></status>
</kw>
<kw name="Split String From Right" library="String">
<doc>Splits the ``string`` using ``separator`` starting from right.</doc>
<arguments>
<arg>${remove}</arg>
<arg>${SPACE}</arg>
</arguments>
<assign>
<var>${space_right}</var>
</assign>
<msg timestamp="20200131 19:02:50.530" level="INFO">${space_right} = ['คุณวุฒิพงศ์', '']</msg>
<status status="PASS" starttime="20200131 19:02:50.529" endtime="20200131 19:02:50.530"></status>
</kw>
<kw name="Set Variable" library="BuiltIn">
<doc>Returns the given values which can then be assigned to a variables.</doc>
<arguments>
<arg>${space_right}[0]</arg>
</arguments>
<assign>
<var>${right}</var>
</assign>
<msg timestamp="20200131 19:02:50.530" level="INFO">${right} = คุณวุฒิพงศ์</msg>
<status status="PASS" starttime="20200131 19:02:50.530" endtime="20200131 19:02:50.530"></status>
</kw>
<kw name="Input Text To Search" library="create_sales_visit_resource">
<arguments>
<arg>${right}</arg>
</arguments>
<kw name="Input Text" library="SeleniumLibrary">
<doc>Types the given ``text`` into the text field identified by ``locator``.</doc>
<arguments>
<arg>name:search_text</arg>
<arg>${search_text}</arg>
</arguments>
<msg timestamp="20200131 19:02:50.530" level="INFO">Typing text 'คุณวุฒิพงศ์' into text field 'name:search_text'.</msg>
<status status="PASS" starttime="20200131 19:02:50.530" endtime="20200131 19:02:50.599"></status>
</kw>
<status status="PASS" starttime="20200131 19:02:50.530" endtime="20200131 19:02:50.599"></status>
</kw>
<kw name="Click Search Button" library="create_sales_visit_resource">
<kw name="Click Element" library="SeleniumLibrary">
<doc>Click the element identified by ``locator``.</doc>
<arguments>
<arg>name:search</arg>
</arguments>
<msg timestamp="20200131 19:02:50.600" level="INFO">Clicking element 'name:search'.</msg>
<status status="PASS" starttime="20200131 19:02:50.599" endtime="20200131 19:02:50.642"></status>
</kw>
<status status="PASS" starttime="20200131 19:02:50.599" endtime="20200131 19:02:50.642"></status>
</kw>
<kw name="Select The List Found" library="create_sales_visit_resource">
<arguments>
<arg>${right}</arg>
</arguments>
<kw name="Click Link" library="SeleniumLibrary">
<doc>Clicks a link identified by ``locator``.</doc>
<arguments>
<arg>//a[contains(text(), '${found_list}')]</arg>
</arguments>
<msg timestamp="20200131 19:02:50.643" level="INFO">Clicking link '//a[contains(text(), 'คุณวุฒิพงศ์')]'.</msg>
<status status="PASS" starttime="20200131 19:02:50.642" endtime="20200131 19:02:50.699"></status>
</kw>
<status status="PASS" starttime="20200131 19:02:50.642" endtime="20200131 19:02:50.699"></status>
</kw>
<kw name="Select Window" library="SeleniumLibrary">
<doc>DEPRECATED in SeleniumLibrary 4.0. , use `Switch Window` instead.</doc>
<status status="PASS" starttime="20200131 19:02:50.699" endtime="20200131 19:02:50.724"></status>
</kw>
<status status="PASS" starttime="20200131 19:02:46.338" endtime="20200131 19:02:50.725"></status>
</kw>
<kw name="Verify Added Contact Information" library="create_sales_visit_resource">
<doc>Contact Name Verification</doc>
<arguments>
<arg>${contact_name}</arg>
</arguments>
<kw name="Verify Added Information" library="misc_resources">
<doc>This function is to check the added account name, contact name, project name.</doc>
<arguments>
<arg>${contact_name}</arg>
<arg>${CONTACT_VALUE}</arg>
</arguments>
<kw name="Get Value" library="SeleniumLibrary">
<doc>Returns the value attribute of the element identified by ``locator``.</doc>
<arguments>
<arg>//input[@name="${variable}"]</arg>
</arguments>
<assign>
<var>${actual}</var>
</assign>
<msg timestamp="20200131 19:02:50.744" level="INFO">${actual} = คุณวุฒิพงศ์ -</msg>
<status status="PASS" starttime="20200131 19:02:50.727" endtime="20200131 19:02:50.744"></status>
</kw>
<kw name="Log" library="BuiltIn">
<doc>Logs the given message with the given level.</doc>
<arguments>
<arg>Contains text ${actual}</arg>
</arguments>
<msg timestamp="20200131 19:02:50.744" level="INFO">Contains text คุณวุฒิพงศ์ -</msg>
<status status="PASS" starttime="20200131 19:02:50.744" endtime="20200131 19:02:50.744"></status>
</kw>
<status status="PASS" starttime="20200131 19:02:50.726" endtime="20200131 19:02:50.744"></status>
</kw>
<status status="PASS" starttime="20200131 19:02:50.725" endtime="20200131 19:02:50.744"></status>
</kw>
<kw name="Adding Project Information" library="create_sales_visit_resource">
<doc>Project Name Information</doc>
<arguments>
<arg>${project_name}</arg>
</arguments>
<kw name="Click Element" library="SeleniumLibrary">
<doc>Click the element identified by ``locator``.</doc>
<arguments>
<arg>${ADD_PROJECT_NAME}</arg>
</arguments>
<msg timestamp="20200131 19:02:50.745" level="INFO">Clicking element '//tr[9]//td[4]//table[1]//tbody[1]//tr[1]//td[3]//img[1]'.</msg>
<status status="PASS" starttime="20200131 19:02:50.745" endtime="20200131 19:02:50.828"></status>
</kw>
<kw name="Select Window" library="SeleniumLibrary">
<doc>DEPRECATED in SeleniumLibrary 4.0. , use `Switch Window` instead.</doc>
<arguments>
<arg>NEW</arg>
</arguments>
<status status="PASS" starttime="20200131 19:02:50.828" endtime="20200131 19:02:50.842"></status>
</kw>
<kw name="Verify Pop-up Window Header" library="create_sales_visit_resource">
<arguments>
<arg>${ACCOUNT_HEADER}</arg>
</arguments>
<kw name="Wait Until Element Is Visible" library="SeleniumLibrary">
<doc>Waits until the element ``locator`` is visible.</doc>
<arguments>
<arg>//td[@class="moduleName"][contains(text(), '${header}')]</arg>
</arguments>
<status status="PASS" starttime="20200131 19:02:50.843" endtime="20200131 19:02:54.890"></status>
</kw>
<status status="PASS" starttime="20200131 19:02:50.842" endtime="20200131 19:02:54.890"></status>
</kw>
<kw name="Verify and Set Drop Down From Search" library="create_sales_visit_resource">
<arguments>
<arg>${PROJECT_DROP_DOWN}</arg>
</arguments>
<kw name="Click Element" library="SeleniumLibrary">
<doc>Click the element identified by ``locator``.</doc>
<arguments>
<arg>//select[@name="search_field"]//option[@label="${dropdown}"]</arg>
</arguments>
<msg timestamp="20200131 19:02:54.891" level="INFO">Clicking element '//select[@name="search_field"]//option[@label="Project Name"]'.</msg>
<status status="PASS" starttime="20200131 19:02:54.890" endtime="20200131 19:02:54.918"></status>
</kw>
<status status="PASS" starttime="20200131 19:02:54.890" endtime="20200131 19:02:54.918"></status>
</kw>
<kw name="Input Text To Search" library="create_sales_visit_resource">
<arguments>
<arg>${project_name}</arg>
</arguments>
<kw name="Input Text" library="SeleniumLibrary">
<doc>Types the given ``text`` into the text field identified by ``locator``.</doc>
<arguments>
<arg>name:search_text</arg>
<arg>${search_text}</arg>
</arguments>
<msg timestamp="20200131 19:02:54.919" level="INFO">Typing text 'ABMC' into text field 'name:search_text'.</msg>
<status status="PASS" starttime="20200131 19:02:54.919" endtime="20200131 19:02:54.983"></status>
</kw>
<status status="PASS" starttime="20200131 19:02:54.918" endtime="20200131 19:02:54.983"></status>
</kw>
<kw name="Click Search Button" library="create_sales_visit_resource">
<kw name="Click Element" library="SeleniumLibrary">
<doc>Click the element identified by ``locator``.</doc>
<arguments>
<arg>name:search</arg>
</arguments>
<msg timestamp="20200131 19:02:54.983" level="INFO">Clicking element 'name:search'.</msg>
<status status="PASS" starttime="20200131 19:02:54.983" endtime="20200131 19:02:55.024"></status>
</kw>
<status status="PASS" starttime="20200131 19:02:54.983" endtime="20200131 19:02:55.024"></status>
</kw>
<kw name="Select The List Found" library="create_sales_visit_resource">
<arguments>
<arg>${project_name}</arg>
</arguments>
<kw name="Click Link" library="SeleniumLibrary">
<doc>Clicks a link identified by ``locator``.</doc>
<arguments>
<arg>//a[contains(text(), '${found_list}')]</arg>
</arguments>
<msg timestamp="20200131 19:02:55.025" level="INFO">Clicking link '//a[contains(text(), 'ABMC')]'.</msg>
<status status="PASS" starttime="20200131 19:02:55.024" endtime="20200131 19:02:55.085"></status>
</kw>
<status status="PASS" starttime="20200131 19:02:55.024" endtime="20200131 19:02:55.085"></status>
</kw>
<kw name="Select Window" library="SeleniumLibrary">
<doc>DEPRECATED in SeleniumLibrary 4.0. , use `Switch Window` instead.</doc>
<status status="PASS" starttime="20200131 19:02:55.085" endtime="20200131 19:02:55.109"></status>
</kw>
<status status="PASS" starttime="20200131 19:02:50.745" endtime="20200131 19:02:55.109"></status>
</kw>
<kw name="Verify Added Project Information" library="create_sales_visit_resource">
<doc>Project Name verification</doc>
<arguments>
<arg>${project_name}</arg>
</arguments>
<kw name="Verify Added Information" library="misc_resources">
<doc>This function is to check the added account name, contact name, project name.</doc>
<arguments>
<arg>${project_name}</arg>
<arg>${PROJECT_VALUE}</arg>
</arguments>
<kw name="Get Value" library="SeleniumLibrary">
<doc>Returns the value attribute of the element identified by ``locator``.</doc>
<arguments>
<arg>//input[@name="${variable}"]</arg>
</arguments>
<assign>
<var>${actual}</var>
</assign>
<msg timestamp="20200131 19:02:55.127" level="INFO">${actual} = ABMC</msg>
<status status="PASS" starttime="20200131 19:02:55.111" endtime="20200131 19:02:55.128"></status>
</kw>
<kw name="Log" library="BuiltIn">
<doc>Logs the given message with the given level.</doc>
<arguments>
<arg>Contains text ${actual}</arg>
</arguments>
<msg timestamp="20200131 19:02:55.128" level="INFO">Contains text ABMC</msg>
<status status="PASS" starttime="20200131 19:02:55.128" endtime="20200131 19:02:55.128"></status>
</kw>
<status status="PASS" starttime="20200131 19:02:55.110" endtime="20200131 19:02:55.128"></status>
</kw>
<status status="PASS" starttime="20200131 19:02:55.109" endtime="20200131 19:02:55.128"></status>
</kw>
<kw name="Click Erase Button" library="misc_resources">
<doc>This function is to erase the added account name, contact name, etc. example in creating sales visit.</doc>
<arguments>
<arg>${PROJECT_CLEAR_BUTTON}</arg>
</arguments>
<kw name="Wait Until Element Is Visible" library="SeleniumLibrary">
<doc>Waits until the element ``locator`` is visible.</doc>
<arguments>
<arg>${account_delete}</arg>
</arguments>
<status status="PASS" starttime="20200131 19:02:55.129" endtime="20200131 19:02:55.149"></status>
</kw>
<kw name="Click Element" library="SeleniumLibrary">
<doc>Click the element identified by ``locator``.</doc>
<arguments>
<arg>${account_delete}</arg>
</arguments>
<msg timestamp="20200131 19:02:55.149" level="INFO">Clicking element '//tr[9]//td[4]//table[1]//tbody[1]//tr[1]//td[4]//input[1]'.</msg>
<status status="PASS" starttime="20200131 19:02:55.149" endtime="20200131 19:02:55.188"></status>
</kw>
<kw name="Set Selenium Timeout" library="SeleniumLibrary">
<doc>Sets the timeout that is used by various keywords.</doc>
<arguments>
<arg>5 seconds</arg>
</arguments>
<status status="PASS" starttime="20200131 19:02:55.189" endtime="20200131 19:02:55.190"></status>
</kw>
<status status="PASS" starttime="20200131 19:02:55.128" endtime="20200131 19:02:55.190"></status>
</kw>
<kw name="Verify Erased Project Information" library="create_sales_visit_resource">
<doc>Deleted Project Name Verification</doc>
<kw name="Verify Deleted Information" library="misc_resources">
<doc>This function is to check if successfull deleting account after clicking the erase button.</doc>
<arguments>
<arg>${PROJECT_VALUE}</arg>
</arguments>
<kw name="Get Value" library="SeleniumLibrary">
<doc>Returns the value attribute of the element identified by ``locator``.</doc>
<arguments>
<arg>//input[@name="${variable}"]</arg>
</arguments>
<assign>
<var>${actual}</var>
</assign>
<msg timestamp="20200131 19:02:55.203" level="INFO">${actual} = </msg>
<status status="PASS" starttime="20200131 19:02:55.190" endtime="20200131 19:02:55.203"></status>
</kw>
<kw name="Log" library="BuiltIn">
<doc>Logs the given message with the given level.</doc>
<arguments>
<arg>${actual}</arg>
</arguments>
<msg timestamp="20200131 19:02:55.203" level="INFO"></msg>
<status status="PASS" starttime="20200131 19:02:55.203" endtime="20200131 19:02:55.203"></status>
</kw>
<kw name="Should Be Empty" library="BuiltIn">
<doc>Verifies that the given item is empty.</doc>
<arguments>
<arg>${actual}</arg>
</arguments>
<msg timestamp="20200131 19:02:55.204" level="INFO">Length is 0</msg>
<status status="PASS" starttime="20200131 19:02:55.204" endtime="20200131 19:02:55.204"></status>
</kw>
<status status="PASS" starttime="20200131 19:02:55.190" endtime="20200131 19:02:55.204"></status>
</kw>
<status status="PASS" starttime="20200131 19:02:55.190" endtime="20200131 19:02:55.204"></status>
</kw>
<kw name="Adding Project Information" library="create_sales_visit_resource">
<doc>Project Name Information</doc>
<arguments>
<arg>${project_name}</arg>
</arguments>
<kw name="Click Element" library="SeleniumLibrary">
<doc>Click the element identified by ``locator``.</doc>
<arguments>
<arg>${ADD_PROJECT_NAME}</arg>
</arguments>
<msg timestamp="20200131 19:02:55.204" level="INFO">Clicking element '//tr[9]//td[4]//table[1]//tbody[1]//tr[1]//td[3]//img[1]'.</msg>
<status status="PASS" starttime="20200131 19:02:55.204" endtime="20200131 19:02:55.285"></status>
</kw>
<kw name="Select Window" library="SeleniumLibrary">
<doc>DEPRECATED in SeleniumLibrary 4.0. , use `Switch Window` instead.</doc>
<arguments>
<arg>NEW</arg>
</arguments>
<status status="PASS" starttime="20200131 19:02:55.285" endtime="20200131 19:02:55.299"></status>
</kw>
<kw name="Verify Pop-up Window Header" library="create_sales_visit_resource">
<arguments>
<arg>${ACCOUNT_HEADER}</arg>
</arguments>
<kw name="Wait Until Element Is Visible" library="SeleniumLibrary">
<doc>Waits until the element ``locator`` is visible.</doc>
<arguments>
<arg>//td[@class="moduleName"][contains(text(), '${header}')]</arg>
</arguments>
<status status="PASS" starttime="20200131 19:02:55.299" endtime="20200131 19:02:59.338"></status>
</kw>
<status status="PASS" starttime="20200131 19:02:55.299" endtime="20200131 19:02:59.338"></status>
</kw>
<kw name="Verify and Set Drop Down From Search" library="create_sales_visit_resource">
<arguments>
<arg>${PROJECT_DROP_DOWN}</arg>
</arguments>
<kw name="Click Element" library="SeleniumLibrary">
<doc>Click the element identified by ``locator``.</doc>
<arguments>
<arg>//select[@name="search_field"]//option[@label="${dropdown}"]</arg>
</arguments>
<msg timestamp="20200131 19:02:59.338" level="INFO">Clicking element '//select[@name="search_field"]//option[@label="Project Name"]'.</msg>
<status status="PASS" starttime="20200131 19:02:59.338" endtime="20200131 19:02:59.363"></status>
</kw>
<status status="PASS" starttime="20200131 19:02:59.338" endtime="20200131 19:02:59.364"></status>
</kw>
<kw name="Input Text To Search" library="create_sales_visit_resource">
<arguments>
<arg>${project_name}</arg>
</arguments>
<kw name="Input Text" library="SeleniumLibrary">
<doc>Types the given ``text`` into the text field identified by ``locator``.</doc>
<arguments>
<arg>name:search_text</arg>
<arg>${search_text}</arg>
</arguments>
<msg timestamp="20200131 19:02:59.364" level="INFO">Typing text 'ABMC' into text field 'name:search_text'.</msg>
<status status="PASS" starttime="20200131 19:02:59.364" endtime="20200131 19:02:59.427"></status>
</kw>
<status status="PASS" starttime="20200131 19:02:59.364" endtime="20200131 19:02:59.427"></status>
</kw>
<kw name="Click Search Button" library="create_sales_visit_resource">
<kw name="Click Element" library="SeleniumLibrary">
<doc>Click the element identified by ``locator``.</doc>
<arguments>
<arg>name:search</arg>
</arguments>
<msg timestamp="20200131 19:02:59.427" level="INFO">Clicking element 'name:search'.</msg>
<status status="PASS" starttime="20200131 19:02:59.427" endtime="20200131 19:02:59.468"></status>
</kw>
<status status="PASS" starttime="20200131 19:02:59.427" endtime="20200131 19:02:59.468"></status>
</kw>
<kw name="Select The List Found" library="create_sales_visit_resource">
<arguments>
<arg>${project_name}</arg>
</arguments>
<kw name="Click Link" library="SeleniumLibrary">
<doc>Clicks a link identified by ``locator``.</doc>
<arguments>
<arg>//a[contains(text(), '${found_list}')]</arg>
</arguments>
<msg timestamp="20200131 19:02:59.469" level="INFO">Clicking link '//a[contains(text(), 'ABMC')]'.</msg>
<status status="PASS" starttime="20200131 19:02:59.469" endtime="20200131 19:02:59.519"></status>
</kw>
<status status="PASS" starttime="20200131 19:02:59.468" endtime="20200131 19:02:59.519"></status>
</kw>
<kw name="Select Window" library="SeleniumLibrary">
<doc>DEPRECATED in SeleniumLibrary 4.0. , use `Switch Window` instead.</doc>
<status status="PASS" starttime="20200131 19:02:59.519" endtime="20200131 19:02:59.543"></status>
</kw>
<status status="PASS" starttime="20200131 19:02:55.204" endtime="20200131 19:02:59.544"></status>
</kw>
<kw name="Verify Added Project Information" library="create_sales_visit_resource">
<doc>Project Name verification</doc>
<arguments>
<arg>${project_name}</arg>
</arguments>
<kw name="Verify Added Information" library="misc_resources">
<doc>This function is to check the added account name, contact name, project name.</doc>
<arguments>
<arg>${project_name}</arg>
<arg>${PROJECT_VALUE}</arg>
</arguments>
<kw name="Get Value" library="SeleniumLibrary">
<doc>Returns the value attribute of the element identified by ``locator``.</doc>
<arguments>
<arg>//input[@name="${variable}"]</arg>
</arguments>
<assign>
<var>${actual}</var>
</assign>
<msg timestamp="20200131 19:02:59.559" level="INFO">${actual} = ABMC</msg>
<status status="PASS" starttime="20200131 19:02:59.545" endtime="20200131 19:02:59.559"></status>
</kw>
<kw name="Log" library="BuiltIn">
<doc>Logs the given message with the given level.</doc>
<arguments>
<arg>Contains text ${actual}</arg>
</arguments>
<msg timestamp="20200131 19:02:59.559" level="INFO">Contains text ABMC</msg>
<status status="PASS" starttime="20200131 19:02:59.559" endtime="20200131 19:02:59.559"></status>
</kw>
<status status="PASS" starttime="20200131 19:02:59.544" endtime="20200131 19:02:59.559"></status>
</kw>
<status status="PASS" starttime="20200131 19:02:59.544" endtime="20200131 19:02:59.559"></status>
</kw>
<kw name="Adding Lead Information" library="create_sales_visit_resource">
<doc>Lead Information</doc>
<arguments>
<arg>${lead_no}</arg>
</arguments>
<kw name="Click Element" library="SeleniumLibrary">
<doc>Click the element identified by ``locator``.</doc>
<arguments>
<arg>${ADD_LEAD_NAME}</arg>
</arguments>
<msg timestamp="20200131 19:02:59.560" level="INFO">Clicking element '//tr[10]//td[4]//table[1]//tbody[1]//tr[1]//td[3]//img[1]'.</msg>
<status status="PASS" starttime="20200131 19:02:59.560" endtime="20200131 19:02:59.637"></status>
</kw>
<kw name="Select Window" library="SeleniumLibrary">
<doc>DEPRECATED in SeleniumLibrary 4.0. , use `Switch Window` instead.</doc>
<arguments>
<arg>NEW</arg>
</arguments>
<status status="PASS" starttime="20200131 19:02:59.637" endtime="20200131 19:02:59.649"></status>
</kw>
<kw name="Verify Pop-up Window Header" library="create_sales_visit_resource">
<arguments>
<arg>${LEAD_HEADER}</arg>
</arguments>
<kw name="Wait Until Element Is Visible" library="SeleniumLibrary">
<doc>Waits until the element ``locator`` is visible.</doc>
<arguments>
<arg>//td[@class="moduleName"][contains(text(), '${header}')]</arg>
</arguments>
<status status="PASS" starttime="20200131 19:02:59.650" endtime="20200131 19:03:03.697"></status>
</kw>
<status status="PASS" starttime="20200131 19:02:59.649" endtime="20200131 19:03:03.697"></status>
</kw>
<kw name="Verify and Set Drop Down From Search" library="create_sales_visit_resource">
<arguments>
<arg>${LEAD_DROPDOWN}</arg>
</arguments>
<kw name="Click Element" library="SeleniumLibrary">
<doc>Click the element identified by ``locator``.</doc>
<arguments>
<arg>//select[@name="search_field"]//option[@label="${dropdown}"]</arg>
</arguments>
<msg timestamp="20200131 19:03:03.698" level="INFO">Clicking element '//select[@name="search_field"]//option[@label="Lead No"]'.</msg>
<status status="PASS" starttime="20200131 19:03:03.698" endtime="20200131 19:03:03.725"></status>
</kw>
<status status="PASS" starttime="20200131 19:03:03.697" endtime="20200131 19:03:03.725"></status>
</kw>
<kw name="Input Text To Search" library="create_sales_visit_resource">
<arguments>
<arg>${lead_no}</arg>
</arguments>
<kw name="Input Text" library="SeleniumLibrary">
<doc>Types the given ``text`` into the text field identified by ``locator``.</doc>
<arguments>
<arg>name:search_text</arg>
<arg>${search_text}</arg>
</arguments>
<msg timestamp="20200131 19:03:03.726" level="INFO">Typing text 'LEA62-0001' into text field 'name:search_text'.</msg>
<status status="PASS" starttime="20200131 19:03:03.726" endtime="20200131 19:03:03.811"></status>
</kw>
<status status="PASS" starttime="20200131 19:03:03.725" endtime="20200131 19:03:03.811"></status>
</kw>
<kw name="Click Search Button" library="create_sales_visit_resource">
<kw name="Click Element" library="SeleniumLibrary">
<doc>Click the element identified by ``locator``.</doc>
<arguments>
<arg>name:search</arg>
</arguments>
<msg timestamp="20200131 19:03:03.811" level="INFO">Clicking element 'name:search'.</msg>
<status status="PASS" starttime="20200131 19:03:03.811" endtime="20200131 19:03:03.855"></status>
</kw>
<status status="PASS" starttime="20200131 19:03:03.811" endtime="20200131 19:03:03.856"></status>
</kw>
<kw name="Select The List Found" library="create_sales_visit_resource">
<arguments>
<arg>${lead_no}</arg>
</arguments>
<kw name="Click Link" library="SeleniumLibrary">
<doc>Clicks a link identified by ``locator``.</doc>
<arguments>
<arg>//a[contains(text(), '${found_list}')]</arg>
</arguments>
<msg timestamp="20200131 19:03:03.857" level="INFO">Clicking link '//a[contains(text(), 'LEA62-0001')]'.</msg>
<status status="PASS" starttime="20200131 19:03:03.857" endtime="20200131 19:03:03.916"></status>
</kw>
<status status="PASS" starttime="20200131 19:03:03.856" endtime="20200131 19:03:03.916"></status>
</kw>
<kw name="Select Window" library="SeleniumLibrary">
<doc>DEPRECATED in SeleniumLibrary 4.0. , use `Switch Window` instead.</doc>
<status status="PASS" starttime="20200131 19:03:03.916" endtime="20200131 19:03:07.943"></status>
</kw>
<status status="PASS" starttime="20200131 19:02:59.560" endtime="20200131 19:03:07.944"></status>
</kw>
<kw name="Verify Added Lead Information" library="create_sales_visit_resource">
<doc>Added Lead Information</doc>
<arguments>
<arg>${lead_name}</arg>
</arguments>
<kw name="Verify Added Information" library="misc_resources">
<doc>This function is to check the added account name, contact name, project name.</doc>
<arguments>
<arg>${lead_name}</arg>
<arg>${LEAD_VALUE}</arg>
</arguments>
<kw name="Get Value" library="SeleniumLibrary">
<doc>Returns the value attribute of the element identified by ``locator``.</doc>
<arguments>
<arg>//input[@name="${variable}"]</arg>
</arguments>
<assign>
<var>${actual}</var>
</assign>
<msg timestamp="20200131 19:03:07.969" level="INFO">${actual} = วุฒิพงศ์ มีจำรัส</msg>
<status status="PASS" starttime="20200131 19:03:07.945" endtime="20200131 19:03:07.969"></status>
</kw>
<kw name="Log" library="BuiltIn">
<doc>Logs the given message with the given level.</doc>
<arguments>
[...]
<doc>Returns the value attribute of the element identified by ``locator``.</doc>
<arguments>
<arg>//input[@id="mobile"]</arg>
</arguments>
<assign>
<var>${actual}</var>
</assign>
<msg timestamp="20200131 19:05:59.541" level="INFO">${actual} = (0) 2637-1142 -(3)</msg>
<status status="PASS" starttime="20200131 19:05:59.524" endtime="20200131 19:05:59.541"></status>
</kw>
<kw name="Should Be Equal" library="BuiltIn">
<doc>Fails if the given objects are unequal.</doc>
<arguments>
<arg>${mobile}</arg>
<arg>${actual}</arg>
</arguments>
<status status="PASS" starttime="20200131 19:05:59.541" endtime="20200131 19:05:59.541"></status>
</kw>
<kw name="Get Value" library="SeleniumLibrary">
<doc>Returns the value attribute of the element identified by ``locator``.</doc>
<arguments>
<arg>//input[@id="phone"]</arg>
</arguments>
<assign>
<var>${actual_phone}</var>
</assign>
<msg timestamp="20200131 19:05:59.556" level="INFO">${actual_phone} = (0) 2637-1142 -(3)</msg>
<status status="PASS" starttime="20200131 19:05:59.541" endtime="20200131 19:05:59.556"></status>
</kw>
<kw name="Should Be Equal" library="BuiltIn">
<doc>Fails if the given objects are unequal.</doc>
<arguments>
<arg>${actual_phone}</arg>
<arg>${phone}</arg>
</arguments>
<status status="PASS" starttime="20200131 19:05:59.556" endtime="20200131 19:05:59.556"></status>
</kw>
<status status="PASS" starttime="20200131 19:05:59.242" endtime="20200131 19:05:59.557"></status>
</kw>
<kw name="Plan Information" library="create_sales_visit_resource">
<arguments>
<arg>${plan}</arg>
</arguments>
<kw name="Input Text" library="SeleniumLibrary">
<doc>Types the given ``text`` into the text field identified by ``locator``.</doc>
<arguments>
<arg>${PLAN_DETAIL_LOCATOR}</arg>
<arg>${plan}</arg>
</arguments>
<msg timestamp="20200131 19:05:59.557" level="INFO">Typing text 'A I SYSTEM CO.' into text field 'id:description'.</msg>
<status status="PASS" starttime="20200131 19:05:59.557" endtime="20200131 19:05:59.636"></status>
</kw>
<status status="PASS" starttime="20200131 19:05:59.557" endtime="20200131 19:05:59.636"></status>
</kw>
<kw name="Comment Information" library="create_sales_visit_resource">
<arguments>
<arg>${comment}</arg>
</arguments>
<kw name="Input Text" library="SeleniumLibrary">
<doc>Types the given ``text`` into the text field identified by ``locator``.</doc>
<arguments>
<arg>${COMMENT_PLAN_LOCATOR}</arg>
<arg>${comment}</arg>
</arguments>
<msg timestamp="20200131 19:05:59.637" level="INFO">Typing text 'A I SYSTEM CO.' into text field 'id:commentplan'.</msg>
<status status="PASS" starttime="20200131 19:05:59.637" endtime="20200131 19:05:59.716"></status>
</kw>
<status status="PASS" starttime="20200131 19:05:59.636" endtime="20200131 19:05:59.717"></status>
</kw>
<kw name="Report Information" library="create_sales_visit_resource">
<arguments>
<arg>${report}</arg>
</arguments>
<kw name="Input Text" library="SeleniumLibrary">
<doc>Types the given ``text`` into the text field identified by ``locator``.</doc>
<arguments>
<arg>${REPORT_LOCATOR}</arg>
<arg>${report}</arg>
</arguments>
<msg timestamp="20200131 19:05:59.717" level="INFO">Typing text 'A I SYSTEM CO.' into text field 'id:sale_report'.</msg>
<status status="PASS" starttime="20200131 19:05:59.717" endtime="20200131 19:05:59.796"></status>
</kw>
<status status="PASS" starttime="20200131 19:05:59.717" endtime="20200131 19:05:59.796"></status>
</kw>
<kw name="Remaining Information" library="create_sales_visit_resource">
<arguments>
<arg>${remaining}</arg>
</arguments>
<kw name="Input Text" library="SeleniumLibrary">
<doc>Types the given ``text`` into the text field identified by ``locator``.</doc>
<arguments>
<arg>${REMAINING_LOCATOR}</arg>
<arg>${remaining}</arg>
</arguments>
<msg timestamp="20200131 19:05:59.797" level="INFO">Typing text 'A I SYSTEM CO.' into text field 'id:sale_remaining'.</msg>
<status status="PASS" starttime="20200131 19:05:59.797" endtime="20200131 19:05:59.878"></status>
</kw>
<status status="PASS" starttime="20200131 19:05:59.796" endtime="20200131 19:05:59.878"></status>
</kw>
<kw name="Remark Information" library="create_sales_visit_resource">
<arguments>
<arg>${remark}</arg>
</arguments>
<kw name="Input Text" library="SeleniumLibrary">
<doc>Types the given ``text`` into the text field identified by ``locator``.</doc>
<arguments>
<arg>${REMARK_LOCATOR}</arg>
<arg>${remark}</arg>
</arguments>
<msg timestamp="20200131 19:05:59.879" level="INFO">Typing text 'A I SYSTEM CO.' into text field 'id:sale_remark'.</msg>
<status status="PASS" starttime="20200131 19:05:59.878" endtime="20200131 19:05:59.967"></status>
</kw>
<status status="PASS" starttime="20200131 19:05:59.878" endtime="20200131 19:05:59.967"></status>
</kw>
<kw name="Competitor Information" library="create_sales_visit_resource">
<arguments>
<arg>${competitor}</arg>
</arguments>
<kw name="Input Text" library="SeleniumLibrary">
<doc>Types the given ``text`` into the text field identified by ``locator``.</doc>
<arguments>
<arg>${COMPETITOR_LOCATOR}</arg>
<arg>${competitor}</arg>
</arguments>
<msg timestamp="20200131 19:05:59.968" level="INFO">Typing text 'A I SYSTEM CO.' into text field 'id:competitors'.</msg>
<status status="PASS" starttime="20200131 19:05:59.967" endtime="20200131 19:06:00.063"></status>
</kw>
<status status="PASS" starttime="20200131 19:05:59.967" endtime="20200131 19:06:00.063"></status>
</kw>
<kw name="Click Save Button" library="create_sales_visit_resource">
<kw name="Click Element" library="SeleniumLibrary">
<doc>Click the element identified by ``locator``.</doc>
<arguments>
<arg>${SAVE_BUTTON_LOCATOR}</arg>
</arguments>
<msg timestamp="20200131 19:06:00.064" level="INFO">Clicking element '//input[@title="Save [Alt+S]"]'.</msg>
<status status="PASS" starttime="20200131 19:06:00.064" endtime="20200131 19:06:01.180"></status>
</kw>
<status status="PASS" starttime="20200131 19:06:00.063" endtime="20200131 19:06:01.180"></status>
</kw>
<kw name="Verify All Fields Informations" library="create_sales_visit_resource">
<doc>To verify the created required informations</doc>
<arguments>
<arg>${objective}</arg>
<arg>${start_date}</arg>
<arg>${status}</arg>
<arg>${account}</arg>
<arg>${email}</arg>
<arg>${phone}</arg>
<arg>${mobile}</arg>
<arg>${time_start}</arg>
<arg>${end_time}</arg>
<arg>${contact_name}</arg>
<arg>${department}</arg>
<arg>${position}</arg>
<arg>${project_name}</arg>
<arg>${comment}</arg>
<arg>${plan}</arg>
<arg>${report}</arg>
<arg>${remaining}</arg>
<arg>${competitor}</arg>
<arg>${remark}</arg>
</arguments>
<kw name="Verify Objective Result" library="create_sales_visit_resource">
<arguments>
<arg>${objective}</arg>
</arguments>
<kw name="Verify //font Attribute Check Result" library="create_sales_visit_resource">
<doc>This function is to verify the result that contains text only from the system</doc>
<arguments>
<arg>${objective}</arg>
</arguments>
<kw name="Get Text" library="SeleniumLibrary">
<doc>Returns the text value of the element identified by ``locator``.</doc>
<arguments>
<arg>//font[contains(text(), "${expected}")]</arg>
</arguments>
<assign>
<var>${font}</var>
</assign>
<msg timestamp="20200131 19:06:01.209" level="INFO">${font} = In office</msg>
<status status="PASS" starttime="20200131 19:06:01.183" endtime="20200131 19:06:01.209"></status>
</kw>
<kw name="Log" library="BuiltIn">
<doc>Logs the given message with the given level.</doc>
<arguments>
<arg>${font}</arg>
</arguments>
<msg timestamp="20200131 19:06:01.210" level="INFO">In office</msg>
<status status="PASS" starttime="20200131 19:06:01.209" endtime="20200131 19:06:01.210"></status>
</kw>
<status status="PASS" starttime="20200131 19:06:01.182" endtime="20200131 19:06:01.210"></status>
</kw>
<status status="PASS" starttime="20200131 19:06:01.182" endtime="20200131 19:06:01.210"></status>
</kw>
<kw name="Verify Start Date Result" library="create_sales_visit_resource">
<arguments>
<arg>${start_date}</arg>
</arguments>
<kw name="Replace String" library="String">
<doc>Replaces ``search_for`` in the given ``string`` with ``replace_with``.</doc>
<arguments>
<arg>${start_date}</arg>
<arg>/</arg>
<arg>-</arg>
</arguments>
<assign>
<var>${replace}</var>
</assign>
<msg timestamp="20200131 19:06:01.211" level="INFO">${replace} = 24-05-2020</msg>
<status status="PASS" starttime="20200131 19:06:01.210" endtime="20200131 19:06:01.211"></status>
</kw>
<kw name="Element Should Contain" library="SeleniumLibrary">
<doc>Verifies that element ``locator`` contains text ``expected``.</doc>
<arguments>
<arg>//div[@id='tblSalesVisitInfomation']//tr[2]//td[2]</arg>
<arg>${replace}</arg>
</arguments>
<msg timestamp="20200131 19:06:01.239" level="INFO">Element '//div[@id='tblSalesVisitInfomation']//tr[2]//td[2]' contains text '24-05-2020'.</msg>
<status status="PASS" starttime="20200131 19:06:01.211" endtime="20200131 19:06:01.239"></status>
</kw>
<status status="PASS" starttime="20200131 19:06:01.210" endtime="20200131 19:06:01.240"></status>
</kw>
<kw name="Verify End Date Result" library="create_sales_visit_resource">
<arguments>
<arg>${start_date}</arg>
</arguments>
<kw name="Replace String" library="String">
<doc>Replaces ``search_for`` in the given ``string`` with ``replace_with``.</doc>
<arguments>
<arg>${start_date}</arg>
<arg>/</arg>
<arg>-</arg>
</arguments>
<assign>
<var>${replace}</var>
</assign>
<msg timestamp="20200131 19:06:01.240" level="INFO">${replace} = 24-05-2020</msg>
<status status="PASS" starttime="20200131 19:06:01.240" endtime="20200131 19:06:01.240"></status>
</kw>
<kw name="Element Should Contain" library="SeleniumLibrary">
<doc>Verifies that element ``locator`` contains text ``expected``.</doc>
<arguments>
<arg>//body[@class='small']//tr//tr//tr//tr//tr//tr[3]//td[2]</arg>
<arg>${replace}</arg>
</arguments>
<msg timestamp="20200131 19:06:01.261" level="INFO">Element '//body[@class='small']//tr//tr//tr//tr//tr//tr[3]//td[2]' contains text '24-05-2020'.</msg>
<status status="PASS" starttime="20200131 19:06:01.240" endtime="20200131 19:06:01.262"></status>
</kw>
<status status="PASS" starttime="20200131 19:06:01.240" endtime="20200131 19:06:01.262"></status>
</kw>
<kw name="Verify Status Result" library="create_sales_visit_resource">
<arguments>
<arg>${status}</arg>
</arguments>
<kw name="Verify //font Attribute Check Result" library="create_sales_visit_resource">
<doc>This function is to verify the result that contains text only from the system</doc>
<arguments>
<arg>${status}</arg>
</arguments>
<kw name="Get Text" library="SeleniumLibrary">
<doc>Returns the text value of the element identified by ``locator``.</doc>
<arguments>
<arg>//font[contains(text(), "${expected}")]</arg>
</arguments>
<assign>
<var>${font}</var>
</assign>
<msg timestamp="20200131 19:06:01.284" level="INFO">${font} = Plan</msg>
<status status="PASS" starttime="20200131 19:06:01.263" endtime="20200131 19:06:01.284"></status>
</kw>
<kw name="Log" library="BuiltIn">
<doc>Logs the given message with the given level.</doc>
<arguments>
<arg>${font}</arg>
</arguments>
<msg timestamp="20200131 19:06:01.284" level="INFO">Plan</msg>
<status status="PASS" starttime="20200131 19:06:01.284" endtime="20200131 19:06:01.284"></status>
</kw>
<status status="PASS" starttime="20200131 19:06:01.262" endtime="20200131 19:06:01.284"></status>
</kw>
<status status="PASS" starttime="20200131 19:06:01.262" endtime="20200131 19:06:01.284"></status>
</kw>
<kw name="Verify Account Name Result" library="create_sales_visit_resource">
<arguments>
<arg>${account}</arg>
</arguments>
<kw name="Verify //td Attribute Check Result" library="create_sales_visit_resource">
<doc>This function is to verify the result that contains text only from the system</doc>
<arguments>
<arg>${account}</arg>
</arguments>
<kw name="Get Text" library="SeleniumLibrary">
<doc>Returns the text value of the element identified by ``locator``.</doc>
<arguments>
<arg>//td[contains(text(), "${expected}")]</arg>
</arguments>
<assign>
<var>${font}</var>
</assign>
<msg timestamp="20200131 19:06:01.304" level="INFO">${font} = A I SYSTEM CO., LTD.</msg>
<status status="PASS" starttime="20200131 19:06:01.285" endtime="20200131 19:06:01.304"></status>
</kw>
<kw name="Log" library="BuiltIn">
<doc>Logs the given message with the given level.</doc>
<arguments>
<arg>${font}</arg>
</arguments>
<msg timestamp="20200131 19:06:01.304" level="INFO">A I SYSTEM CO., LTD.</msg>
<status status="PASS" starttime="20200131 19:06:01.304" endtime="20200131 19:06:01.305"></status>
</kw>
<status status="PASS" starttime="20200131 19:06:01.285" endtime="20200131 19:06:01.305"></status>
</kw>
<status status="PASS" starttime="20200131 19:06:01.284" endtime="20200131 19:06:01.305"></status>
</kw>
<kw name="Verify E-mail Result" library="create_sales_visit_resource">
<arguments>
<arg>${email}</arg>
</arguments>
<kw name="Get Text" library="SeleniumLibrary">
<doc>Returns the text value of the element identified by ``locator``.</doc>
<arguments>
<arg>//span[@id="dtlview_E-mail"][contains(text(),"${email}")]</arg>
</arguments>
<assign>
<var>${email_verify}</var>
</assign>
<msg timestamp="20200131 19:06:01.325" level="INFO">${email_verify} = ruel@aisyst.com</msg>
<status status="PASS" starttime="20200131 19:06:01.305" endtime="20200131 19:06:01.325"></status>
</kw>
<kw name="Should Be Equal" library="BuiltIn">
<doc>Fails if the given objects are unequal.</doc>
<arguments>
<arg>${email_verify}</arg>
<arg>${email}</arg>
</arguments>
<status status="PASS" starttime="20200131 19:06:01.326" endtime="20200131 19:06:01.326"></status>
</kw>
<kw name="Log" library="BuiltIn">
<doc>Logs the given message with the given level.</doc>
<arguments>
<arg>${email_verify}</arg>
</arguments>
<msg timestamp="20200131 19:06:01.326" level="INFO">ruel@aisyst.com</msg>
<status status="PASS" starttime="20200131 19:06:01.326" endtime="20200131 19:06:01.326"></status>
</kw>
<status status="PASS" starttime="20200131 19:06:01.305" endtime="20200131 19:06:01.326"></status>
</kw>
<kw name="Verify Phone Result" library="create_sales_visit_resource">
<arguments>
<arg>${phone}</arg>
</arguments>
<kw name="Get Text" library="SeleniumLibrary">
<doc>Returns the text value of the element identified by ``locator``.</doc>
<arguments>
<arg>//span[@id="dtlview_Phone"][contains(text(),'${phone}')]</arg>
</arguments>
<assign>
<var>${phone_text}</var>
</assign>
<msg timestamp="20200131 19:06:01.346" level="INFO">${phone_text} = (0) 2637-1142 -(3)</msg>
<status status="PASS" starttime="20200131 19:06:01.327" endtime="20200131 19:06:01.346"></status>
</kw>
<kw name="Should Be Equal" library="BuiltIn">
<doc>Fails if the given objects are unequal.</doc>
<arguments>
<arg>${phone_text}</arg>
<arg>${phone}</arg>
</arguments>
<status status="PASS" starttime="20200131 19:06:01.346" endtime="20200131 19:06:01.346"></status>
</kw>
<status status="PASS" starttime="20200131 19:06:01.326" endtime="20200131 19:06:01.346"></status>
</kw>
<kw name="Verify Mobile Result" library="create_sales_visit_resource">
<arguments>
<arg>${mobile}</arg>
</arguments>
<kw name="Get Text" library="SeleniumLibrary">
<doc>Returns the text value of the element identified by ``locator``.</doc>
<arguments>
<arg>//span[@id="dtlview_Mobile"][contains(text(),'${mobile}')]</arg>
</arguments>
<assign>
<var>${mobile_text}</var>
</assign>
<msg timestamp="20200131 19:06:01.367" level="INFO">${mobile_text} = (0) 2637-1142 -(3)</msg>
<status status="PASS" starttime="20200131 19:06:01.347" endtime="20200131 19:06:01.367"></status>
</kw>
<kw name="Should Be Equal" library="BuiltIn">
<doc>Fails if the given objects are unequal.</doc>
<arguments>
<arg>${mobile_text}</arg>
<arg>${mobile}</arg>
</arguments>
<status status="PASS" starttime="20200131 19:06:01.368" endtime="20200131 19:06:01.368"></status>
</kw>
<status status="PASS" starttime="20200131 19:06:01.347" endtime="20200131 19:06:01.368"></status>
</kw>
<kw name="Verify Start Time Result" library="create_sales_visit_resource">
<arguments>
<arg>${time_start}</arg>
</arguments>
<kw name="Verify //td Attribute Check Result" library="create_sales_visit_resource">
<doc>This function is to verify the result that contains text only from the system</doc>
<arguments>
<arg>${time_start}</arg>
</arguments>
<kw name="Get Text" library="SeleniumLibrary">
<doc>Returns the text value of the element identified by ``locator``.</doc>
<arguments>
<arg>//td[contains(text(), "${expected}")]</arg>
</arguments>
<assign>
<var>${font}</var>
</assign>
<msg timestamp="20200131 19:06:01.390" level="INFO">${font} = 10:33</msg>
<status status="PASS" starttime="20200131 19:06:01.369" endtime="20200131 19:06:01.390"></status>
</kw>
<kw name="Log" library="BuiltIn">
<doc>Logs the given message with the given level.</doc>
<arguments>
<arg>${font}</arg>
</arguments>
<msg timestamp="20200131 19:06:01.390" level="INFO">10:33</msg>
<status status="PASS" starttime="20200131 19:06:01.390" endtime="20200131 19:06:01.390"></status>
</kw>
<status status="PASS" starttime="20200131 19:06:01.368" endtime="20200131 19:06:01.390"></status>
</kw>
<status status="PASS" starttime="20200131 19:06:01.368" endtime="20200131 19:06:01.390"></status>
</kw>
<kw name="Verify End Time Result" library="create_sales_visit_resource">
<arguments>
<arg>${end_time}</arg>
</arguments>
<kw name="Verify //td Attribute Check Result" library="create_sales_visit_resource">
<doc>This function is to verify the result that contains text only from the system</doc>
<arguments>
<arg>${end_time}</arg>
</arguments>
<kw name="Get Text" library="SeleniumLibrary">
<doc>Returns the text value of the element identified by ``locator``.</doc>
<arguments>
<arg>//td[contains(text(), "${expected}")]</arg>
</arguments>
<assign>
<var>${font}</var>
</assign>
<kw name="Capture Page Screenshot" library="SeleniumLibrary">
<doc>Takes a screenshot of the current page and embeds it into a log file.</doc>
<msg timestamp="20200131 19:06:01.729" level="INFO" html="yes">&lt;/td&gt;&lt;/tr&gt;&lt;tr&gt;&lt;td colspan="3"&gt;&lt;a href="selenium-screenshot-6.png"&gt;&lt;img src="selenium-screenshot-6.png" width="800px"&gt;&lt;/a&gt;</msg>
<status status="PASS" starttime="20200131 19:06:01.401" endtime="20200131 19:06:01.729"></status>
</kw>
<msg timestamp="20200131 19:06:01.729" level="FAIL">Element with locator '//td[contains(text(), "11:59")]' not found.</msg>
<status status="FAIL" starttime="20200131 19:06:01.391" endtime="20200131 19:06:01.729"></status>
</kw>
<status status="FAIL" starttime="20200131 19:06:01.391" endtime="20200131 19:06:01.729"></status>
</kw>
<status status="FAIL" starttime="20200131 19:06:01.391" endtime="20200131 19:06:01.729"></status>
</kw>
<status status="FAIL" starttime="20200131 19:06:01.180" endtime="20200131 19:06:01.729"></status>
</kw>
<status status="FAIL" starttime="20200131 19:04:53.753" endtime="20200131 19:06:01.729"></status>
</kw>
<status status="FAIL" starttime="20200131 19:04:53.752" endtime="20200131 19:06:01.729"></status>
</kw>
<status status="FAIL" starttime="20200131 19:04:53.745" endtime="20200131 19:06:01.729"></status>
</kw>
<status status="FAIL" starttime="20200131 19:02:23.520" endtime="20200131 19:06:01.729"></status>
</kw>
<status status="FAIL" starttime="20200131 19:02:23.518" endtime="20200131 19:06:01.729"></status>
</kw>
<status status="FAIL" starttime="20200131 19:02:23.517" endtime="20200131 19:06:01.729" critical="yes">Element with locator '//td[contains(text(), "11:59")]' not found.</status>
</test>
<doc>This is the script for Create Sales Visit Repository</doc>
<status status="FAIL" starttime="20200131 19:02:11.223" endtime="20200131 19:06:01.729"></status>
</suite>
<statistics>
<total>
<stat pass="3" fail="1">Critical Tests</stat>
<stat pass="3" fail="1">All Tests</stat>
</total>
<tag>
<stat pass="1" fail="0">AIS-CRM SITE</stat>
<stat pass="1" fail="0">User credentials</stat>
</tag>
<suite>
<stat pass="3" fail="1" id="s1" name="Create Sales Visit All">Create Sales Visit All</stat>
</suite>
</statistics>
<errors>
</errors>
</robot>
