<?xml version="1.0" encoding="UTF-8"?>
<robot generator="Robot 3.1.2 (Python 3.7.4 on win32)" generated="20200308 20:53:21.633" rpa="false">
<suite id="s1" name="Create Case Module" source="C:\Users\ruela\Documents\robotScripts\AISCRM\create_case_module\create_case_module.robot">
<kw name="Open Chrome Browser" library="web_common" type="setup">
<doc>Open the Chrome Browser with maximize view, no infobars notification and no pop-ups.</doc>
<kw name="Evaluate" library="BuiltIn">
<doc>Evaluates the given expression in Python and returns the results.</doc>
<arguments>
<arg>sys.modules['selenium.webdriver'].ChromeOptions()</arg>
<arg>sys, selenium.webdriver</arg>
</arguments>
<assign>
<var>${chrome_options}</var>
</assign>
<msg timestamp="20200308 20:53:22.401" level="INFO">${chrome_options} = &lt;selenium.webdriver.chrome.options.Options object at 0x0367D070&gt;</msg>
<status status="PASS" starttime="20200308 20:53:22.401" endtime="20200308 20:53:22.402"></status>
</kw>
<kw name="Create Dictionary" library="BuiltIn">
<doc>Creates and returns a dictionary based on the given ``items``.</doc>
<arguments>
<arg>credentials_enable_service=${false}</arg>
</arguments>
<assign>
<var>${prefs}</var>
</assign>
<msg timestamp="20200308 20:53:22.403" level="INFO">${prefs} = {'credentials_enable_service': False}</msg>
<status status="PASS" starttime="20200308 20:53:22.402" endtime="20200308 20:53:22.403"></status>
</kw>
<kw name="Call Method" library="BuiltIn">
<doc>Calls the named method of the given object with the provided arguments.</doc>
<arguments>
<arg>${chrome_options}</arg>
<arg>add_experimental_option</arg>
<arg>prefs</arg>
<arg>${prefs}</arg>
</arguments>
<status status="PASS" starttime="20200308 20:53:22.403" endtime="20200308 20:53:22.404"></status>
</kw>
<kw name="Call Method" library="BuiltIn">
<doc>Calls the named method of the given object with the provided arguments.</doc>
<arguments>
<arg>${chrome_options}</arg>
<arg>add_argument</arg>
<arg>--start-maximized</arg>
</arguments>
<status status="PASS" starttime="20200308 20:53:22.404" endtime="20200308 20:53:22.405"></status>
</kw>
<kw name="Call Method" library="BuiltIn">
<doc>Calls the named method of the given object with the provided arguments.</doc>
<arguments>
<arg>${chrome_options}</arg>
<arg>add_argument</arg>
<arg>--disable-popup-blocking</arg>
</arguments>
<status status="PASS" starttime="20200308 20:53:22.405" endtime="20200308 20:53:22.406"></status>
</kw>
<kw name="Create Webdriver" library="SeleniumLibrary">
<doc>Creates an instance of Selenium WebDriver.</doc>
<arguments>
<arg>Chrome</arg>
<arg>chrome_options=${chrome_options}</arg>
</arguments>
<msg timestamp="20200308 20:53:22.407" level="INFO">Creating an instance of the Chrome WebDriver.</msg>
<status status="PASS" starttime="20200308 20:53:22.406" endtime="20200308 20:53:27.862"></status>
</kw>
<status status="PASS" starttime="20200308 20:53:22.400" endtime="20200308 20:53:27.862"></status>
</kw>
<test id="s1-t1" name="AIS-CRM Website">
<kw name="Launch Web System" library="misc_resources">
<doc>Url of the web application</doc>
<arguments>
<arg>${URL_2}</arg>
</arguments>
<kw name="Go To" library="SeleniumLibrary">
<doc>Navigates the current browser window to the provided ``url``.</doc>
<arguments>
<arg>${link}</arg>
</arguments>
<msg timestamp="20200308 20:53:27.868" level="INFO">Opening url 'http://aisystem.dyndns.biz:8090/aistcrm_uat/'</msg>
<status status="PASS" starttime="20200308 20:53:27.867" endtime="20200308 20:53:28.877"></status>
</kw>
<kw name="Verify Title Page" library="misc_resources">
<doc>Verify the title of the page after the login with username successfully entered.</doc>
<kw name="Get Title" library="SeleniumLibrary">
<doc>Returns the title of the current page.</doc>
<status status="PASS" starttime="20200308 20:53:28.881" endtime="20200308 20:53:28.902"></status>
</kw>
<kw name="Title Should Be" library="SeleniumLibrary">
<doc>Verifies that the current page title equals ``title``.</doc>
<arguments>
<arg>MOAI-CRM - The Premium CRM Solution</arg>
</arguments>
<msg timestamp="20200308 20:53:28.917" level="INFO">Page title is 'MOAI-CRM - The Premium CRM Solution'.</msg>
<status status="PASS" starttime="20200308 20:53:28.903" endtime="20200308 20:53:28.917"></status>
</kw>
<kw name="Log" library="BuiltIn">
<doc>Logs the given message with the given level.</doc>
<arguments>
<arg>Get Title</arg>
</arguments>
<msg timestamp="20200308 20:53:28.918" level="INFO">Get Title</msg>
<status status="PASS" starttime="20200308 20:53:28.918" endtime="20200308 20:53:28.919"></status>
</kw>
<status status="PASS" starttime="20200308 20:53:28.878" endtime="20200308 20:53:28.919"></status>
</kw>
<status status="PASS" starttime="20200308 20:53:27.865" endtime="20200308 20:53:28.920"></status>
</kw>
<status status="PASS" starttime="20200308 20:53:27.863" endtime="20200308 20:53:28.921" critical="yes"></status>
</test>
<test id="s1-t2" name="Log-In User with Valid Username And Password">
<kw name="Input Username" library="misc_resources">
<doc>This is the email username input text function.</doc>
<arguments>
<arg>${USER}</arg>
</arguments>
<kw name="Wait Until Element Is Visible" library="SeleniumLibrary">
<doc>Waits until the element ``locator`` is visible.</doc>
<arguments>
<arg>${USERNAME_LOCATOR}</arg>
</arguments>
<status status="PASS" starttime="20200308 20:53:28.931" endtime="20200308 20:53:29.031"></status>
</kw>
<kw name="Input Text" library="SeleniumLibrary">
<doc>Types the given ``text`` into the text field identified by ``locator``.</doc>
<arguments>
<arg>${USERNAME_LOCATOR}</arg>
<arg>${user_name}</arg>
<arg>clear=True</arg>
</arguments>
<msg timestamp="20200308 20:53:29.032" level="INFO">Typing text 'KC1' into text field 'name:user_name'.</msg>
<status status="PASS" starttime="20200308 20:53:29.031" endtime="20200308 20:53:29.202"></status>
</kw>
<status status="PASS" starttime="20200308 20:53:28.929" endtime="20200308 20:53:29.202"></status>
</kw>
<kw name="Input User's Password" library="misc_resources">
<doc>This is the email password input text function.</doc>
<arguments>
<arg>${PASS}</arg>
</arguments>
<kw name="Wait Until Element Is Visible" library="SeleniumLibrary">
<doc>Waits until the element ``locator`` is visible.</doc>
<arguments>
<arg>${PASSWORD_LOCATOR}</arg>
</arguments>
<status status="PASS" starttime="20200308 20:53:29.204" endtime="20200308 20:53:29.239"></status>
</kw>
<kw name="Input Password" library="SeleniumLibrary">
<doc>Types the given password into the text field identified by ``locator``.</doc>
<arguments>
<arg>${PASSWORD_LOCATOR}</arg>
<arg>${user_pass}</arg>
<arg>clear=True</arg>
</arguments>
<msg timestamp="20200308 20:53:29.240" level="INFO">Typing password into text field 'name:user_password'.</msg>
<msg timestamp="20200308 20:53:29.290" level="INFO">Temporally setting log level to: NONE</msg>
<msg timestamp="20200308 20:53:29.341" level="INFO">Log level changed from NONE to INFO.</msg>
<status status="PASS" starttime="20200308 20:53:29.239" endtime="20200308 20:53:29.341"></status>
</kw>
<status status="PASS" starttime="20200308 20:53:29.203" endtime="20200308 20:53:29.341"></status>
</kw>
<kw name="Click Login button" library="misc_resources">
<doc>This is Sign In function from the system.</doc>
<kw name="Wait Until Element Is Visible" library="SeleniumLibrary">
<doc>Waits until the element ``locator`` is visible.</doc>
<arguments>
<arg>${SIGNIN_LOCATOR}</arg>
</arguments>
<status status="PASS" starttime="20200308 20:53:29.342" endtime="20200308 20:53:29.374"></status>
</kw>
<kw name="Click Element" library="SeleniumLibrary">
<doc>Click the element identified by ``locator``.</doc>
<arguments>
<arg>${SIGNIN_LOCATOR}</arg>
</arguments>
<msg timestamp="20200308 20:53:29.375" level="INFO">Clicking element '//input[@value="Sign In"]'.</msg>
<status status="PASS" starttime="20200308 20:53:29.374" endtime="20200308 20:53:31.204"></status>
</kw>
<status status="PASS" starttime="20200308 20:53:29.341" endtime="20200308 20:53:31.205"></status>
</kw>
<tags>
<tag>User credentials</tag>
</tags>
<status status="PASS" starttime="20200308 20:53:28.927" endtime="20200308 20:53:31.207" critical="yes"></status>
</test>
<test id="s1-t3" name="Select Customer Service">
<kw name="Select Menu" library="misc_resources">
<doc>Select Menu Header like Sales, Customer Service, Inventory</doc>
<arguments>
<arg>${CUSTOMER_SERVICE}</arg>
</arguments>
<kw name="Wait Until Element Is Visible" library="SeleniumLibrary">
<doc>Waits until the element ``locator`` is visible.</doc>
<arguments>
<arg>//td[@class="tabUnSelected"]/a[contains(text(), '${menu}')]</arg>
</arguments>
<status status="PASS" starttime="20200308 20:53:31.214" endtime="20200308 20:53:31.280"></status>
</kw>
<kw name="Click Link" library="SeleniumLibrary">
<doc>Clicks a link identified by ``locator``.</doc>
<arguments>
<arg>//td[@class="tabUnSelected"]/a[contains(text(), '${menu}')]</arg>
</arguments>
<msg timestamp="20200308 20:53:31.282" level="INFO">Clicking link '//td[@class="tabUnSelected"]/a[contains(text(), 'Customer Service')]'.</msg>
<status status="PASS" starttime="20200308 20:53:31.281" endtime="20200308 20:53:32.654"></status>
</kw>
<status status="PASS" starttime="20200308 20:53:31.212" endtime="20200308 20:53:32.655"></status>
</kw>
<status status="PASS" starttime="20200308 20:53:31.210" endtime="20200308 20:53:32.655" critical="yes"></status>
</test>
<test id="s1-t4" name="Create Case Data Informations">
<kw name="Case Data Informations">
<arguments>
<arg>ALL</arg>
<arg>C:\\Users\\ruela\\Documents\\robotScripts\\AISCRM\\create_case_module${/}create_case_module.csv</arg>
</arguments>
<kw name="Get File" library="OperatingSystem">
<doc>Returns the contents of a specified file.</doc>
<arguments>
<arg>${csv}</arg>
</arguments>
<assign>
<var>${contents}</var>
</assign>
<msg timestamp="20200308 20:53:32.660" level="INFO" html="yes">Getting file '&lt;a href="file://C:\Users\ruela\Documents\robotScripts\AISCRM\create_case_module\create_case_module.csv"&gt;C:\Users\ruela\Documents\robotScripts\AISCRM\create_case_module\create_case_module.csv&lt;/a&gt;'.</msg>
<msg timestamp="20200308 20:53:32.663" level="INFO">${contents} = ﻿Case Name|Priority|Person|Case Type|Status |Account Name|Project|Case Open Date|Case Close Date|Plan Due Date|Waiting For|Partner Account|Partner Contact|Closed Reason|Channel|Description|Solution|Pr...</msg>
<status status="PASS" starttime="20200308 20:53:32.660" endtime="20200308 20:53:32.663"></status>
</kw>
<kw name="Create List" library="BuiltIn">
<doc>Returns a list containing given items.</doc>
<arguments>
<arg>${contents}</arg>
</arguments>
<assign>
<var>@{read}</var>
</assign>
<msg timestamp="20200308 20:53:32.665" level="INFO">@{read} = [ ﻿Case Name|Priority|Person|Case Type|Status |Account Name|Project|Case Open Date|Case Close Date|Plan Due Date|Waiting For|Partner Account|Partner Contact|Closed Reason|Channel|Description|Solution|...</msg>
<status status="PASS" starttime="20200308 20:53:32.663" endtime="20200308 20:53:32.665"></status>
</kw>
<kw name="Split To Lines" library="String">
<doc>Splits the given string to lines.</doc>
<arguments>
<arg>@{read}</arg>
<arg>1</arg>
</arguments>
<assign>
<var>@{lines}</var>
</assign>
<msg timestamp="20200308 20:53:32.666" level="INFO">45 lines returned</msg>
<msg timestamp="20200308 20:53:32.667" level="INFO">@{lines} = [ Business Development and PM|Urgent|Business Development and PM|แจ้งซ่อม|รับงาน|A.N.N. Service Limited Partnership|ANNS|28/02/2020||28/02/2020||VST ECS (Thailand) Co., Ltd.||||||||||||||||||||pop up ...</msg>
<status status="PASS" starttime="20200308 20:53:32.665" endtime="20200308 20:53:32.667"></status>
</kw>
<kw name="${line} IN [ @{lines} ]" type="for">
<kw name="${line} = Business Development and PM|Urgent|Business Development and PM|แจ้งซ่อม|รับงาน|A.N.N. Service Limited Partnership|ANNS|28/02/2020||28/02/2020||VST ECS (Thailand) Co., Ltd.||||||||||||||||||||pop up 0...." type="foritem">
<kw name="Select Sub-Menu" library="misc_resources">
<doc>Select Dropdown options from menu like sales visit, account,contacts, case.etc</doc>
<arguments>
<arg>${CASE_STRING}</arg>
</arguments>
<kw name="Get Element Count" library="SeleniumLibrary">
<doc>Returns the number of elements matching ``locator``.</doc>
<arguments>
<arg>//td[@class="level2SelTab"]/a[contains(text(), "${select}")]</arg>
</arguments>
<assign>
<var>${xpath_select}</var>
</assign>
<msg timestamp="20200308 20:53:32.693" level="INFO">${xpath_select} = 1</msg>
<status status="PASS" starttime="20200308 20:53:32.669" endtime="20200308 20:53:32.693"></status>
</kw>
<kw name="Get Element Count" library="SeleniumLibrary">
<doc>Returns the number of elements matching ``locator``.</doc>
<arguments>
<arg>//td[@class="level2UnSelTab"]/a[contains(text(), "${select}")]</arg>
</arguments>
<assign>
<var>${xpath_unselect}</var>
</assign>
<msg timestamp="20200308 20:53:32.720" level="INFO">${xpath_unselect} = 0</msg>
<status status="PASS" starttime="20200308 20:53:32.693" endtime="20200308 20:53:32.720"></status>
</kw>
<kw name="Run Keyword And Return If" library="BuiltIn">
<doc>Runs the specified keyword and returns from the enclosing user keyword.</doc>
<arguments>
<arg>${xpath_select}</arg>
<arg>Run Keywords</arg>
<arg>Wait Until Element Is Visible</arg>
<arg>//td[@class="level2SelTab"]/a[contains(text(), "${select}")]</arg>
<arg>AND</arg>
<arg>Click Link</arg>
<arg>//td[@class="level2SelTab"]/a[contains(text(), "${select}")]</arg>
</arguments>
<kw name="Run Keywords" library="BuiltIn">
<doc>Executes all the given keywords in a sequence.</doc>
<arguments>
<arg>Wait Until Element Is Visible</arg>
<arg>//td[@class="level2SelTab"]/a[contains(text(), "${select}")]</arg>
<arg>AND</arg>
<arg>Click Link</arg>
<arg>//td[@class="level2SelTab"]/a[contains(text(), "${select}")]</arg>
</arguments>
<kw name="Wait Until Element Is Visible" library="SeleniumLibrary">
<doc>Waits until the element ``locator`` is visible.</doc>
<arguments>
<arg>//td[@class="level2SelTab"]/a[contains(text(), "${select}")]</arg>
</arguments>
<status status="PASS" starttime="20200308 20:53:32.722" endtime="20200308 20:53:32.759"></status>
</kw>
<kw name="Click Link" library="SeleniumLibrary">
<doc>Clicks a link identified by ``locator``.</doc>
<arguments>
<arg>//td[@class="level2SelTab"]/a[contains(text(), "${select}")]</arg>
</arguments>
<msg timestamp="20200308 20:53:32.759" level="INFO">Clicking link '//td[@class="level2SelTab"]/a[contains(text(), "Case")]'.</msg>
<status status="PASS" starttime="20200308 20:53:32.759" endtime="20200308 20:53:33.711"></status>
</kw>
<status status="PASS" starttime="20200308 20:53:32.722" endtime="20200308 20:53:33.711"></status>
</kw>
<msg timestamp="20200308 20:53:33.711" level="INFO">Returning from the enclosing user keyword.</msg>
<status status="PASS" starttime="20200308 20:53:32.721" endtime="20200308 20:53:33.711"></status>
</kw>
<status status="PASS" starttime="20200308 20:53:32.669" endtime="20200308 20:53:33.711"></status>
</kw>
<kw name="Click Button To Create Page" library="misc_resources">
<doc>This is specific button for creating Case, Jobs, Contacts, Leads, Documents, Projects.
cannot use in sales visit. Exclusive for Create button, Search button, etc.</doc>
<arguments>
<arg>${CASE_STRING}</arg>
</arguments>
<kw name="Wait Until Element Is Visible" library="SeleniumLibrary">
<doc>Waits until the element ``locator`` is visible.</doc>
<arguments>
<arg>//img[@title="Create ${button_create}..."]</arg>
</arguments>
<status status="PASS" starttime="20200308 20:53:33.712" endtime="20200308 20:53:33.748"></status>
</kw>
<kw name="Click Image" library="SeleniumLibrary">
<doc>Clicks an image identified by ``locator``.</doc>
<arguments>
<arg>//img[@title="Create ${button_create}..."]</arg>
</arguments>
<msg timestamp="20200308 20:53:33.748" level="INFO">Clicking image '//img[@title="Create Case..."]'.</msg>
<status status="PASS" starttime="20200308 20:53:33.748" endtime="20200308 20:53:36.016"></status>
</kw>
<status status="PASS" starttime="20200308 20:53:33.712" endtime="20200308 20:53:36.017"></status>
</kw>
<kw name="Split String" library="String">
<doc>Splits the ``string`` using ``separator`` as a delimiter string.</doc>
<arguments>
<arg>${line}</arg>
<arg>|</arg>
</arguments>
<assign>
<var>@{bm}</var>
</assign>
<msg timestamp="20200308 20:53:36.019" level="INFO">@{bm} = [ Business Development and PM | Urgent | Business Development and PM | แจ้งซ่อม | รับงาน | A.N.N. Service Limited Partnership | ANNS | 28/02/2020 |  | 28/02/2020 |  | VST ECS (Thailand) Co., Ltd. |  |...</msg>
<status status="PASS" starttime="20200308 20:53:36.018" endtime="20200308 20:53:36.019"></status>
</kw>
<kw name="Set Variable" library="BuiltIn">
<doc>Returns the given values which can then be assigned to a variables.</doc>
<arguments>
<arg>@{bm}[0]</arg>
</arguments>
<assign>
<var>${case_name}</var>
</assign>
<msg timestamp="20200308 20:53:36.021" level="INFO">${case_name} = Business Development and PM</msg>
<status status="PASS" starttime="20200308 20:53:36.020" endtime="20200308 20:53:36.021"></status>
</kw>
<kw name="Strip String" library="String">
<doc>Remove leading and/or trailing whitespaces from the given string.</doc>
<arguments>
<arg>${case_name}${SPACE}</arg>
</arguments>
<assign>
<var>${remove_space}</var>
</assign>
<msg timestamp="20200308 20:53:36.022" level="INFO">${remove_space} = Business Development and PM</msg>
<status status="PASS" starttime="20200308 20:53:36.021" endtime="20200308 20:53:36.022"></status>
</kw>
<kw name="Remove String" library="String">
<doc>Removes all ``removables`` from the given ``string``.</doc>
<arguments>
<arg>${remove_space}</arg>
<arg>['</arg>
</arguments>
<assign>
<var>${remove_case}</var>
</assign>
<msg timestamp="20200308 20:53:36.023" level="INFO">${remove_case} = Business Development and PM</msg>
<status status="PASS" starttime="20200308 20:53:36.022" endtime="20200308 20:53:36.023"></status>
</kw>
<kw name="Set Variable" library="BuiltIn">
<doc>Returns the given values which can then be assigned to a variables.</doc>
<arguments>
<arg>@{bm}[1]</arg>
</arguments>
<assign>
<var>${remove}</var>
</assign>
<msg timestamp="20200308 20:53:36.024" level="INFO">${remove} = Urgent</msg>
<status status="PASS" starttime="20200308 20:53:36.023" endtime="20200308 20:53:36.024"></status>
</kw>
<kw name="Strip String" library="String">
<doc>Remove leading and/or trailing whitespaces from the given string.</doc>
<arguments>
<arg>${remove}${SPACE}</arg>
</arguments>
<assign>
<var>${priority}</var>
</assign>
<msg timestamp="20200308 20:53:36.026" level="INFO">${priority} = Urgent</msg>
<status status="PASS" starttime="20200308 20:53:36.024" endtime="20200308 20:53:36.026"></status>
</kw>
<kw name="Set Variable" library="BuiltIn">
<doc>Returns the given values which can then be assigned to a variables.</doc>
<arguments>
<arg>@{bm}[2]</arg>
</arguments>
<assign>
<var>${space_res}</var>
</assign>
<msg timestamp="20200308 20:53:36.027" level="INFO">${space_res} = Business Development and PM</msg>
<status status="PASS" starttime="20200308 20:53:36.026" endtime="20200308 20:53:36.027"></status>
</kw>
<kw name="Strip String" library="String">
<doc>Remove leading and/or trailing whitespaces from the given string.</doc>
<arguments>
<arg>${space_res}${SPACE}</arg>
</arguments>
<assign>
<var>${responsible}</var>
</assign>
<msg timestamp="20200308 20:53:36.028" level="INFO">${responsible} = Business Development and PM</msg>
<status status="PASS" starttime="20200308 20:53:36.027" endtime="20200308 20:53:36.028"></status>
</kw>
<kw name="Set Variable" library="BuiltIn">
<doc>Returns the given values which can then be assigned to a variables.</doc>
<arguments>
<arg>@{bm}[3]</arg>
</arguments>
<assign>
<var>${rem_case}</var>
</assign>
<msg timestamp="20200308 20:53:36.028" level="INFO">${rem_case} = แจ้งซ่อม</msg>
<status status="PASS" starttime="20200308 20:53:36.028" endtime="20200308 20:53:36.028"></status>
</kw>
<kw name="Strip String" library="String">
<doc>Remove leading and/or trailing whitespaces from the given string.</doc>
<arguments>
<arg>${rem_case}${SPACE}</arg>
</arguments>
<assign>
<var>${case_type}</var>
</assign>
<msg timestamp="20200308 20:53:36.029" level="INFO">${case_type} = แจ้งซ่อม</msg>
<status status="PASS" starttime="20200308 20:53:36.029" endtime="20200308 20:53:36.030"></status>
</kw>
<kw name="Set Variable" library="BuiltIn">
<doc>Returns the given values which can then be assigned to a variables.</doc>
<arguments>
<arg>@{bm}[4]</arg>
</arguments>
<assign>
<var>${strip_status}</var>
</assign>
<msg timestamp="20200308 20:53:36.030" level="INFO">${strip_status} = รับงาน</msg>
<status status="PASS" starttime="20200308 20:53:36.030" endtime="20200308 20:53:36.030"></status>
</kw>
<kw name="Strip String" library="String">
<doc>Remove leading and/or trailing whitespaces from the given string.</doc>
<arguments>
<arg>${strip_status}${SPACE}</arg>
</arguments>
<assign>
<var>${status}</var>
</assign>
<msg timestamp="20200308 20:53:36.031" level="INFO">${status} = รับงาน</msg>
<status status="PASS" starttime="20200308 20:53:36.031" endtime="20200308 20:53:36.031"></status>
</kw>
<kw name="Set Variable" library="BuiltIn">
<doc>Returns the given values which can then be assigned to a variables.</doc>
<arguments>
<arg>@{bm}[5]</arg>
</arguments>
<assign>
<var>${strip_account}</var>
</assign>
<msg timestamp="20200308 20:53:36.032" level="INFO">${strip_account} = A.N.N. Service Limited Partnership</msg>
<status status="PASS" starttime="20200308 20:53:36.032" endtime="20200308 20:53:36.032"></status>
</kw>
<kw name="Strip String" library="String">
<doc>Remove leading and/or trailing whitespaces from the given string.</doc>
<arguments>
<arg>${strip_account}${SPACE}</arg>
</arguments>
<assign>
<var>${account_name}</var>
</assign>
<msg timestamp="20200308 20:53:36.034" level="INFO">${account_name} = A.N.N. Service Limited Partnership</msg>
<status status="PASS" starttime="20200308 20:53:36.033" endtime="20200308 20:53:36.034"></status>
</kw>
<kw name="Set Variable" library="BuiltIn">
<doc>Returns the given values which can then be assigned to a variables.</doc>
<arguments>
<arg>@{bm}[6]</arg>
</arguments>
<assign>
<var>${strip_project}</var>
</assign>
<msg timestamp="20200308 20:53:36.034" level="INFO">${strip_project} = ANNS</msg>
<status status="PASS" starttime="20200308 20:53:36.034" endtime="20200308 20:53:36.034"></status>
</kw>
<kw name="Strip String" library="String">
<doc>Remove leading and/or trailing whitespaces from the given string.</doc>
<arguments>
<arg>${strip_project}${SPACE}</arg>
</arguments>
<assign>
<var>${project}</var>
</assign>
<msg timestamp="20200308 20:53:36.035" level="INFO">${project} = ANNS</msg>
<status status="PASS" starttime="20200308 20:53:36.035" endtime="20200308 20:53:36.036"></status>
</kw>
<kw name="Set Variable" library="BuiltIn">
<doc>Returns the given values which can then be assigned to a variables.</doc>
<arguments>
<arg>@{bm}[7]</arg>
</arguments>
<assign>
<var>${strip_case_open}</var>
</assign>
<msg timestamp="20200308 20:53:36.036" level="INFO">${strip_case_open} = 28/02/2020</msg>
<status status="PASS" starttime="20200308 20:53:36.036" endtime="20200308 20:53:36.036"></status>
</kw>
<kw name="Strip String" library="String">
<doc>Remove leading and/or trailing whitespaces from the given string.</doc>
<arguments>
<arg>${strip_case_open}${SPACE}</arg>
</arguments>
<assign>
<var>${case_open_date}</var>
</assign>
<msg timestamp="20200308 20:53:36.037" level="INFO">${case_open_date} = 28/02/2020</msg>
<status status="PASS" starttime="20200308 20:53:36.037" endtime="20200308 20:53:36.037"></status>
</kw>
<kw name="Set Variable" library="BuiltIn">
<doc>Returns the given values which can then be assigned to a variables.</doc>
<arguments>
<arg>@{bm}[8]</arg>
</arguments>
<assign>
<var>${strip_case_close}</var>
</assign>
<msg timestamp="20200308 20:53:36.038" level="INFO">${strip_case_close} = </msg>
<status status="PASS" starttime="20200308 20:53:36.038" endtime="20200308 20:53:36.038"></status>
</kw>
<kw name="Strip String" library="String">
<doc>Remove leading and/or trailing whitespaces from the given string.</doc>
<arguments>
<arg>${strip_case_close}${SPACE}</arg>
</arguments>
<assign>
<var>${case_close_date}</var>
</assign>
<msg timestamp="20200308 20:53:36.039" level="INFO">${case_close_date} = </msg>
<status status="PASS" starttime="20200308 20:53:36.039" endtime="20200308 20:53:36.039"></status>
</kw>
<kw name="Set Variable" library="BuiltIn">
<doc>Returns the given values which can then be assigned to a variables.</doc>
<arguments>
<arg>@{bm}[9]</arg>
</arguments>
<assign>
<var>${strip_plan_due}</var>
</assign>
<msg timestamp="20200308 20:53:36.040" level="INFO">${strip_plan_due} = 28/02/2020</msg>
<status status="PASS" starttime="20200308 20:53:36.040" endtime="20200308 20:53:36.040"></status>
</kw>
<kw name="Strip String" library="String">
<doc>Remove leading and/or trailing whitespaces from the given string.</doc>
<arguments>
<arg>${strip_plan_due}${SPACE}</arg>
</arguments>
<assign>
<var>${plan_due_date}</var>
</assign>
<msg timestamp="20200308 20:53:36.041" level="INFO">${plan_due_date} = 28/02/2020</msg>
<status status="PASS" starttime="20200308 20:53:36.040" endtime="20200308 20:53:36.041"></status>
</kw>
<kw name="Set Variable" library="BuiltIn">
<doc>Returns the given values which can then be assigned to a variables.</doc>
<arguments>
<arg>@{bm}[10]</arg>
</arguments>
<assign>
<var>${strip_waiting}</var>
</assign>
<msg timestamp="20200308 20:53:36.042" level="INFO">${strip_waiting} = </msg>
<status status="PASS" starttime="20200308 20:53:36.041" endtime="20200308 20:53:36.042"></status>
</kw>
<kw name="Strip String" library="String">
<doc>Remove leading and/or trailing whitespaces from the given string.</doc>
<arguments>
<arg>${strip_waiting}${SPACE}</arg>
</arguments>
<assign>
<var>${waiting}</var>
</assign>
<msg timestamp="20200308 20:53:36.043" level="INFO">${waiting} = </msg>
<status status="PASS" starttime="20200308 20:53:36.042" endtime="20200308 20:53:36.043"></status>
</kw>
<kw name="Set Variable" library="BuiltIn">
<doc>Returns the given values which can then be assigned to a variables.</doc>
<arguments>
<arg>@{bm}[11]</arg>
</arguments>
<assign>
<var>${strip_part_acc}</var>
</assign>
<msg timestamp="20200308 20:53:36.043" level="INFO">${strip_part_acc} = VST ECS (Thailand) Co., Ltd.</msg>
<status status="PASS" starttime="20200308 20:53:36.043" endtime="20200308 20:53:36.044"></status>
</kw>
<kw name="Strip String" library="String">
<doc>Remove leading and/or trailing whitespaces from the given string.</doc>
<arguments>
<arg>${strip_part_acc}${SPACE}</arg>
</arguments>
<assign>
<var>${partner_account}</var>
</assign>
<msg timestamp="20200308 20:53:36.044" level="INFO">${partner_account} = VST ECS (Thailand) Co., Ltd.</msg>
<status status="PASS" starttime="20200308 20:53:36.044" endtime="20200308 20:53:36.044"></status>
</kw>
<kw name="Set Variable" library="BuiltIn">
<doc>Returns the given values which can then be assigned to a variables.</doc>
<arguments>
<arg>@{bm}[12]</arg>
</arguments>
<assign>
<var>${strip_part_cont}</var>
</assign>
<msg timestamp="20200308 20:53:36.045" level="INFO">${strip_part_cont} = </msg>
<status status="PASS" starttime="20200308 20:53:36.045" endtime="20200308 20:53:36.045"></status>
</kw>
<kw name="Strip String" library="String">
<doc>Remove leading and/or trailing whitespaces from the given string.</doc>
<arguments>
<arg>${strip_part_cont}${SPACE}</arg>
</arguments>
<assign>
<var>${partner_contact}</var>
</assign>
<msg timestamp="20200308 20:53:36.046" level="INFO">${partner_contact} = </msg>
<status status="PASS" starttime="20200308 20:53:36.046" endtime="20200308 20:53:36.046"></status>
</kw>
<kw name="Set Variable" library="BuiltIn">
<doc>Returns the given values which can then be assigned to a variables.</doc>
<arguments>
<arg>@{bm}[13]</arg>
</arguments>
<assign>
<var>${strip_closed}</var>
</assign>
<msg timestamp="20200308 20:53:36.047" level="INFO">${strip_closed} = </msg>
<status status="PASS" starttime="20200308 20:53:36.047" endtime="20200308 20:53:36.047"></status>
</kw>
<kw name="Strip String" library="String">
<doc>Remove leading and/or trailing whitespaces from the given string.</doc>
<arguments>
<arg>${strip_closed}${SPACE}</arg>
</arguments>
<assign>
<var>${closed_reason}</var>
</assign>
<msg timestamp="20200308 20:53:36.048" level="INFO">${closed_reason} = </msg>
<status status="PASS" starttime="20200308 20:53:36.047" endtime="20200308 20:53:36.048"></status>
</kw>
<kw name="Set Variable" library="BuiltIn">
<doc>Returns the given values which can then be assigned to a variables.</doc>
<arguments>
<arg>@{bm}[14]</arg>
</arguments>
<assign>
<var>${strip_channel}</var>
</assign>
<msg timestamp="20200308 20:53:36.049" level="INFO">${strip_channel} = </msg>
<status status="PASS" starttime="20200308 20:53:36.048" endtime="20200308 20:53:36.049"></status>
</kw>
<kw name="Strip String" library="String">
<doc>Remove leading and/or trailing whitespaces from the given string.</doc>
<arguments>
<arg>${strip_channel}${SPACE}</arg>
</arguments>
<assign>
<var>${channel}</var>
</assign>
<msg timestamp="20200308 20:53:36.050" level="INFO">${channel} = </msg>
<status status="PASS" starttime="20200308 20:53:36.049" endtime="20200308 20:53:36.050"></status>
</kw>
<kw name="Set Variable" library="BuiltIn">
<doc>Returns the given values which can then be assigned to a variables.</doc>
<arguments>
<arg>@{bm}[15]</arg>
</arguments>
<assign>
<var>${strip_description}</var>
</assign>
<msg timestamp="20200308 20:53:36.051" level="INFO">${strip_description} = </msg>
<status status="PASS" starttime="20200308 20:53:36.050" endtime="20200308 20:53:36.052"></status>
</kw>
<kw name="Strip String" library="String">
<doc>Remove leading and/or trailing whitespaces from the given string.</doc>
<arguments>
<arg>${strip_description}${SPACE}</arg>
</arguments>
<assign>
<var>${description}</var>
</assign>
<msg timestamp="20200308 20:53:36.069" level="INFO">${description} = </msg>
<status status="PASS" starttime="20200308 20:53:36.052" endtime="20200308 20:53:36.070"></status>
</kw>
<kw name="Set Variable" library="BuiltIn">
<doc>Returns the given values which can then be assigned to a variables.</doc>
<arguments>
<arg>@{bm}[16]</arg>
</arguments>
<assign>
<var>${strip_solution}</var>
</assign>
<msg timestamp="20200308 20:53:36.071" level="INFO">${strip_solution} = </msg>
<status status="PASS" starttime="20200308 20:53:36.070" endtime="20200308 20:53:36.071"></status>
</kw>
<kw name="Strip String" library="String">
<doc>Remove leading and/or trailing whitespaces from the given string.</doc>
<arguments>
<arg>${strip_solution}${SPACE}</arg>
</arguments>
<assign>
<var>${solution}</var>
</assign>
<msg timestamp="20200308 20:53:36.072" level="INFO">${solution} = </msg>
<status status="PASS" starttime="20200308 20:53:36.072" endtime="20200308 20:53:36.073"></status>
</kw>
<kw name="Set Variable" library="BuiltIn">
<doc>Returns the given values which can then be assigned to a variables.</doc>
<arguments>
<arg>@{bm}[17]</arg>
</arguments>
<assign>
<var>${strip_prevent}</var>
</assign>
<msg timestamp="20200308 20:53:36.074" level="INFO">${strip_prevent} = </msg>
<status status="PASS" starttime="20200308 20:53:36.073" endtime="20200308 20:53:36.074"></status>
</kw>
<kw name="Strip String" library="String">
<doc>Remove leading and/or trailing whitespaces from the given string.</doc>
<arguments>
<arg>${strip_prevent}${SPACE}</arg>
</arguments>
<assign>
<var>${prevention}</var>
</assign>
<msg timestamp="20200308 20:53:36.075" level="INFO">${prevention} = </msg>
<status status="PASS" starttime="20200308 20:53:36.075" endtime="20200308 20:53:36.076"></status>
</kw>
<kw name="Set Variable" library="BuiltIn">
<doc>Returns the given values which can then be assigned to a variables.</doc>
<arguments>
<arg>@{bm}[18]</arg>
</arguments>
<assign>
<var>${strip_contact_name}</var>
</assign>
<msg timestamp="20200308 20:53:36.077" level="INFO">${strip_contact_name} = </msg>
<status status="PASS" starttime="20200308 20:53:36.076" endtime="20200308 20:53:36.077"></status>
</kw>
<kw name="Strip String" library="String">
<doc>Remove leading and/or trailing whitespaces from the given string.</doc>
<arguments>
<arg>${strip_contact_name}${SPACE}</arg>
</arguments>
<assign>
<var>${contact_name}</var>
</assign>
<msg timestamp="20200308 20:53:36.078" level="INFO">${contact_name} = </msg>
<status status="PASS" starttime="20200308 20:53:36.077" endtime="20200308 20:53:36.078"></status>
</kw>
<kw name="Set Variable" library="BuiltIn">
<doc>Returns the given values which can then be assigned to a variables.</doc>
<arguments>
<arg>@{bm}[19]</arg>
</arguments>
<assign>
<var>${strip_contact_mobile}</var>
</assign>
<msg timestamp="20200308 20:53:36.079" level="INFO">${strip_contact_mobile} = </msg>
<status status="PASS" starttime="20200308 20:53:36.078" endtime="20200308 20:53:36.079"></status>
</kw>
<kw name="Strip String" library="String">
<doc>Remove leading and/or trailing whitespaces from the given string.</doc>
<arguments>
<arg>${strip_contact_mobile}${SPACE}</arg>
</arguments>
<assign>
<var>${contact_mobile}</var>
</assign>
<msg timestamp="20200308 20:53:36.080" level="INFO">${contact_mobile} = </msg>
<status status="PASS" starttime="20200308 20:53:36.079" endtime="20200308 20:53:36.080"></status>
</kw>
<kw name="Set Variable" library="BuiltIn">
<doc>Returns the given values which can then be assigned to a variables.</doc>
<arguments>
<arg>@{bm}[20]</arg>
</arguments>
<assign>
<var>${strip_contact_email}</var>
</assign>
<msg timestamp="20200308 20:53:36.080" level="INFO">${strip_contact_email} = </msg>
<status status="PASS" starttime="20200308 20:53:36.080" endtime="20200308 20:53:36.081"></status>
</kw>
<kw name="Strip String" library="String">
<doc>Remove leading and/or trailing whitespaces from the given string.</doc>
<arguments>
<arg>${strip_contact_email}${SPACE}</arg>
</arguments>
<assign>
<var>${contact_email}</var>
</assign>
<msg timestamp="20200308 20:53:36.081" level="INFO">${contact_email} = </msg>
<status status="PASS" starttime="20200308 20:53:36.081" endtime="20200308 20:53:36.081"></status>
</kw>
<kw name="Set Variable" library="BuiltIn">
<doc>Returns the given values which can then be assigned to a variables.</doc>
<arguments>
<arg>@{bm}[21]</arg>
</arguments>
<assign>
<var>${strip_product_name}</var>
</assign>
<msg timestamp="20200308 20:53:36.082" level="INFO">${strip_product_name} = </msg>
<status status="PASS" starttime="20200308 20:53:36.082" endtime="20200308 20:53:36.082"></status>
</kw>
<kw name="Strip String" library="String">
<doc>Remove leading and/or trailing whitespaces from the given string.</doc>
<arguments>
<arg>${strip_product_name}${SPACE}</arg>
</arguments>
<assign>
<var>${product_name}</var>
</assign>
<msg timestamp="20200308 20:53:36.084" level="INFO">${product_name} = </msg>
<status status="PASS" starttime="20200308 20:53:36.083" endtime="20200308 20:53:36.084"></status>
</kw>
<kw name="Set Variable" library="BuiltIn">
<doc>Returns the given values which can then be assigned to a variables.</doc>
<arguments>
<arg>@{bm}[22]</arg>
</arguments>
<assign>
<var>${strip_serial_name}</var>
</assign>
<msg timestamp="20200308 20:53:36.085" level="INFO">${strip_serial_name} = </msg>
<status status="PASS" starttime="20200308 20:53:36.084" endtime="20200308 20:53:36.085"></status>
</kw>
<kw name="Strip String" library="String">
<doc>Remove leading and/or trailing whitespaces from the given string.</doc>
<arguments>
<arg>${strip_serial_name}${SPACE}</arg>
</arguments>
<assign>
<var>${serial_name}</var>
</assign>
<msg timestamp="20200308 20:53:36.086" level="INFO">${serial_name} = </msg>
<status status="PASS" starttime="20200308 20:53:36.085" endtime="20200308 20:53:36.086"></status>
</kw>
<kw name="Set Variable" library="BuiltIn">
<doc>Returns the given values which can then be assigned to a variables.</doc>
<arguments>
<arg>@{bm}[23]</arg>
</arguments>
<assign>
<var>${strip_product_brand}</var>
</assign>
<msg timestamp="20200308 20:53:36.087" level="INFO">${strip_product_brand} = </msg>
<status status="PASS" starttime="20200308 20:53:36.086" endtime="20200308 20:53:36.087"></status>
</kw>
<kw name="Strip String" library="String">
<doc>Remove leading and/or trailing whitespaces from the given string.</doc>
<arguments>
<arg>${strip_product_brand}${SPACE}</arg>
</arguments>
<assign>
<var>${product_brand}</var>
</assign>
<msg timestamp="20200308 20:53:36.088" level="INFO">${product_brand} = </msg>
<status status="PASS" starttime="20200308 20:53:36.087" endtime="20200308 20:53:36.088"></status>
</kw>
<kw name="Set Variable" library="BuiltIn">
<doc>Returns the given values which can then be assigned to a variables.</doc>
<arguments>
<arg>@{bm}[24]</arg>
</arguments>
<assign>
<var>${strip_product_model}</var>
</assign>
<msg timestamp="20200308 20:53:36.089" level="INFO">${strip_product_model} = </msg>
<status status="PASS" starttime="20200308 20:53:36.088" endtime="20200308 20:53:36.089"></status>
</kw>
<kw name="Strip String" library="String">
<doc>Remove leading and/or trailing whitespaces from the given string.</doc>
<arguments>
<arg>${strip_product_model}${SPACE}</arg>
</arguments>
<assign>
<var>${product_model}</var>
</assign>
<msg timestamp="20200308 20:53:36.089" level="INFO">${product_model} = </msg>
<status status="PASS" starttime="20200308 20:53:36.089" endtime="20200308 20:53:36.090"></status>
</kw>
<kw name="Set Variable" library="BuiltIn">
<doc>Returns the given values which can then be assigned to a variables.</doc>
<arguments>
<arg>@{bm}[25]</arg>
</arguments>
<assign>
<var>${strip_delivery_date}</var>
</assign>
<msg timestamp="20200308 20:53:36.090" level="INFO">${strip_delivery_date} = </msg>
<status status="PASS" starttime="20200308 20:53:36.090" endtime="20200308 20:53:36.090"></status>
</kw>
<kw name="Strip String" library="String">
<doc>Remove leading and/or trailing whitespaces from the given string.</doc>
<arguments>
<arg>${strip_delivery_date}${SPACE}</arg>
</arguments>
<assign>
<var>${delivery_date}</var>
</assign>
<msg timestamp="20200308 20:53:36.091" level="INFO">${delivery_date} = </msg>
<status status="PASS" starttime="20200308 20:53:36.091" endtime="20200308 20:53:36.091"></status>
</kw>
<kw name="Set Variable" library="BuiltIn">
<doc>Returns the given values which can then be assigned to a variables.</doc>
<arguments>
<arg>@{bm}[26]</arg>
</arguments>
<assign>
<var>${strip_warranty}</var>
</assign>
<msg timestamp="20200308 20:53:36.092" level="INFO">${strip_warranty} = </msg>
<status status="PASS" starttime="20200308 20:53:36.092" endtime="20200308 20:53:36.092"></status>
</kw>
<kw name="Strip String" library="String">
<doc>Remove leading and/or trailing whitespaces from the given string.</doc>
<arguments>
<arg>${strip_warranty}${SPACE}</arg>
</arguments>
<assign>
<var>${warranty}</var>
</assign>
<msg timestamp="20200308 20:53:36.093" level="INFO">${warranty} = </msg>
<status status="PASS" starttime="20200308 20:53:36.092" endtime="20200308 20:53:36.093"></status>
</kw>
<kw name="Set Variable" library="BuiltIn">
<doc>Returns the given values which can then be assigned to a variables.</doc>
<arguments>
<arg>@{bm}[27]</arg>
</arguments>
<assign>
<var>${strip_warranty_active}</var>
</assign>
<msg timestamp="20200308 20:53:36.094" level="INFO">${strip_warranty_active} = </msg>
<status status="PASS" starttime="20200308 20:53:36.094" endtime="20200308 20:53:36.094"></status>
</kw>
<kw name="Strip String" library="String">
<doc>Remove leading and/or trailing whitespaces from the given string.</doc>
<arguments>
<arg>${strip_warranty_active}${SPACE}</arg>
</arguments>
<assign>
<var>${warranty_active_date}</var>
</assign>
<msg timestamp="20200308 20:53:36.095" level="INFO">${warranty_active_date} = </msg>
<status status="PASS" starttime="20200308 20:53:36.095" endtime="20200308 20:53:36.095"></status>
</kw>
<kw name="Set Variable" library="BuiltIn">
<doc>Returns the given values which can then be assigned to a variables.</doc>
<arguments>
<arg>@{bm}[28]</arg>
</arguments>
<assign>
<var>${strip_check_prod}</var>
</assign>
<msg timestamp="20200308 20:53:36.096" level="INFO">${strip_check_prod} = </msg>
<status status="PASS" starttime="20200308 20:53:36.096" endtime="20200308 20:53:36.096"></status>
</kw>
<kw name="Strip String" library="String">
<doc>Remove leading and/or trailing whitespaces from the given string.</doc>
<arguments>
<arg>${strip_check_prod}${SPACE}</arg>
</arguments>
<assign>
<var>${check_product_date}</var>
</assign>
<msg timestamp="20200308 20:53:36.097" level="INFO">${check_product_date} = </msg>
<status status="PASS" starttime="20200308 20:53:36.097" endtime="20200308 20:53:36.097"></status>
</kw>
<kw name="Set Variable" library="BuiltIn">
<doc>Returns the given values which can then be assigned to a variables.</doc>
<arguments>
<arg>@{bm}[29]</arg>
</arguments>
<assign>
<var>${strip_warranty_expired}</var>
</assign>
<msg timestamp="20200308 20:53:36.098" level="INFO">${strip_warranty_expired} = </msg>
<status status="PASS" starttime="20200308 20:53:36.098" endtime="20200308 20:53:36.098"></status>
</kw>
<kw name="Strip String" library="String">
<doc>Remove leading and/or trailing whitespaces from the given string.</doc>
<arguments>
<arg>${strip_warranty_expired}${SPACE}</arg>
</arguments>
<assign>
<var>${warranty_expired_date}</var>
</assign>
<msg timestamp="20200308 20:53:36.099" level="INFO">${warranty_expired_date} = </msg>
<status status="PASS" starttime="20200308 20:53:36.099" endtime="20200308 20:53:36.099"></status>
</kw>
<kw name="Set Variable" library="BuiltIn">
<doc>Returns the given values which can then be assigned to a variables.</doc>
<arguments>
<arg>@{bm}[30]</arg>
</arguments>
<assign>
<var>${strip_sent_prod_date}</var>
</assign>
<msg timestamp="20200308 20:53:36.100" level="INFO">${strip_sent_prod_date} = </msg>
<status status="PASS" starttime="20200308 20:53:36.099" endtime="20200308 20:53:36.100"></status>
</kw>
<kw name="Strip String" library="String">
<doc>Remove leading and/or trailing whitespaces from the given string.</doc>
<arguments>
<arg>${strip_sent_prod_date}${SPACE}</arg>
</arguments>
<assign>
<var>${sent_product_date}</var>
</assign>
<msg timestamp="20200308 20:53:36.102" level="INFO">${sent_product_date} = </msg>
<status status="PASS" starttime="20200308 20:53:36.101" endtime="20200308 20:53:36.102"></status>
</kw>
<kw name="Set Variable" library="BuiltIn">
<doc>Returns the given values which can then be assigned to a variables.</doc>
<arguments>
<arg>@{bm}[31]</arg>
</arguments>
<assign>
<var>${strip_img}</var>
</assign>
<msg timestamp="20200308 20:53:36.102" level="INFO">${strip_img} = pop up 0.png</msg>
<status status="PASS" starttime="20200308 20:53:36.102" endtime="20200308 20:53:36.103"></status>
</kw>
<kw name="Strip String" library="String">
<doc>Remove leading and/or trailing whitespaces from the given string.</doc>
<arguments>
<arg>${strip_img}${SPACE}</arg>
</arguments>
<assign>
<var>${case_image}</var>
</assign>
<msg timestamp="20200308 20:53:36.103" level="INFO">${case_image} = pop up 0.png</msg>
<status status="PASS" starttime="20200308 20:53:36.103" endtime="20200308 20:53:36.104"></status>
</kw>
<kw name="Run Keyword If" library="BuiltIn">
<doc>Runs the given keyword with the given arguments, if ``condition`` is true.</doc>
<arguments>
<arg>'${data}'=='ALL'</arg>
<arg>Enter Case Information</arg>
<arg>${remove_case}</arg>
<arg>${priority}</arg>
<arg>${responsible}</arg>
<arg>${case_type}</arg>
<arg>${status}</arg>
<arg>${channel}</arg>
<arg>${closed_reason}</arg>
<arg>${account_name}</arg>
<arg>${project}</arg>
<arg>${case_open_date}</arg>
<arg>${case_close_date}</arg>
<arg>${plan_due_date}</arg>
<arg>${waiting}</arg>
<arg>${partner_account}</arg>
<arg>${partner_contact}</arg>
<arg>${description}</arg>
<arg>${solution}</arg>
<arg>${prevention}</arg>
<arg>${contact_name}</arg>
<arg>${contact_mobile}</arg>
<arg>${contact_email}</arg>
<arg>${serial_name}</arg>
<arg>${product_name}</arg>
<arg>${product_brand}</arg>
<arg>${product_model}</arg>
<arg>${delivery_date}</arg>
<arg>${warranty}</arg>
<arg>${warranty_active_date}</arg>
<arg>${check_product_date}</arg>
<arg>${warranty_expired_date}</arg>
<arg>${sent_product_date}</arg>
<arg>${case_image}</arg>
</arguments>
<kw name="Enter Case Information">
<arguments>
<arg>${remove_case}</arg>
<arg>${priority}</arg>
<arg>${responsible}</arg>
<arg>${case_type}</arg>
<arg>${status}</arg>
<arg>${channel}</arg>
<arg>${closed_reason}</arg>
<arg>${account_name}</arg>
<arg>${project}</arg>
<arg>${case_open_date}</arg>
<arg>${case_close_date}</arg>
<arg>${plan_due_date}</arg>
<arg>${waiting}</arg>
<arg>${partner_account}</arg>
<arg>${partner_contact}</arg>
<arg>${description}</arg>
<arg>${solution}</arg>
<arg>${prevention}</arg>
<arg>${contact_name}</arg>
<arg>${contact_mobile}</arg>
<arg>${contact_email}</arg>
<arg>${serial_name}</arg>
<arg>${product_name}</arg>
<arg>${product_brand}</arg>
<arg>${product_model}</arg>
<arg>${delivery_date}</arg>
<arg>${warranty}</arg>
<arg>${warranty_active_date}</arg>
<arg>${check_product_date}</arg>
<arg>${warranty_expired_date}</arg>
<arg>${sent_product_date}</arg>
<arg>${case_image}</arg>
</arguments>
<kw name="Case Name">
<arguments>
<arg>${remove_case}</arg>
</arguments>
<kw name="Input Data To TextBox" library="misc_resources">
<doc>This function is to locate the element of the textbox and Input the desired text in this location.</doc>
<arguments>
<arg>${CASE_TXTBOX}</arg>
<arg>${remove_case}</arg>
</arguments>
<kw name="Wait Until Element Is Visible" library="SeleniumLibrary">
<doc>Waits until the element ``locator`` is visible.</doc>
<arguments>
<arg>${locator}</arg>
</arguments>
<status status="PASS" starttime="20200308 20:53:36.110" endtime="20200308 20:53:36.163"></status>
</kw>
<kw name="Input Text" library="SeleniumLibrary">
<doc>Types the given ``text`` into the text field identified by ``locator``.</doc>
<arguments>
<arg>${locator}</arg>
<arg>${string}</arg>
</arguments>
<msg timestamp="20200308 20:53:36.164" level="INFO">Typing text 'Business Development and PM' into text field 'name:ticket_title'.</msg>
<status status="PASS" starttime="20200308 20:53:36.163" endtime="20200308 20:53:36.548"></status>
</kw>
<status status="PASS" starttime="20200308 20:53:36.109" endtime="20200308 20:53:36.548"></status>
</kw>
<status status="PASS" starttime="20200308 20:53:36.108" endtime="20200308 20:53:36.549"></status>
</kw>
<kw name="Priority Case">
<arguments>
<arg>${priority}</arg>
</arguments>
<kw name="Get WebElements" library="SeleniumLibrary">
<doc>Returns a list of WebElement objects matching the ``locator``.</doc>
<arguments>
<arg>//select[@name="ticket_important"]</arg>
</arguments>
<assign>
<var>${prior}</var>
</assign>
<msg timestamp="20200308 20:53:36.565" level="INFO">${prior} = [&lt;selenium.webdriver.remote.webelement.WebElement (session="c7c07fb1fade2b7380b39205b95499b6", element="51f64e50-58ad-48dd-9637-1ecda790050c")&gt;]</msg>
<status status="PASS" starttime="20200308 20:53:36.549" endtime="20200308 20:53:36.565"></status>
</kw>
<kw name="${item} IN [ @{prior} ]" type="for">
<kw name="${item} = &lt;selenium.webdriver.remote.webelement.WebElement (session=&quot;c7c07fb1fade2b7380b39205b95499b6&quot;, element=&quot;51f64e50-58ad-48dd-9637-1ecda790050c&quot;)&gt;" type="foritem">
<kw name="Log" library="BuiltIn">
<doc>Logs the given message with the given level.</doc>
<arguments>
<arg>${item.text}</arg>
</arguments>
<msg timestamp="20200308 20:53:36.591" level="INFO">                    
                
                                                                 
                                --None--
                        
                        
                                                                    
                                Low
                        
                        
                                                                    
                                Medium
                        
                        
                                                                    
                                High
                        
                        
                                                                    
                                Urgent
                        
                        
                    

                

                   </msg>
<status status="PASS" starttime="20200308 20:53:36.566" endtime="20200308 20:53:36.592"></status>
</kw>
<status status="PASS" starttime="20200308 20:53:36.566" endtime="20200308 20:53:36.592"></status>
</kw>
<status status="PASS" starttime="20200308 20:53:36.565" endtime="20200308 20:53:36.592"></status>
</kw>
<kw name="Run Keyword If" library="BuiltIn">
<doc>Runs the given keyword with the given arguments, if ``condition`` is true.</doc>
<arguments>
<arg>"${priority}"=="None"</arg>
<arg>Click Element</arg>
<arg>//select[@name="ticket_important"]/option[@value="--${priority}--"]</arg>
<arg>ELSE</arg>
<arg>Select Option From Dropdown List</arg>
<arg>${PRIORITY_LOC}</arg>
<arg>${priority}</arg>
</arguments>
<kw name="Select Option From Dropdown List" library="misc_resources">
<doc>Example in Status from Sales Visit : Plan, Complete, Cancel</doc>
<arguments>
<arg>${PRIORITY_LOC}</arg>
<arg>${priority}</arg>
</arguments>
<kw name="Click Element" library="SeleniumLibrary">
<doc>Click the element identified by ``locator``.</doc>
<arguments>
<arg>//select[@name="${search}"]/option[@value="${option_value}"]</arg>
</arguments>
<msg timestamp="20200308 20:53:36.594" level="INFO">Clicking element '//select[@name="ticket_important"]/option[@value="Urgent"]'.</msg>
<status status="PASS" starttime="20200308 20:53:36.594" endtime="20200308 20:53:36.658"></status>
</kw>
<status status="PASS" starttime="20200308 20:53:36.593" endtime="20200308 20:53:36.658"></status>
</kw>
<status status="PASS" starttime="20200308 20:53:36.592" endtime="20200308 20:53:36.658"></status>
</kw>
<status status="PASS" starttime="20200308 20:53:36.549" endtime="20200308 20:53:36.658"></status>
</kw>
<kw name="Responsible Person">
<doc>This is to set the person to assign Case</doc>
<arguments>
<arg>${responsible}</arg>
</arguments>
<kw name="Radio Button" library="misc_resources">
<doc>This Function is to select the desired option using radio button</doc>
<arguments>
<arg>${responsible}</arg>
</arguments>
<kw name="Get Element Count" library="SeleniumLibrary">
<doc>Returns the number of elements matching ``locator``.</doc>
<arguments>
<arg>//select[@name="assigned_user_id"]/option[contains(text(), "${select_option}")]</arg>
</arguments>
<assign>
<var>${xpath_user}</var>
</assign>
<msg timestamp="20200308 20:53:36.676" level="INFO">${xpath_user} = 0</msg>
<status status="PASS" starttime="20200308 20:53:36.659" endtime="20200308 20:53:36.676"></status>
</kw>
<kw name="Get Element Count" library="SeleniumLibrary">
<doc>Returns the number of elements matching ``locator``.</doc>
<arguments>
<arg>//select[@name="assigned_group_id"]/option[contains(text(), "${select_option}")]</arg>
</arguments>
<assign>
<var>${xpath_group}</var>
</assign>
<msg timestamp="20200308 20:53:36.693" level="INFO">${xpath_group} = 1</msg>
<status status="PASS" starttime="20200308 20:53:36.677" endtime="20200308 20:53:36.694"></status>
</kw>
<kw name="Run Keyword And Return If" library="BuiltIn">
<doc>Runs the specified keyword and returns from the enclosing user keyword.</doc>
<arguments>
<arg>${xpath_user}</arg>
<arg>Run Keywords</arg>
<arg>Select Radio Button</arg>
<arg>assigntype</arg>
<arg>U</arg>
<arg>AND</arg>
<arg>Click Element</arg>
<arg>//select[@name="assigned_user_id"]/option[contains(text(), "${select_option}")]</arg>
</arguments>
<status status="PASS" starttime="20200308 20:53:36.694" endtime="20200308 20:53:36.695"></status>
</kw>
<kw name="Run Keyword And Return If" library="BuiltIn">
<doc>Runs the specified keyword and returns from the enclosing user keyword.</doc>
<arguments>
<arg>${xpath_group}</arg>
<arg>Run Keywords</arg>
<arg>Select Radio Button</arg>
<arg>assigntype</arg>
<arg>T</arg>
<arg>AND</arg>
<arg>Wait Until Element Is Visible</arg>
<arg>//select[@name="assigned_group_id"]/option[contains(text(), "${select_option}")]</arg>
<arg>AND</arg>
<arg>Click Element</arg>
<arg>//select[@name="assigned_group_id"]/option[contains(text(), "${select_option}")]</arg>
</arguments>
<kw name="Run Keywords" library="BuiltIn">
<doc>Executes all the given keywords in a sequence.</doc>
<arguments>
<arg>Select Radio Button</arg>
<arg>assigntype</arg>
<arg>T</arg>
<arg>AND</arg>
<arg>Wait Until Element Is Visible</arg>
<arg>//select[@name="assigned_group_id"]/option[contains(text(), "${select_option}")]</arg>
<arg>AND</arg>
<arg>Click Element</arg>
<arg>//select[@name="assigned_group_id"]/option[contains(text(), "${select_option}")]</arg>
</arguments>
<kw name="Select Radio Button" library="SeleniumLibrary">
<doc>Sets the radio button group ``group_name`` to ``value``.</doc>
<arguments>
<arg>assigntype</arg>
<arg>T</arg>
</arguments>
<msg timestamp="20200308 20:53:36.697" level="INFO">Selecting 'T' from radio button 'assigntype'.</msg>
<status status="PASS" starttime="20200308 20:53:36.696" endtime="20200308 20:53:36.805"></status>
</kw>
<kw name="Wait Until Element Is Visible" library="SeleniumLibrary">
<doc>Waits until the element ``locator`` is visible.</doc>
<arguments>
<arg>//select[@name="assigned_group_id"]/option[contains(text(), "${select_option}")]</arg>
</arguments>
<status status="PASS" starttime="20200308 20:53:36.805" endtime="20200308 20:53:36.832"></status>
</kw>
<kw name="Click Element" library="SeleniumLibrary">
<doc>Click the element identified by ``locator``.</doc>
<arguments>
<arg>//select[@name="assigned_group_id"]/option[contains(text(), "${select_option}")]</arg>
</arguments>
<msg timestamp="20200308 20:53:36.832" level="INFO">Clicking element '//select[@name="assigned_group_id"]/option[contains(text(), "Business Development and PM")]'.</msg>
<status status="PASS" starttime="20200308 20:53:36.832" endtime="20200308 20:53:36.885"></status>
</kw>
<status status="PASS" starttime="20200308 20:53:36.696" endtime="20200308 20:53:36.885"></status>
</kw>
<msg timestamp="20200308 20:53:36.885" level="INFO">Returning from the enclosing user keyword.</msg>
<status status="PASS" starttime="20200308 20:53:36.695" endtime="20200308 20:53:36.886"></status>
</kw>
<status status="PASS" starttime="20200308 20:53:36.659" endtime="20200308 20:53:36.886"></status>
</kw>
<status status="PASS" starttime="20200308 20:53:36.658" endtime="20200308 20:53:36.886"></status>
</kw>
<kw name="Case Type">
<arguments>
<arg>${case_type}</arg>
</arguments>
<kw name="Get WebElements" library="SeleniumLibrary">
<doc>Returns a list of WebElement objects matching the ``locator``.</doc>
<arguments>
<arg>//select[@name="ticket_type"]</arg>
</arguments>
<assign>
<var>${ticket}</var>
</assign>
<msg timestamp="20200308 20:53:36.904" level="INFO">${ticket} = [&lt;selenium.webdriver.remote.webelement.WebElement (session="c7c07fb1fade2b7380b39205b95499b6", element="59b5b7f0-0530-4fea-b6ee-f75edf50c587")&gt;]</msg>
<status status="PASS" starttime="20200308 20:53:36.887" endtime="20200308 20:53:36.904"></status>
</kw>
<kw name="${item} IN [ @{ticket} ]" type="for">
<kw name="${item} = &lt;selenium.webdriver.remote.webelement.WebElement (session=&quot;c7c07fb1fade2b7380b39205b95499b6&quot;, element=&quot;59b5b7f0-0530-4fea-b6ee-f75edf50c587&quot;)&gt;" type="foritem">
<kw name="Log" library="BuiltIn">
<doc>Logs the given message with the given level.</doc>
<arguments>
<arg>${item.text}</arg>
</arguments>
<msg timestamp="20200308 20:53:36.937" level="INFO">                    
                
                                                                 
                                --None--
                        
                        
                                                                    
                                แจ้งปัญหา
                        
                        
                                                                    
                                ร้องเรียน
                        
                        
                                                                    
                                แจ้งซ่อม
                        
                        
                                                                    
                                ร้องขอสนับสนุน
                        
                        
                                                                    
                                แจ้งเคลม
                        
                        
                                                                    
                                อื่นๆ
                        
                        
                    

                

                   </msg>
<status status="PASS" starttime="20200308 20:53:36.905" endtime="20200308 20:53:36.937"></status>
</kw>
<status status="PASS" starttime="20200308 20:53:36.905" endtime="20200308 20:53:36.937"></status>
</kw>
<status status="PASS" starttime="20200308 20:53:36.904" endtime="20200308 20:53:36.937"></status>
</kw>
<kw name="Select Option From Dropdown List" library="misc_resources">
<doc>Example in Status from Sales Visit : Plan, Complete, Cancel</doc>
<arguments>
<arg>${CASE_TYPE_LOC}</arg>
<arg>${case_type}</arg>
</arguments>
<kw name="Click Element" library="SeleniumLibrary">
<doc>Click the element identified by ``locator``.</doc>
<arguments>
<arg>//select[@name="${search}"]/option[@value="${option_value}"]</arg>
</arguments>
<msg timestamp="20200308 20:53:36.939" level="INFO">Clicking element '//select[@name="ticket_type"]/option[@value="แจ้งซ่อม"]'.</msg>
<status status="PASS" starttime="20200308 20:53:36.938" endtime="20200308 20:53:37.006"></status>
</kw>
<status status="PASS" starttime="20200308 20:53:36.938" endtime="20200308 20:53:37.006"></status>
</kw>
<kw name="Wait Until Page Contains Element" library="SeleniumLibrary">
<doc>Waits until the element ``locator`` appears on the current page.</doc>
<arguments>
<arg>//select[@name="${CASE_TYPE_LOC}"]/option[@value="${case_type}"]</arg>
</arguments>
<status status="PASS" starttime="20200308 20:53:37.006" endtime="20200308 20:53:37.022"></status>
</kw>
<status status="PASS" starttime="20200308 20:53:36.886" endtime="20200308 20:53:37.022"></status>
</kw>
<kw name="Status">
<arguments>
<arg>${status}</arg>
</arguments>
<kw name="Get WebElements" library="SeleniumLibrary">
<doc>Returns a list of WebElement objects matching the ``locator``.</doc>
<arguments>
<arg>//select[@name="ticketstatus"]</arg>
</arguments>
<assign>
<var>${status_case}</var>
</assign>
<msg timestamp="20200308 20:53:37.044" level="INFO">${status_case} = [&lt;selenium.webdriver.remote.webelement.WebElement (session="c7c07fb1fade2b7380b39205b95499b6", element="8a9ca1f3-c103-4680-9e74-72072b873b01")&gt;]</msg>
<status status="PASS" starttime="20200308 20:53:37.023" endtime="20200308 20:53:37.044"></status>
</kw>
<kw name="${item} IN [ @{status_case} ]" type="for">
<kw name="${item} = &lt;selenium.webdriver.remote.webelement.WebElement (session=&quot;c7c07fb1fade2b7380b39205b95499b6&quot;, element=&quot;8a9ca1f3-c103-4680-9e74-72072b873b01&quot;)&gt;" type="foritem">
<kw name="Log" library="BuiltIn">
<doc>Logs the given message with the given level.</doc>
<arguments>
<arg>${item.text}</arg>
</arguments>
<msg timestamp="20200308 20:53:37.077" level="INFO">                    
                
                                                                 
                                เปิดงาน
                        
                        
                                                                    
                                ส่งต่อ
                        
                        
                                                                    
                                รับงาน
                        
                        
                                                                    
                                เช็คอิน
                        
                        
                                                                    
                                อยู่ระหว่างดำเนินการ
                        
                        
                                                                    
                                ปิดงาน
                        
                        
                                                                    
                                ยกเลิก
                        
                        
                    

                

                   </msg>
<status status="PASS" starttime="20200308 20:53:37.045" endtime="20200308 20:53:37.077"></status>
</kw>
<status status="PASS" starttime="20200308 20:53:37.044" endtime="20200308 20:53:37.077"></status>
</kw>
<status status="PASS" starttime="20200308 20:53:37.044" endtime="20200308 20:53:37.077"></status>
</kw>
<kw name="Select Option From Dropdown List" library="misc_resources">
<doc>Example in Status from Sales Visit : Plan, Complete, Cancel</doc>
<arguments>
<arg>${STATUS_LOC}</arg>
<arg>${status}</arg>
</arguments>
<kw name="Click Element" library="SeleniumLibrary">
<doc>Click the element identified by ``locator``.</doc>
<arguments>
<arg>//select[@name="${search}"]/option[@value="${option_value}"]</arg>
</arguments>
<msg timestamp="20200308 20:53:37.078" level="INFO">Clicking element '//select[@name="ticketstatus"]/option[@value="รับงาน"]'.</msg>
<status status="PASS" starttime="20200308 20:53:37.078" endtime="20200308 20:53:37.142"></status>
</kw>
<status status="PASS" starttime="20200308 20:53:37.077" endtime="20200308 20:53:37.142"></status>
</kw>
<kw name="Wait Until Page Contains Element" library="SeleniumLibrary">
<doc>Waits until the element ``locator`` appears on the current page.</doc>
<arguments>
<arg>//select[@name="${STATUS_LOC}"]/option[@value="${status}"]</arg>
</arguments>
<status status="PASS" starttime="20200308 20:53:37.142" endtime="20200308 20:53:37.156"></status>
</kw>
<status status="PASS" starttime="20200308 20:53:37.023" endtime="20200308 20:53:37.157"></status>
</kw>
<kw name="Channel">
<arguments>
<arg>${channel}</arg>
</arguments>
<kw name="Get WebElements" library="SeleniumLibrary">
<doc>Returns a list of WebElement objects matching the ``locator``.</doc>
<arguments>
<arg>//select[@name="channel"]</arg>
</arguments>
<assign>
<var>${chan}</var>
</assign>
<msg timestamp="20200308 20:53:37.173" level="INFO">${chan} = [&lt;selenium.webdriver.remote.webelement.WebElement (session="c7c07fb1fade2b7380b39205b95499b6", element="0bd7cfa3-ddd5-48b7-b577-34e7ae401542")&gt;]</msg>
<status status="PASS" starttime="20200308 20:53:37.157" endtime="20200308 20:53:37.173"></status>
</kw>
<kw name="${item} IN [ @{chan} ]" type="for">
<kw name="${item} = &lt;selenium.webdriver.remote.webelement.WebElement (session=&quot;c7c07fb1fade2b7380b39205b95499b6&quot;, element=&quot;0bd7cfa3-ddd5-48b7-b577-34e7ae401542&quot;)&gt;" type="foritem">
<kw name="Log" library="BuiltIn">
<doc>Logs the given message with the given level.</doc>
<arguments>
<arg>${item.text}</arg>
</arguments>
<msg timestamp="20200308 20:53:37.201" level="INFO">                    
                
                                                                 
                                --None--
                        
                        
                                                                    
                                E-mail
                        
                        
                                                                    
                                Call
                        
                        
                                                                    
                                Line
                        
                        
                                                                    
                                Line-Official
                        
                        
                    

                

                   </msg>
<status status="PASS" starttime="20200308 20:53:37.174" endtime="20200308 20:53:37.201"></status>
</kw>
<status status="PASS" starttime="20200308 20:53:37.174" endtime="20200308 20:53:37.202"></status>
</kw>
<status status="PASS" starttime="20200308 20:53:37.174" endtime="20200308 20:53:37.202"></status>
</kw>
<kw name="Run Keyword If" library="BuiltIn">
<doc>Runs the given keyword with the given arguments, if ``condition`` is true.</doc>
<arguments>
<arg>"${channel}"=="None"</arg>
<arg>Click Element</arg>
<arg>//select[@name="channel"]/option[@value="--${channel}--"]</arg>
<arg>ELSE IF</arg>
<arg>"${channel}"=="${EMPTY}"</arg>
<arg>Click Element</arg>
<arg>//select[@name="channel"]/option[@value="--None--"]</arg>
<arg>ELSE</arg>
<arg>Select Option From Dropdown List</arg>
<arg>${CHANNEL_LOC}</arg>
<arg>${channel}</arg>
</arguments>
<kw name="Click Element" library="SeleniumLibrary">
<doc>Click the element identified by ``locator``.</doc>
<arguments>
<arg>//select[@name="channel"]/option[@value="--None--"]</arg>
</arguments>
<msg timestamp="20200308 20:53:37.203" level="INFO">Clicking element '//select[@name="channel"]/option[@value="--None--"]'.</msg>
<status status="PASS" starttime="20200308 20:53:37.203" endtime="20200308 20:53:37.276"></status>
</kw>
<status status="PASS" starttime="20200308 20:53:37.202" endtime="20200308 20:53:37.276"></status>
</kw>
<status status="PASS" starttime="20200308 20:53:37.157" endtime="20200308 20:53:37.276"></status>
</kw>
<kw name="Account Name">
<arguments>
<arg>${account_name}</arg>
</arguments>
<kw name="Run Keyword If" library="BuiltIn">
<doc>Runs the given keyword with the given arguments, if ``condition`` is true.</doc>
<arguments>
<arg>"${account_name}"!="${EMPTY}"</arg>
<arg>Run Keywords</arg>
<arg>Scroll Down Page From The Browser</arg>
<arg>AND</arg>
<arg>Click Plus Button</arg>
<arg>${ACCOUNT_NAME_ADD_BTN}</arg>
<arg>AND</arg>
<arg>Focus New Browser Window</arg>
<arg>AND</arg>
<arg>Select Data On Basic Search Mode</arg>
<arg>${DROPDOWN_SEARCH_LOC}</arg>
<arg>${ACCOUNT_NAME_SEARCH}</arg>
<arg>${account_name}</arg>
<arg>AND</arg>
<arg>Exit New Window And Focus Main Browser</arg>
<arg>AND</arg>
<arg>Verify Added Information</arg>
<arg>${account_name}</arg>
<arg>${ACCOUNT_NAME_LABEL}</arg>
<arg>AND</arg>
<arg>Click Erase Button</arg>
<arg>${ACCOUNT_NAME_DEL_BTN}</arg>
<arg>AND</arg>
<arg>Verify Deleted Information</arg>
<arg>${ACCOUNT_NAME_LABEL}</arg>
<arg>AND</arg>
<arg>Click Plus Button</arg>
<arg>${ACCOUNT_NAME_ADD_BTN}</arg>
<arg>AND</arg>
<arg>Focus New Browser Window</arg>
<arg>AND</arg>
<arg>Select Data On Basic Search Mode</arg>
<arg>${DROPDOWN_SEARCH_LOC}</arg>
<arg>${ACCOUNT_NAME_SEARCH}</arg>
<arg>${account_name}</arg>
<arg>AND</arg>
<arg>Exit New Window And Focus Main Browser</arg>
<arg>AND</arg>
<arg>Verify Added Information</arg>
<arg>${account_name}</arg>
<arg>${ACCOUNT_NAME_LABEL}</arg>
</arguments>
<kw name="Run Keywords" library="BuiltIn">
<doc>Executes all the given keywords in a sequence.</doc>
<arguments>
<arg>Scroll Down Page From The Browser</arg>
<arg>AND</arg>
<arg>Click Plus Button</arg>
<arg>${ACCOUNT_NAME_ADD_BTN}</arg>
<arg>AND</arg>
<arg>Focus New Browser Window</arg>
<arg>AND</arg>
<arg>Select Data On Basic Search Mode</arg>
<arg>${DROPDOWN_SEARCH_LOC}</arg>
<arg>${ACCOUNT_NAME_SEARCH}</arg>
<arg>${account_name}</arg>
<arg>AND</arg>
<arg>Exit New Window And Focus Main Browser</arg>
<arg>AND</arg>
<arg>Verify Added Information</arg>
<arg>${account_name}</arg>
<arg>${ACCOUNT_NAME_LABEL}</arg>
<arg>AND</arg>
<arg>Click Erase Button</arg>
<arg>${ACCOUNT_NAME_DEL_BTN}</arg>
<arg>AND</arg>
<arg>Verify Deleted Information</arg>
<arg>${ACCOUNT_NAME_LABEL}</arg>
<arg>AND</arg>
<arg>Click Plus Button</arg>
<arg>${ACCOUNT_NAME_ADD_BTN}</arg>
<arg>AND</arg>
<arg>Focus New Browser Window</arg>
<arg>AND</arg>
<arg>Select Data On Basic Search Mode</arg>
<arg>${DROPDOWN_SEARCH_LOC}</arg>
<arg>${ACCOUNT_NAME_SEARCH}</arg>
<arg>${account_name}</arg>
<arg>AND</arg>
<arg>Exit New Window And Focus Main Browser</arg>
<arg>AND</arg>
<arg>Verify Added Information</arg>
<arg>${account_name}</arg>
<arg>${ACCOUNT_NAME_LABEL}</arg>
</arguments>
<kw name="Scroll Down Page From The Browser" library="misc_resources">
<doc>This function will perform to scroll down to bottom.</doc>
<kw name="Execute Javascript" library="SeleniumLibrary">
<doc>Executes the given JavaScript code with possible arguments.</doc>
<arguments>
<arg>window.scrollTo(0,document.body.scrollHeight)</arg>
</arguments>
<msg timestamp="20200308 20:53:37.281" level="INFO">Executing JavaScript:
window.scrollTo(0,document.body.scrollHeight)
Without any arguments.</msg>
<status status="PASS" starttime="20200308 20:53:37.281" endtime="20200308 20:53:37.295"></status>
</kw>
<status status="PASS" starttime="20200308 20:53:37.280" endtime="20200308 20:53:37.295"></status>
</kw>
<kw name="Click Plus Button" library="misc_resources">
<doc>This function is to click the "+" button</doc>
<arguments>
<arg>${ACCOUNT_NAME_ADD_BTN}</arg>
</arguments>
<kw name="Click Element" library="SeleniumLibrary">
<doc>Click the element identified by ``locator``.</doc>
<arguments>
<arg>${plus_button}</arg>
</arguments>
<msg timestamp="20200308 20:53:37.296" level="INFO">Clicking element '//tr[17]//td[4]//table[1]//tbody[1]//tr[1]//td[2]//img[1]'.</msg>
<status status="PASS" starttime="20200308 20:53:37.296" endtime="20200308 20:53:37.461"></status>
</kw>
<status status="PASS" starttime="20200308 20:53:37.295" endtime="20200308 20:53:37.462"></status>
</kw>
<kw name="Focus New Browser Window" library="misc_resources">
<doc>To focus and execute new pop-up browser window</doc>
<kw name="Switch Window" library="SeleniumLibrary">
<doc>Switches to browser window matching ``locator``.</doc>
<arguments>
<arg>NEW</arg>
</arguments>
<status status="PASS" starttime="20200308 20:53:37.463" endtime="20200308 20:53:37.476"></status>
</kw>
<status status="PASS" starttime="20200308 20:53:37.462" endtime="20200308 20:53:37.476"></status>
</kw>
<kw name="Select Data On Basic Search Mode" library="misc_resources">
<doc>This Function is to Add some data. It has a plus button and erase Button</doc>
<arguments>
<arg>${DROPDOWN_SEARCH_LOC}</arg>
<arg>${ACCOUNT_NAME_SEARCH}</arg>
<arg>${account_name}</arg>
</arguments>
<kw name="Select Option From Dropdown List" library="misc_resources">
<doc>Example in Status from Sales Visit : Plan, Complete, Cancel</doc>
<arguments>
<arg>${search}</arg>
<arg>${option_value}</arg>
</arguments>
<kw name="Click Element" library="SeleniumLibrary">
<doc>Click the element identified by ``locator``.</doc>
<arguments>
<arg>//select[@name="${search}"]/option[@value="${option_value}"]</arg>
</arguments>
<msg timestamp="20200308 20:53:37.479" level="INFO">Clicking element '//select[@name="search_field"]/option[@value="accountname"]'.</msg>
<status status="PASS" starttime="20200308 20:53:37.479" endtime="20200308 20:53:41.597"></status>
</kw>
<status status="PASS" starttime="20200308 20:53:37.478" endtime="20200308 20:53:41.597"></status>
</kw>
<kw name="Input Text To Search" library="misc_resources">
<doc>This function is to input keywords to search textbox.</doc>
<arguments>
<arg>${string_reference}</arg>
</arguments>
<kw name="Input Text" library="SeleniumLibrary">
<doc>Types the given ``text`` into the text field identified by ``locator``.</doc>
<arguments>
<arg>name:search_text</arg>
<arg>${search_text}</arg>
</arguments>
<msg timestamp="20200308 20:53:41.600" level="INFO">Typing text 'A.N.N. Service Limited Partnership' into text field 'name:search_text'.</msg>
<status status="PASS" starttime="20200308 20:53:41.599" endtime="20200308 20:53:42.021"></status>
</kw>
<status status="PASS" starttime="20200308 20:53:41.598" endtime="20200308 20:53:42.022"></status>
</kw>
<kw name="Click Search Button" library="misc_resources">
<kw name="Get Element Count" library="SeleniumLibrary">
<doc>Returns the number of elements matching ``locator``.</doc>
<arguments>
<arg>name:search</arg>
</arguments>
<assign>
<var>${xpath_search}</var>
</assign>
<msg timestamp="20200308 20:53:42.050" level="INFO">${xpath_search} = 1</msg>
<status status="PASS" starttime="20200308 20:53:42.023" endtime="20200308 20:53:42.050"></status>
</kw>
<kw name="Get Element Count" library="SeleniumLibrary">
<doc>Returns the number of elements matching ``locator``.</doc>
<arguments>
<arg>name:submit</arg>
</arguments>
<assign>
<var>${xpath_submit}</var>
</assign>
<msg timestamp="20200308 20:53:42.078" level="INFO">${xpath_submit} = 0</msg>
<status status="PASS" starttime="20200308 20:53:42.051" endtime="20200308 20:53:42.078"></status>
</kw>
<kw name="Run Keyword And Return If" library="BuiltIn">
<doc>Runs the specified keyword and returns from the enclosing user keyword.</doc>
<arguments>
<arg>${xpath_search}</arg>
<arg>Click Element</arg>
<arg>name:search</arg>
</arguments>
<kw name="Click Element" library="SeleniumLibrary">
<doc>Click the element identified by ``locator``.</doc>
<arguments>
<arg>name:search</arg>
</arguments>
<msg timestamp="20200308 20:53:42.081" level="INFO">Clicking element 'name:search'.</msg>
<status status="PASS" starttime="20200308 20:53:42.080" endtime="20200308 20:53:42.222"></status>
</kw>
<msg timestamp="20200308 20:53:42.222" level="INFO">Returning from the enclosing user keyword.</msg>
<status status="PASS" starttime="20200308 20:53:42.079" endtime="20200308 20:53:42.222"></status>
</kw>
<status status="PASS" starttime="20200308 20:53:42.022" endtime="20200308 20:53:42.223"></status>
</kw>
<kw name="Wait Until Page Contains" library="SeleniumLibrary">
<doc>Waits until ``text`` appears on the current page.</doc>
<arguments>
<arg>${string_reference}</arg>
</arguments>
<status status="PASS" starttime="20200308 20:53:42.223" endtime="20200308 20:53:42.259"></status>
</kw>
<kw name="Select The List Found" library="misc_resources">
<doc>This function is to click the link element</doc>
<arguments>
<arg>${string_reference}</arg>
</arguments>
<kw name="Wait Until Element Is Visible" library="SeleniumLibrary">
<doc>Waits until the element ``locator`` is visible.</doc>
<arguments>
<arg>//a[@href="javascript:window.close();"][contains(text(), '${found_list}')]</arg>
</arguments>
<status status="PASS" starttime="20200308 20:53:42.261" endtime="20200308 20:53:42.322"></status>
</kw>
<kw name="Sleep" library="BuiltIn">
<doc>Pauses the test executed for the given time.</doc>
<arguments>
<arg>3</arg>
</arguments>
<msg timestamp="20200308 20:53:45.324" level="INFO">Slept 3 seconds</msg>
<status status="PASS" starttime="20200308 20:53:42.322" endtime="20200308 20:53:45.325"></status>
</kw>
<kw name="Click Element" library="SeleniumLibrary">
<doc>Click the element identified by ``locator``.</doc>
<arguments>
<arg>//a[@href="javascript:window.close();"][contains(text(), '${found_list}')]</arg>
</arguments>
<msg timestamp="20200308 20:53:45.326" level="INFO">Clicking element '//a[@href="javascript:window.close();"][contains(text(), 'A.N.N. Service Limited Partnership')]'.</msg>
<status status="PASS" starttime="20200308 20:53:45.325" endtime="20200308 20:53:45.450"></status>
</kw>
<status status="PASS" starttime="20200308 20:53:42.260" endtime="20200308 20:53:45.451"></status>
</kw>
<status status="PASS" starttime="20200308 20:53:37.477" endtime="20200308 20:53:45.451"></status>
</kw>
<kw name="Exit New Window And Focus Main Browser" library="misc_resources">
<doc>To Exit pop-up browser window and go back to the main browser</doc>
<kw name="Switch Window" library="SeleniumLibrary">
<doc>Switches to browser window matching ``locator``.</doc>
<status status="PASS" starttime="20200308 20:53:45.452" endtime="20200308 20:53:45.524"></status>
</kw>
<status status="PASS" starttime="20200308 20:53:45.452" endtime="20200308 20:53:45.524"></status>
</kw>
<kw name="Verify Added Information" library="misc_resources">
<doc>This function is to check the added account name, contact name, project name.</doc>
<arguments>
<arg>${account_name}</arg>
<arg>${ACCOUNT_NAME_LABEL}</arg>
</arguments>
<kw name="Get Value" library="SeleniumLibrary">
<doc>Returns the value attribute of the element identified by ``locator``.</doc>
<arguments>
<arg>//input[@name="${variable}"]</arg>
</arguments>
<assign>
<var>${actual}</var>
</assign>
<msg timestamp="20200308 20:53:45.561" level="INFO">${actual} = A.N.N. Service Limited Partnership</msg>
<status status="PASS" starttime="20200308 20:53:45.525" endtime="20200308 20:53:45.561"></status>
</kw>
<kw name="Log" library="BuiltIn">
<doc>Logs the given message with the given level.</doc>
<arguments>
<arg>Contains text ${actual}</arg>
</arguments>
<msg timestamp="20200308 20:53:45.562" level="INFO">Contains text A.N.N. Service Limited Partnership</msg>
<status status="PASS" starttime="20200308 20:53:45.562" endtime="20200308 20:53:45.563"></status>
</kw>
<status status="PASS" starttime="20200308 20:53:45.524" endtime="20200308 20:53:45.563"></status>
</kw>
<kw name="Click Erase Button" library="misc_resources">
<doc>This function is to erase the added account name, contact name, etc. example in creating sales visit.</doc>
<arguments>
<arg>${ACCOUNT_NAME_DEL_BTN}</arg>
</arguments>
<kw name="Wait Until Element Is Visible" library="SeleniumLibrary">
<doc>Waits until the element ``locator`` is visible.</doc>
<arguments>
<arg>${account_delete}</arg>
</arguments>
<status status="PASS" starttime="20200308 20:53:45.564" endtime="20200308 20:53:45.597"></status>
</kw>
<kw name="Click Element" library="SeleniumLibrary">
<doc>Click the element identified by ``locator``.</doc>
<arguments>
<arg>${account_delete}</arg>
</arguments>
<msg timestamp="20200308 20:53:45.598" level="INFO">Clicking element '//tr[17]//td[4]//table[1]//tbody[1]//tr[1]//td[3]//input[1]'.</msg>
<status status="PASS" starttime="20200308 20:53:45.598" endtime="20200308 20:53:45.669"></status>
</kw>
<kw name="Set Selenium Timeout" library="SeleniumLibrary">
<doc>Sets the timeout that is used by various keywords.</doc>
<arguments>
<arg>5 seconds</arg>
</arguments>
<status status="PASS" starttime="20200308 20:53:45.669" endtime="20200308 20:53:45.671"></status>
</kw>
<status status="PASS" starttime="20200308 20:53:45.563" endtime="20200308 20:53:45.671"></status>
</kw>
<kw name="Verify Deleted Information" library="misc_resources">
<doc>This function is to check if successfull deleting account after clicking the erase button.</doc>
<arguments>
<arg>${ACCOUNT_NAME_LABEL}</arg>
</arguments>
<kw name="Get Value" library="SeleniumLibrary">
<doc>Returns the value attribute of the element identified by ``locator``.</doc>
<arguments>
<arg>//input[@name="${variable}"]</arg>
</arguments>
<assign>
<var>${actual}</var>
</assign>
<msg timestamp="20200308 20:53:45.698" level="INFO">${actual} = </msg>
<status status="PASS" starttime="20200308 20:53:45.672" endtime="20200308 20:53:45.698"></status>
</kw>
<kw name="Log" library="BuiltIn">
<doc>Logs the given message with the given level.</doc>
<arguments>
<arg>${actual}</arg>
</arguments>
<msg timestamp="20200308 20:53:45.699" level="INFO"></msg>
<status status="PASS" starttime="20200308 20:53:45.698" endtime="20200308 20:53:45.699"></status>
</kw>
<kw name="Should Be Empty" library="BuiltIn">
<doc>Verifies that the given item is empty.</doc>
<arguments>
<arg>${actual}</arg>
</arguments>
<msg timestamp="20200308 20:53:45.700" level="INFO">Length is 0</msg>
<status status="PASS" starttime="20200308 20:53:45.699" endtime="20200308 20:53:45.700"></status>
[...]
<arg>${account_name}</arg>
<arg>AND</arg>
<arg>Exit New Window And Focus Main Browser</arg>
<arg>AND</arg>
<arg>Verify Added Information</arg>
<arg>${account_name}</arg>
<arg>${ACCOUNT_NAME_LABEL}</arg>
</arguments>
<kw name="Run Keywords" library="BuiltIn">
<doc>Executes all the given keywords in a sequence.</doc>
<arguments>
<arg>Scroll Down Page From The Browser</arg>
<arg>AND</arg>
<arg>Click Plus Button</arg>
<arg>${ACCOUNT_NAME_ADD_BTN}</arg>
<arg>AND</arg>
<arg>Focus New Browser Window</arg>
<arg>AND</arg>
<arg>Select Data On Basic Search Mode</arg>
<arg>${DROPDOWN_SEARCH_LOC}</arg>
<arg>${ACCOUNT_NAME_SEARCH}</arg>
<arg>${account_name}</arg>
<arg>AND</arg>
<arg>Exit New Window And Focus Main Browser</arg>
<arg>AND</arg>
<arg>Verify Added Information</arg>
<arg>${account_name}</arg>
<arg>${ACCOUNT_NAME_LABEL}</arg>
<arg>AND</arg>
<arg>Click Erase Button</arg>
<arg>${ACCOUNT_NAME_DEL_BTN}</arg>
<arg>AND</arg>
<arg>Verify Deleted Information</arg>
<arg>${ACCOUNT_NAME_LABEL}</arg>
<arg>AND</arg>
<arg>Click Plus Button</arg>
<arg>${ACCOUNT_NAME_ADD_BTN}</arg>
<arg>AND</arg>
<arg>Focus New Browser Window</arg>
<arg>AND</arg>
<arg>Select Data On Basic Search Mode</arg>
<arg>${DROPDOWN_SEARCH_LOC}</arg>
<arg>${ACCOUNT_NAME_SEARCH}</arg>
<arg>${account_name}</arg>
<arg>AND</arg>
<arg>Exit New Window And Focus Main Browser</arg>
<arg>AND</arg>
<arg>Verify Added Information</arg>
<arg>${account_name}</arg>
<arg>${ACCOUNT_NAME_LABEL}</arg>
</arguments>
<kw name="Scroll Down Page From The Browser" library="misc_resources">
<doc>This function will perform to scroll down to bottom.</doc>
<kw name="Execute Javascript" library="SeleniumLibrary">
<doc>Executes the given JavaScript code with possible arguments.</doc>
<arguments>
<arg>window.scrollTo(0,document.body.scrollHeight)</arg>
</arguments>
<msg timestamp="20200308 20:56:19.173" level="INFO">Executing JavaScript:
window.scrollTo(0,document.body.scrollHeight)
Without any arguments.</msg>
<status status="PASS" starttime="20200308 20:56:19.170" endtime="20200308 20:56:19.185"></status>
</kw>
<status status="PASS" starttime="20200308 20:56:19.168" endtime="20200308 20:56:19.186"></status>
</kw>
<kw name="Click Plus Button" library="misc_resources">
<doc>This function is to click the "+" button</doc>
<arguments>
<arg>${ACCOUNT_NAME_ADD_BTN}</arg>
</arguments>
<kw name="Click Element" library="SeleniumLibrary">
<doc>Click the element identified by ``locator``.</doc>
<arguments>
<arg>${plus_button}</arg>
</arguments>
<msg timestamp="20200308 20:56:19.189" level="INFO">Clicking element '//tr[17]//td[4]//table[1]//tbody[1]//tr[1]//td[2]//img[1]'.</msg>
<status status="PASS" starttime="20200308 20:56:19.188" endtime="20200308 20:56:19.520"></status>
</kw>
<status status="PASS" starttime="20200308 20:56:19.187" endtime="20200308 20:56:19.521"></status>
</kw>
<kw name="Focus New Browser Window" library="misc_resources">
<doc>To focus and execute new pop-up browser window</doc>
<kw name="Switch Window" library="SeleniumLibrary">
<doc>Switches to browser window matching ``locator``.</doc>
<arguments>
<arg>NEW</arg>
</arguments>
<status status="PASS" starttime="20200308 20:56:19.522" endtime="20200308 20:56:19.536"></status>
</kw>
<status status="PASS" starttime="20200308 20:56:19.521" endtime="20200308 20:56:19.537"></status>
</kw>
<kw name="Select Data On Basic Search Mode" library="misc_resources">
<doc>This Function is to Add some data. It has a plus button and erase Button</doc>
<arguments>
<arg>${DROPDOWN_SEARCH_LOC}</arg>
<arg>${ACCOUNT_NAME_SEARCH}</arg>
<arg>${account_name}</arg>
</arguments>
<kw name="Select Option From Dropdown List" library="misc_resources">
<doc>Example in Status from Sales Visit : Plan, Complete, Cancel</doc>
<arguments>
<arg>${search}</arg>
<arg>${option_value}</arg>
</arguments>
<kw name="Click Element" library="SeleniumLibrary">
<doc>Click the element identified by ``locator``.</doc>
<arguments>
<arg>//select[@name="${search}"]/option[@value="${option_value}"]</arg>
</arguments>
<msg timestamp="20200308 20:56:19.540" level="INFO">Clicking element '//select[@name="search_field"]/option[@value="accountname"]'.</msg>
<status status="PASS" starttime="20200308 20:56:19.540" endtime="20200308 20:56:23.633"></status>
</kw>
<status status="PASS" starttime="20200308 20:56:19.539" endtime="20200308 20:56:23.633"></status>
</kw>
<kw name="Input Text To Search" library="misc_resources">
<doc>This function is to input keywords to search textbox.</doc>
<arguments>
<arg>${string_reference}</arg>
</arguments>
<kw name="Input Text" library="SeleniumLibrary">
<doc>Types the given ``text`` into the text field identified by ``locator``.</doc>
<arguments>
<arg>name:search_text</arg>
<arg>${search_text}</arg>
</arguments>
<msg timestamp="20200308 20:56:23.636" level="INFO">Typing text 'Arnoma Grand Bangkok' into text field 'name:search_text'.</msg>
<status status="PASS" starttime="20200308 20:56:23.635" endtime="20200308 20:56:23.858"></status>
</kw>
<status status="PASS" starttime="20200308 20:56:23.633" endtime="20200308 20:56:23.859"></status>
</kw>
<kw name="Click Search Button" library="misc_resources">
<kw name="Get Element Count" library="SeleniumLibrary">
<doc>Returns the number of elements matching ``locator``.</doc>
<arguments>
<arg>name:search</arg>
</arguments>
<assign>
<var>${xpath_search}</var>
</assign>
<msg timestamp="20200308 20:56:23.875" level="INFO">${xpath_search} = 1</msg>
<status status="PASS" starttime="20200308 20:56:23.860" endtime="20200308 20:56:23.875"></status>
</kw>
<kw name="Get Element Count" library="SeleniumLibrary">
<doc>Returns the number of elements matching ``locator``.</doc>
<arguments>
<arg>name:submit</arg>
</arguments>
<assign>
<var>${xpath_submit}</var>
</assign>
<msg timestamp="20200308 20:56:23.891" level="INFO">${xpath_submit} = 0</msg>
<status status="PASS" starttime="20200308 20:56:23.876" endtime="20200308 20:56:23.891"></status>
</kw>
<kw name="Run Keyword And Return If" library="BuiltIn">
<doc>Runs the specified keyword and returns from the enclosing user keyword.</doc>
<arguments>
<arg>${xpath_search}</arg>
<arg>Click Element</arg>
<arg>name:search</arg>
</arguments>
<kw name="Click Element" library="SeleniumLibrary">
<doc>Click the element identified by ``locator``.</doc>
<arguments>
<arg>name:search</arg>
</arguments>
<msg timestamp="20200308 20:56:23.893" level="INFO">Clicking element 'name:search'.</msg>
<status status="PASS" starttime="20200308 20:56:23.893" endtime="20200308 20:56:23.965"></status>
</kw>
<msg timestamp="20200308 20:56:23.965" level="INFO">Returning from the enclosing user keyword.</msg>
<status status="PASS" starttime="20200308 20:56:23.892" endtime="20200308 20:56:23.965"></status>
</kw>
<status status="PASS" starttime="20200308 20:56:23.859" endtime="20200308 20:56:23.965"></status>
</kw>
<kw name="Wait Until Page Contains" library="SeleniumLibrary">
<doc>Waits until ``text`` appears on the current page.</doc>
<arguments>
<arg>${string_reference}</arg>
</arguments>
<status status="PASS" starttime="20200308 20:56:23.965" endtime="20200308 20:56:23.983"></status>
</kw>
<kw name="Select The List Found" library="misc_resources">
<doc>This function is to click the link element</doc>
<arguments>
<arg>${string_reference}</arg>
</arguments>
<kw name="Wait Until Element Is Visible" library="SeleniumLibrary">
<doc>Waits until the element ``locator`` is visible.</doc>
<arguments>
<arg>//a[@href="javascript:window.close();"][contains(text(), '${found_list}')]</arg>
</arguments>
<status status="PASS" starttime="20200308 20:56:23.984" endtime="20200308 20:56:24.015"></status>
</kw>
<kw name="Sleep" library="BuiltIn">
<doc>Pauses the test executed for the given time.</doc>
<arguments>
<arg>3</arg>
</arguments>
<msg timestamp="20200308 20:56:27.017" level="INFO">Slept 3 seconds</msg>
<status status="PASS" starttime="20200308 20:56:24.016" endtime="20200308 20:56:27.017"></status>
</kw>
<kw name="Click Element" library="SeleniumLibrary">
<doc>Click the element identified by ``locator``.</doc>
<arguments>
<arg>//a[@href="javascript:window.close();"][contains(text(), '${found_list}')]</arg>
</arguments>
<msg timestamp="20200308 20:56:27.018" level="INFO">Clicking element '//a[@href="javascript:window.close();"][contains(text(), 'Arnoma Grand Bangkok')]'.</msg>
<status status="PASS" starttime="20200308 20:56:27.017" endtime="20200308 20:56:27.113"></status>
</kw>
<status status="PASS" starttime="20200308 20:56:23.983" endtime="20200308 20:56:27.113"></status>
</kw>
<status status="PASS" starttime="20200308 20:56:19.537" endtime="20200308 20:56:27.113"></status>
</kw>
<kw name="Exit New Window And Focus Main Browser" library="misc_resources">
<doc>To Exit pop-up browser window and go back to the main browser</doc>
<kw name="Switch Window" library="SeleniumLibrary">
<doc>Switches to browser window matching ``locator``.</doc>
<status status="PASS" starttime="20200308 20:56:27.115" endtime="20200308 20:56:27.152"></status>
</kw>
<status status="PASS" starttime="20200308 20:56:27.114" endtime="20200308 20:56:27.152"></status>
</kw>
<kw name="Verify Added Information" library="misc_resources">
<doc>This function is to check the added account name, contact name, project name.</doc>
<arguments>
<arg>${account_name}</arg>
<arg>${ACCOUNT_NAME_LABEL}</arg>
</arguments>
<kw name="Get Value" library="SeleniumLibrary">
<doc>Returns the value attribute of the element identified by ``locator``.</doc>
<arguments>
<arg>//input[@name="${variable}"]</arg>
</arguments>
<assign>
<var>${actual}</var>
</assign>
<msg timestamp="20200308 20:56:27.189" level="INFO">${actual} = Arnoma Grand Bangkok</msg>
<status status="PASS" starttime="20200308 20:56:27.154" endtime="20200308 20:56:27.189"></status>
</kw>
<kw name="Log" library="BuiltIn">
<doc>Logs the given message with the given level.</doc>
<arguments>
<arg>Contains text ${actual}</arg>
</arguments>
<msg timestamp="20200308 20:56:27.190" level="INFO">Contains text Arnoma Grand Bangkok</msg>
<status status="PASS" starttime="20200308 20:56:27.189" endtime="20200308 20:56:27.190"></status>
</kw>
<status status="PASS" starttime="20200308 20:56:27.153" endtime="20200308 20:56:27.190"></status>
</kw>
<kw name="Click Erase Button" library="misc_resources">
<doc>This function is to erase the added account name, contact name, etc. example in creating sales visit.</doc>
<arguments>
<arg>${ACCOUNT_NAME_DEL_BTN}</arg>
</arguments>
<kw name="Wait Until Element Is Visible" library="SeleniumLibrary">
<doc>Waits until the element ``locator`` is visible.</doc>
<arguments>
<arg>${account_delete}</arg>
</arguments>
<status status="PASS" starttime="20200308 20:56:27.191" endtime="20200308 20:56:27.230"></status>
</kw>
<kw name="Click Element" library="SeleniumLibrary">
<doc>Click the element identified by ``locator``.</doc>
<arguments>
<arg>${account_delete}</arg>
</arguments>
<msg timestamp="20200308 20:56:27.231" level="INFO">Clicking element '//tr[17]//td[4]//table[1]//tbody[1]//tr[1]//td[3]//input[1]'.</msg>
<status status="PASS" starttime="20200308 20:56:27.230" endtime="20200308 20:56:27.324"></status>
</kw>
<kw name="Set Selenium Timeout" library="SeleniumLibrary">
<doc>Sets the timeout that is used by various keywords.</doc>
<arguments>
<arg>5 seconds</arg>
</arguments>
<status status="PASS" starttime="20200308 20:56:27.324" endtime="20200308 20:56:27.327"></status>
</kw>
<status status="PASS" starttime="20200308 20:56:27.190" endtime="20200308 20:56:27.327"></status>
</kw>
<kw name="Verify Deleted Information" library="misc_resources">
<doc>This function is to check if successfull deleting account after clicking the erase button.</doc>
<arguments>
<arg>${ACCOUNT_NAME_LABEL}</arg>
</arguments>
<kw name="Get Value" library="SeleniumLibrary">
<doc>Returns the value attribute of the element identified by ``locator``.</doc>
<arguments>
<arg>//input[@name="${variable}"]</arg>
</arguments>
<assign>
<var>${actual}</var>
</assign>
<msg timestamp="20200308 20:56:27.355" level="INFO">${actual} = </msg>
<status status="PASS" starttime="20200308 20:56:27.329" endtime="20200308 20:56:27.356"></status>
</kw>
<kw name="Log" library="BuiltIn">
<doc>Logs the given message with the given level.</doc>
<arguments>
<arg>${actual}</arg>
</arguments>
<msg timestamp="20200308 20:56:27.356" level="INFO"></msg>
<status status="PASS" starttime="20200308 20:56:27.356" endtime="20200308 20:56:27.357"></status>
</kw>
<kw name="Should Be Empty" library="BuiltIn">
<doc>Verifies that the given item is empty.</doc>
<arguments>
<arg>${actual}</arg>
</arguments>
<msg timestamp="20200308 20:56:27.357" level="INFO">Length is 0</msg>
<status status="PASS" starttime="20200308 20:56:27.357" endtime="20200308 20:56:27.357"></status>
</kw>
<status status="PASS" starttime="20200308 20:56:27.327" endtime="20200308 20:56:27.358"></status>
</kw>
<kw name="Click Plus Button" library="misc_resources">
<doc>This function is to click the "+" button</doc>
<arguments>
<arg>${ACCOUNT_NAME_ADD_BTN}</arg>
</arguments>
<kw name="Click Element" library="SeleniumLibrary">
<doc>Click the element identified by ``locator``.</doc>
<arguments>
<arg>${plus_button}</arg>
</arguments>
<msg timestamp="20200308 20:56:27.360" level="INFO">Clicking element '//tr[17]//td[4]//table[1]//tbody[1]//tr[1]//td[2]//img[1]'.</msg>
<status status="PASS" starttime="20200308 20:56:27.360" endtime="20200308 20:56:27.504"></status>
</kw>
<status status="PASS" starttime="20200308 20:56:27.358" endtime="20200308 20:56:27.504"></status>
</kw>
<kw name="Focus New Browser Window" library="misc_resources">
<doc>To focus and execute new pop-up browser window</doc>
<kw name="Switch Window" library="SeleniumLibrary">
<doc>Switches to browser window matching ``locator``.</doc>
<arguments>
<arg>NEW</arg>
</arguments>
<status status="PASS" starttime="20200308 20:56:27.504" endtime="20200308 20:56:27.520"></status>
</kw>
<status status="PASS" starttime="20200308 20:56:27.504" endtime="20200308 20:56:27.520"></status>
</kw>
<kw name="Select Data On Basic Search Mode" library="misc_resources">
<doc>This Function is to Add some data. It has a plus button and erase Button</doc>
<arguments>
<arg>${DROPDOWN_SEARCH_LOC}</arg>
<arg>${ACCOUNT_NAME_SEARCH}</arg>
<arg>${account_name}</arg>
</arguments>
<kw name="Select Option From Dropdown List" library="misc_resources">
<doc>Example in Status from Sales Visit : Plan, Complete, Cancel</doc>
<arguments>
<arg>${search}</arg>
<arg>${option_value}</arg>
</arguments>
<kw name="Click Element" library="SeleniumLibrary">
<doc>Click the element identified by ``locator``.</doc>
<arguments>
<arg>//select[@name="${search}"]/option[@value="${option_value}"]</arg>
</arguments>
<msg timestamp="20200308 20:56:27.523" level="INFO">Clicking element '//select[@name="search_field"]/option[@value="accountname"]'.</msg>
<status status="PASS" starttime="20200308 20:56:27.523" endtime="20200308 20:56:31.673"></status>
</kw>
<status status="PASS" starttime="20200308 20:56:27.521" endtime="20200308 20:56:31.674"></status>
</kw>
<kw name="Input Text To Search" library="misc_resources">
<doc>This function is to input keywords to search textbox.</doc>
<arguments>
<arg>${string_reference}</arg>
</arguments>
<kw name="Input Text" library="SeleniumLibrary">
<doc>Types the given ``text`` into the text field identified by ``locator``.</doc>
<arguments>
<arg>name:search_text</arg>
<arg>${search_text}</arg>
</arguments>
<msg timestamp="20200308 20:56:31.678" level="INFO">Typing text 'Arnoma Grand Bangkok' into text field 'name:search_text'.</msg>
<status status="PASS" starttime="20200308 20:56:31.676" endtime="20200308 20:56:32.261"></status>
</kw>
<status status="PASS" starttime="20200308 20:56:31.674" endtime="20200308 20:56:32.262"></status>
</kw>
<kw name="Click Search Button" library="misc_resources">
<kw name="Get Element Count" library="SeleniumLibrary">
<doc>Returns the number of elements matching ``locator``.</doc>
<arguments>
<arg>name:search</arg>
</arguments>
<assign>
<var>${xpath_search}</var>
</assign>
<msg timestamp="20200308 20:56:32.291" level="INFO">${xpath_search} = 1</msg>
<status status="PASS" starttime="20200308 20:56:32.264" endtime="20200308 20:56:32.291"></status>
</kw>
<kw name="Get Element Count" library="SeleniumLibrary">
<doc>Returns the number of elements matching ``locator``.</doc>
<arguments>
<arg>name:submit</arg>
</arguments>
<assign>
<var>${xpath_submit}</var>
</assign>
<msg timestamp="20200308 20:56:32.315" level="INFO">${xpath_submit} = 0</msg>
<status status="PASS" starttime="20200308 20:56:32.292" endtime="20200308 20:56:32.315"></status>
</kw>
<kw name="Run Keyword And Return If" library="BuiltIn">
<doc>Runs the specified keyword and returns from the enclosing user keyword.</doc>
<arguments>
<arg>${xpath_search}</arg>
<arg>Click Element</arg>
<arg>name:search</arg>
</arguments>
<kw name="Click Element" library="SeleniumLibrary">
<doc>Click the element identified by ``locator``.</doc>
<arguments>
<arg>name:search</arg>
</arguments>
<msg timestamp="20200308 20:56:32.318" level="INFO">Clicking element 'name:search'.</msg>
<status status="PASS" starttime="20200308 20:56:32.318" endtime="20200308 20:56:32.486"></status>
</kw>
<msg timestamp="20200308 20:56:32.486" level="INFO">Returning from the enclosing user keyword.</msg>
<status status="PASS" starttime="20200308 20:56:32.316" endtime="20200308 20:56:32.486"></status>
</kw>
<status status="PASS" starttime="20200308 20:56:32.262" endtime="20200308 20:56:32.487"></status>
</kw>
<kw name="Wait Until Page Contains" library="SeleniumLibrary">
<doc>Waits until ``text`` appears on the current page.</doc>
<arguments>
<arg>${string_reference}</arg>
</arguments>
<status status="PASS" starttime="20200308 20:56:32.487" endtime="20200308 20:56:32.501"></status>
</kw>
<kw name="Select The List Found" library="misc_resources">
<doc>This function is to click the link element</doc>
<arguments>
<arg>${string_reference}</arg>
</arguments>
<kw name="Wait Until Element Is Visible" library="SeleniumLibrary">
<doc>Waits until the element ``locator`` is visible.</doc>
<arguments>
<arg>//a[@href="javascript:window.close();"][contains(text(), '${found_list}')]</arg>
</arguments>
<status status="PASS" starttime="20200308 20:56:32.502" endtime="20200308 20:56:32.532"></status>
</kw>
<kw name="Sleep" library="BuiltIn">
<doc>Pauses the test executed for the given time.</doc>
<arguments>
<arg>3</arg>
</arguments>
<status status="FAIL" starttime="20200308 20:56:32.533" endtime="20200308 20:56:33.882"></status>
</kw>
<status status="FAIL" starttime="20200308 20:56:32.501" endtime="20200308 20:56:33.882"></status>
</kw>
<status status="FAIL" starttime="20200308 20:56:27.520" endtime="20200308 20:56:33.883"></status>
</kw>
<status status="FAIL" starttime="20200308 20:56:19.166" endtime="20200308 20:56:33.883"></status>
</kw>
<status status="FAIL" starttime="20200308 20:56:19.164" endtime="20200308 20:56:33.883"></status>
</kw>
<status status="FAIL" starttime="20200308 20:56:19.163" endtime="20200308 20:56:33.883"></status>
</kw>
<status status="FAIL" starttime="20200308 20:56:17.996" endtime="20200308 20:56:33.884"></status>
</kw>
<status status="FAIL" starttime="20200308 20:56:17.994" endtime="20200308 20:56:33.884"></status>
</kw>
<status status="FAIL" starttime="20200308 20:56:15.103" endtime="20200308 20:56:33.884"></status>
</kw>
<status status="FAIL" starttime="20200308 20:53:32.667" endtime="20200308 20:56:33.884"></status>
</kw>
<status status="FAIL" starttime="20200308 20:53:32.659" endtime="20200308 20:56:33.885"></status>
</kw>
<status status="FAIL" starttime="20200308 20:53:32.658" endtime="20200308 20:56:33.888" critical="yes">Execution terminated by signal</status>
</test>
<kw name="Close Browser" library="SeleniumLibrary" type="teardown">
<doc>Closes the current browser.</doc>
<errors>
<msg timestamp="20200308 20:56:39.928" level="ERROR">Execution stopped by user.</msg>
</errors>
</robot>
