<?xml version="1.0" encoding="UTF-8"?>
<robot generator="Robot 3.1.2 (Python 3.7.6 on win32)" generated="20200113 10:26:16.093" rpa="false">
<suite id="s1" name="Browser Version" source="C:\Users\ruela\Documents\Robot Files\robot_scripts\AISCRM\resources\browser_version.robot">
<test id="s1-t1" name="Get the browser">
<kw name="${VERSION} = Get Browser Version">
<msg timestamp="20200113 10:26:16.141" level="FAIL">No keyword with name '${VERSION} = Get Browser Version' found.</msg>
<status status="FAIL" starttime="20200113 10:26:16.141" endtime="20200113 10:26:16.142"></status>
</kw>
<status status="FAIL" starttime="20200113 10:26:16.140" endtime="20200113 10:26:16.142" critical="yes">No keyword with name '${VERSION} = Get Browser Version' found.</status>
</test>
<status status="FAIL" starttime="20200113 10:26:16.093" endtime="20200113 10:26:16.144"></status>
</suite>
<statistics>
<total>
<stat pass="0" fail="1">Critical Tests</stat>
<stat pass="0" fail="1">All Tests</stat>
</total>
<tag>
</tag>
<suite>
<stat pass="0" fail="1" id="s1" name="Browser Version">Browser Version</stat>
</suite>
</statistics>
<errors>
<msg timestamp="20200113 10:26:16.109" level="ERROR">Error in file 'C:\Users\ruela\Documents\Robot Files\robot_scripts\AISCRM\resources\browser_version.robot': Importing test library 'C:\Users\ruela\Documents\Robot Files\robot_scripts\AISCRM\resources\browser_version.py' failed: IndentationError: expected an indented block (browser_version.py, line 16)
Traceback (most recent call last):
  None
PYTHONPATH:
  C:\Users\ruela\Documents\Robot Files\robot_scripts\AISCRM\resources
  C:\Program Files (x86)\Python37-32\python37.zip
  C:\Program Files (x86)\Python37-32\DLLs
  C:\Program Files (x86)\Python37-32\lib
  C:\Program Files (x86)\Python37-32
  C:\Program Files (x86)\Python37-32\lib\site-packages
  C:\Program Files (x86)\Python37-32\lib\site-packages\win32
  C:\Program Files (x86)\Python37-32\lib\site-packages\win32\lib
  C:\Program Files (x86)\Python37-32\lib\site-packages\Pythonwin</msg>
</errors>
</robot>
